# JRE version: OpenJDK Runtime Environment (8.0_242-b08) (build 1.8.0_242-b08)
# Java VM: OpenJDK 64-Bit Server VM (25.242-b08 mixed mode linux-amd64 compressed oops)
Heap:
 def new generation   total 14912K, used 12252K [0x00000000f0a00000, 0x00000000f1a20000, 0x00000000f5c00000)
  eden space 13312K,  80% used [0x00000000f0a00000, 0x00000000f1467468, 0x00000000f1700000)
  from space 1600K,  99% used [0x00000000f1700000, 0x00000000f188ff70, 0x00000000f1890000)
  to   space 1600K,   0% used [0x00000000f1890000, 0x00000000f1890000, 0x00000000f1a20000)
 tenured generation   total 32968K, used 24009K [0x00000000f5c00000, 0x00000000f7c32000, 0x0000000100000000)
   the space 32968K,  72% used [0x00000000f5c00000, 0x00000000f73725a0, 0x00000000f7372600, 0x00000000f7c32000)
 Metaspace       used 62190K, capacity 65548K, committed 65664K, reserved 1105920K
  class space    used 8401K, capacity 8994K, committed 9088K, reserved 1048576K
GC Heap History (250 events):
Event: 1.456 GC heap before
{Heap before GC invocations=9 (full 0):
 def new generation   total 4928K, used 4927K [0x00000000f0a00000, 0x00000000f0f50000, 0x00000000f5c00000)
  eden space 4416K, 100% used [0x00000000f0a00000, 0x00000000f0e50000, 0x00000000f0e50000)
  from space 512K,  99% used [0x00000000f0ed0000, 0x00000000f0f4fff8, 0x00000000f0f50000)
  to   space 512K,   0% used [0x00000000f0e50000, 0x00000000f0e50000, 0x00000000f0ed0000)
 tenured generation   total 10944K, used 2687K [0x00000000f5c00000, 0x00000000f66b0000, 0x0000000100000000)
   the space 10944K,  24% used [0x00000000f5c00000, 0x00000000f5e9ffe8, 0x00000000f5ea0000, 0x00000000f66b0000)
 Metaspace       used 11388K, capacity 12278K, committed 12544K, reserved 1060864K
  class space    used 1315K, capacity 1506K, committed 1536K, reserved 1048576K
Event: 1.458 GC heap after
Heap after GC invocations=10 (full 0):
 def new generation   total 4928K, used 422K [0x00000000f0a00000, 0x00000000f0f50000, 0x00000000f5c00000)
  eden space 4416K,   0% used [0x00000000f0a00000, 0x00000000f0a00000, 0x00000000f0e50000)
  from space 512K,  82% used [0x00000000f0e50000, 0x00000000f0eb9ae0, 0x00000000f0ed0000)
  to   space 512K,   0% used [0x00000000f0ed0000, 0x00000000f0ed0000, 0x00000000f0f50000)
 tenured generation   total 10944K, used 2949K [0x00000000f5c00000, 0x00000000f66b0000, 0x0000000100000000)
   the space 10944K,  26% used [0x00000000f5c00000, 0x00000000f5ee15c8, 0x00000000f5ee1600, 0x00000000f66b0000)
 Metaspace       used 11388K, capacity 12278K, committed 12544K, reserved 1060864K
  class space    used 1315K, capacity 1506K, committed 1536K, reserved 1048576K
}
Event: 1.536 GC heap before
{Heap before GC invocations=10 (full 0):
 def new generation   total 4928K, used 4838K [0x00000000f0a00000, 0x00000000f0f50000, 0x00000000f5c00000)
  eden space 4416K, 100% used [0x00000000f0a00000, 0x00000000f0e50000, 0x00000000f0e50000)
  from space 512K,  82% used [0x00000000f0e50000, 0x00000000f0eb9ae0, 0x00000000f0ed0000)
  to   space 512K,   0% used [0x00000000f0ed0000, 0x00000000f0ed0000, 0x00000000f0f50000)
 tenured generation   total 10944K, used 2949K [0x00000000f5c00000, 0x00000000f66b0000, 0x0000000100000000)
   the space 10944K,  26% used [0x00000000f5c00000, 0x00000000f5ee15c8, 0x00000000f5ee1600, 0x00000000f66b0000)
 Metaspace       used 11671K, capacity 12506K, committed 12672K, reserved 1060864K
  class space    used 1352K, capacity 1540K, committed 1664K, reserved 1048576K
Event: 1.538 GC heap after
Heap after GC invocations=11 (full 0):
 def new generation   total 4928K, used 419K [0x00000000f0a00000, 0x00000000f0f50000, 0x00000000f5c00000)
  eden space 4416K,   0% used [0x00000000f0a00000, 0x00000000f0a00000, 0x00000000f0e50000)
  from space 512K,  81% used [0x00000000f0ed0000, 0x00000000f0f38ed8, 0x00000000f0f50000)
  to   space 512K,   0% used [0x00000000f0e50000, 0x00000000f0e50000, 0x00000000f0ed0000)
 tenured generation   total 10944K, used 3069K [0x00000000f5c00000, 0x00000000f66b0000, 0x0000000100000000)
   the space 10944K,  28% used [0x00000000f5c00000, 0x00000000f5eff488, 0x00000000f5eff600, 0x00000000f66b0000)
 Metaspace       used 11671K, capacity 12506K, committed 12672K, reserved 1060864K
  class space    used 1352K, capacity 1540K, committed 1664K, reserved 1048576K
}
Event: 1.601 GC heap before
{Heap before GC invocations=11 (full 0):
 def new generation   total 4928K, used 4835K [0x00000000f0a00000, 0x00000000f0f50000, 0x00000000f5c00000)
  eden space 4416K, 100% used [0x00000000f0a00000, 0x00000000f0e50000, 0x00000000f0e50000)
  from space 512K,  81% used [0x00000000f0ed0000, 0x00000000f0f38ed8, 0x00000000f0f50000)
  to   space 512K,   0% used [0x00000000f0e50000, 0x00000000f0e50000, 0x00000000f0ed0000)
 tenured generation   total 10944K, used 3069K [0x00000000f5c00000, 0x00000000f66b0000, 0x0000000100000000)
   the space 10944K,  28% used [0x00000000f5c00000, 0x00000000f5eff488, 0x00000000f5eff600, 0x00000000f66b0000)
 Metaspace       used 11942K, capacity 12830K, committed 12928K, reserved 1060864K
  class space    used 1395K, capacity 1618K, committed 1664K, reserved 1048576K
Event: 1.602 GC heap after
Heap after GC invocations=12 (full 0):
 def new generation   total 4928K, used 316K [0x00000000f0a00000, 0x00000000f0f50000, 0x00000000f5c00000)
  eden space 4416K,   0% used [0x00000000f0a00000, 0x00000000f0a00000, 0x00000000f0e50000)
  from space 512K,  61% used [0x00000000f0e50000, 0x00000000f0e9f290, 0x00000000f0ed0000)
  to   space 512K,   0% used [0x00000000f0ed0000, 0x00000000f0ed0000, 0x00000000f0f50000)
 tenured generation   total 10944K, used 3214K [0x00000000f5c00000, 0x00000000f66b0000, 0x0000000100000000)
   the space 10944K,  29% used [0x00000000f5c00000, 0x00000000f5f23bc8, 0x00000000f5f23c00, 0x00000000f66b0000)
 Metaspace       used 11942K, capacity 12830K, committed 12928K, reserved 1060864K
  class space    used 1395K, capacity 1618K, committed 1664K, reserved 1048576K
}
Event: 1.664 GC heap before
{Heap before GC invocations=12 (full 0):
 def new generation   total 4928K, used 4732K [0x00000000f0a00000, 0x00000000f0f50000, 0x00000000f5c00000)
  eden space 4416K, 100% used [0x00000000f0a00000, 0x00000000f0e50000, 0x00000000f0e50000)
  from space 512K,  61% used [0x00000000f0e50000, 0x00000000f0e9f290, 0x00000000f0ed0000)
  to   space 512K,   0% used [0x00000000f0ed0000, 0x00000000f0ed0000, 0x00000000f0f50000)
 tenured generation   total 10944K, used 3214K [0x00000000f5c00000, 0x00000000f66b0000, 0x0000000100000000)
   the space 10944K,  29% used [0x00000000f5c00000, 0x00000000f5f23bc8, 0x00000000f5f23c00, 0x00000000f66b0000)
 Metaspace       used 12628K, capacity 13578K, committed 13824K, reserved 1060864K
  class space    used 1468K, capacity 1692K, committed 1792K, reserved 1048576K
Event: 1.665 GC heap after
Heap after GC invocations=13 (full 0):
 def new generation   total 4928K, used 425K [0x00000000f0a00000, 0x00000000f0f50000, 0x00000000f5c00000)
  eden space 4416K,   0% used [0x00000000f0a00000, 0x00000000f0a00000, 0x00000000f0e50000)
  from space 512K,  83% used [0x00000000f0ed0000, 0x00000000f0f3a618, 0x00000000f0f50000)
  to   space 512K,   0% used [0x00000000f0e50000, 0x00000000f0e50000, 0x00000000f0ed0000)
 tenured generation   total 10944K, used 3307K [0x00000000f5c00000, 0x00000000f66b0000, 0x0000000100000000)
   the space 10944K,  30% used [0x00000000f5c00000, 0x00000000f5f3add0, 0x00000000f5f3ae00, 0x00000000f66b0000)
 Metaspace       used 12628K, capacity 13578K, committed 13824K, reserved 1060864K
  class space    used 1468K, capacity 1692K, committed 1792K, reserved 1048576K
}
Event: 1.756 GC heap before
{Heap before GC invocations=13 (full 0):
 def new generation   total 4928K, used 4841K [0x00000000f0a00000, 0x00000000f0f50000, 0x00000000f5c00000)
  eden space 4416K, 100% used [0x00000000f0a00000, 0x00000000f0e50000, 0x00000000f0e50000)
  from space 512K,  83% used [0x00000000f0ed0000, 0x00000000f0f3a618, 0x00000000f0f50000)
  to   space 512K,   0% used [0x00000000f0e50000, 0x00000000f0e50000, 0x00000000f0ed0000)
 tenured generation   total 10944K, used 3307K [0x00000000f5c00000, 0x00000000f66b0000, 0x0000000100000000)
   the space 10944K,  30% used [0x00000000f5c00000, 0x00000000f5f3add0, 0x00000000f5f3ae00, 0x00000000f66b0000)
 Metaspace       used 12994K, capacity 13962K, committed 14080K, reserved 1060864K
  class space    used 1523K, capacity 1732K, committed 1792K, reserved 1048576K
Event: 1.757 GC heap after
Heap after GC invocations=14 (full 0):
 def new generation   total 4928K, used 422K [0x00000000f0a00000, 0x00000000f0f50000, 0x00000000f5c00000)
  eden space 4416K,   0% used [0x00000000f0a00000, 0x00000000f0a00000, 0x00000000f0e50000)
  from space 512K,  82% used [0x00000000f0e50000, 0x00000000f0eb98b8, 0x00000000f0ed0000)
  to   space 512K,   0% used [0x00000000f0ed0000, 0x00000000f0ed0000, 0x00000000f0f50000)
 tenured generation   total 10944K, used 3402K [0x00000000f5c00000, 0x00000000f66b0000, 0x0000000100000000)
   the space 10944K,  31% used [0x00000000f5c00000, 0x00000000f5f52a80, 0x00000000f5f52c00, 0x00000000f66b0000)
 Metaspace       used 12994K, capacity 13962K, committed 14080K, reserved 1060864K
  class space    used 1523K, capacity 1732K, committed 1792K, reserved 1048576K
}
Event: 1.789 GC heap before
{Heap before GC invocations=14 (full 0):
 def new generation   total 4928K, used 4838K [0x00000000f0a00000, 0x00000000f0f50000, 0x00000000f5c00000)
  eden space 4416K, 100% used [0x00000000f0a00000, 0x00000000f0e50000, 0x00000000f0e50000)
  from space 512K,  82% used [0x00000000f0e50000, 0x00000000f0eb98b8, 0x00000000f0ed0000)
  to   space 512K,   0% used [0x00000000f0ed0000, 0x00000000f0ed0000, 0x00000000f0f50000)
 tenured generation   total 10944K, used 3402K [0x00000000f5c00000, 0x00000000f66b0000, 0x0000000100000000)
   the space 10944K,  31% used [0x00000000f5c00000, 0x00000000f5f52a80, 0x00000000f5f52c00, 0x00000000f66b0000)
 Metaspace       used 13263K, capacity 14126K, committed 14336K, reserved 1062912K
  class space    used 1570K, capacity 1766K, committed 1792K, reserved 1048576K
Event: 1.791 GC heap after
Heap after GC invocations=15 (full 0):
 def new generation   total 4928K, used 306K [0x00000000f0a00000, 0x00000000f0f50000, 0x00000000f5c00000)
  eden space 4416K,   0% used [0x00000000f0a00000, 0x00000000f0a00000, 0x00000000f0e50000)
  from space 512K,  59% used [0x00000000f0ed0000, 0x00000000f0f1cbe8, 0x00000000f0f50000)
  to   space 512K,   0% used [0x00000000f0e50000, 0x00000000f0e50000, 0x00000000f0ed0000)
 tenured generation   total 10944K, used 3532K [0x00000000f5c00000, 0x00000000f66b0000, 0x0000000100000000)
   the space 10944K,  32% used [0x00000000f5c00000, 0x00000000f5f73380, 0x00000000f5f73400, 0x00000000f66b0000)
 Metaspace       used 13263K, capacity 14126K, committed 14336K, reserved 1062912K
  class space    used 1570K, capacity 1766K, committed 1792K, reserved 1048576K
}
Event: 1.881 GC heap before
{Heap before GC invocations=15 (full 0):
 def new generation   total 4928K, used 4722K [0x00000000f0a00000, 0x00000000f0f50000, 0x00000000f5c00000)
  eden space 4416K, 100% used [0x00000000f0a00000, 0x00000000f0e50000, 0x00000000f0e50000)
  from space 512K,  59% used [0x00000000f0ed0000, 0x00000000f0f1cbe8, 0x00000000f0f50000)
  to   space 512K,   0% used [0x00000000f0e50000, 0x00000000f0e50000, 0x00000000f0ed0000)
 tenured generation   total 10944K, used 3532K [0x00000000f5c00000, 0x00000000f66b0000, 0x0000000100000000)
   the space 10944K,  32% used [0x00000000f5c00000, 0x00000000f5f73380, 0x00000000f5f73400, 0x00000000f66b0000)
 Metaspace       used 14174K, capacity 15154K, committed 15488K, reserved 1062912K
  class space    used 1662K, capacity 1870K, committed 1920K, reserved 1048576K
Event: 1.883 GC heap after
Heap after GC invocations=16 (full 0):
 def new generation   total 4928K, used 431K [0x00000000f0a00000, 0x00000000f0f50000, 0x00000000f5c00000)
  eden space 4416K,   0% used [0x00000000f0a00000, 0x00000000f0a00000, 0x00000000f0e50000)
  from space 512K,  84% used [0x00000000f0e50000, 0x00000000f0ebbde0, 0x00000000f0ed0000)
  to   space 512K,   0% used [0x00000000f0ed0000, 0x00000000f0ed0000, 0x00000000f0f50000)
 tenured generation   total 10944K, used 3606K [0x00000000f5c00000, 0x00000000f66b0000, 0x0000000100000000)
   the space 10944K,  32% used [0x00000000f5c00000, 0x00000000f5f85918, 0x00000000f5f85a00, 0x00000000f66b0000)
 Metaspace       used 14174K, capacity 15154K, committed 15488K, reserved 1062912K
  class space    used 1662K, capacity 1870K, committed 1920K, reserved 1048576K
}
Event: 1.934 GC heap before
{Heap before GC invocations=16 (full 0):
 def new generation   total 4928K, used 4847K [0x00000000f0a00000, 0x00000000f0f50000, 0x00000000f5c00000)
  eden space 4416K, 100% used [0x00000000f0a00000, 0x00000000f0e50000, 0x00000000f0e50000)
  from space 512K,  84% used [0x00000000f0e50000, 0x00000000f0ebbde0, 0x00000000f0ed0000)
  to   space 512K,   0% used [0x00000000f0ed0000, 0x00000000f0ed0000, 0x00000000f0f50000)
 tenured generation   total 10944K, used 3606K [0x00000000f5c00000, 0x00000000f66b0000, 0x0000000100000000)
   the space 10944K,  32% used [0x00000000f5c00000, 0x00000000f5f85918, 0x00000000f5f85a00, 0x00000000f66b0000)
 Metaspace       used 14461K, capacity 15434K, committed 15616K, reserved 1062912K
  class space    used 1702K, capacity 1938K, committed 2048K, reserved 1048576K
Event: 1.936 GC heap after
Heap after GC invocations=17 (full 0):
 def new generation   total 4928K, used 361K [0x00000000f0a00000, 0x00000000f0f50000, 0x00000000f5c00000)
  eden space 4416K,   0% used [0x00000000f0a00000, 0x00000000f0a00000, 0x00000000f0e50000)
  from space 512K,  70% used [0x00000000f0ed0000, 0x00000000f0f2a410, 0x00000000f0f50000)
  to   space 512K,   0% used [0x00000000f0e50000, 0x00000000f0e50000, 0x00000000f0ed0000)
 tenured generation   total 10944K, used 3799K [0x00000000f5c00000, 0x00000000f66b0000, 0x0000000100000000)
   the space 10944K,  34% used [0x00000000f5c00000, 0x00000000f5fb5fa8, 0x00000000f5fb6000, 0x00000000f66b0000)
 Metaspace       used 14461K, capacity 15434K, committed 15616K, reserved 1062912K
  class space    used 1702K, capacity 1938K, committed 2048K, reserved 1048576K
}
Event: 2.073 GC heap before
{Heap before GC invocations=17 (full 0):
 def new generation   total 4928K, used 4777K [0x00000000f0a00000, 0x00000000f0f50000, 0x00000000f5c00000)
  eden space 4416K, 100% used [0x00000000f0a00000, 0x00000000f0e50000, 0x00000000f0e50000)
  from space 512K,  70% used [0x00000000f0ed0000, 0x00000000f0f2a410, 0x00000000f0f50000)
  to   space 512K,   0% used [0x00000000f0e50000, 0x00000000f0e50000, 0x00000000f0ed0000)
 tenured generation   total 10944K, used 3799K [0x00000000f5c00000, 0x00000000f66b0000, 0x0000000100000000)
   the space 10944K,  34% used [0x00000000f5c00000, 0x00000000f5fb5fa8, 0x00000000f5fb6000, 0x00000000f66b0000)
 Metaspace       used 14797K, capacity 15778K, committed 15872K, reserved 1062912K
  class space    used 1749K, capacity 1984K, committed 2048K, reserved 1048576K
Event: 2.075 GC heap after
Heap after GC invocations=18 (full 0):
 def new generation   total 4928K, used 363K [0x00000000f0a00000, 0x00000000f0f50000, 0x00000000f5c00000)
  eden space 4416K,   0% used [0x00000000f0a00000, 0x00000000f0a00000, 0x00000000f0e50000)
  from space 512K,  70% used [0x00000000f0e50000, 0x00000000f0eaac88, 0x00000000f0ed0000)
  to   space 512K,   0% used [0x00000000f0ed0000, 0x00000000f0ed0000, 0x00000000f0f50000)
 tenured generation   total 10944K, used 3903K [0x00000000f5c00000, 0x00000000f66b0000, 0x0000000100000000)
   the space 10944K,  35% used [0x00000000f5c00000, 0x00000000f5fcfec0, 0x00000000f5fd0000, 0x00000000f66b0000)
 Metaspace       used 14797K, capacity 15778K, committed 15872K, reserved 1062912K
  class space    used 1749K, capacity 1984K, committed 2048K, reserved 1048576K
}
Event: 2.135 GC heap before
{Heap before GC invocations=18 (full 0):
 def new generation   total 4928K, used 4779K [0x00000000f0a00000, 0x00000000f0f50000, 0x00000000f5c00000)
  eden space 4416K, 100% used [0x00000000f0a00000, 0x00000000f0e50000, 0x00000000f0e50000)
  from space 512K,  70% used [0x00000000f0e50000, 0x00000000f0eaac88, 0x00000000f0ed0000)
  to   space 512K,   0% used [0x00000000f0ed0000, 0x00000000f0ed0000, 0x00000000f0f50000)
 tenured generation   total 10944K, used 3903K [0x00000000f5c00000, 0x00000000f66b0000, 0x0000000100000000)
   the space 10944K,  35% used [0x00000000f5c00000, 0x00000000f5fcfec0, 0x00000000f5fd0000, 0x00000000f66b0000)
 Metaspace       used 15164K, capacity 16200K, committed 16384K, reserved 1062912K
  class space    used 1803K, capacity 2017K, committed 2048K, reserved 1048576K
Event: 2.137 GC heap after
Heap after GC invocations=19 (full 0):
 def new generation   total 4928K, used 446K [0x00000000f0a00000, 0x00000000f0f50000, 0x00000000f5c00000)
  eden space 4416K,   0% used [0x00000000f0a00000, 0x00000000f0a00000, 0x00000000f0e50000)
  from space 512K,  87% used [0x00000000f0ed0000, 0x00000000f0f3f9c0, 0x00000000f0f50000)
  to   space 512K,   0% used [0x00000000f0e50000, 0x00000000f0e50000, 0x00000000f0ed0000)
 tenured generation   total 10944K, used 4003K [0x00000000f5c00000, 0x00000000f66b0000, 0x0000000100000000)
   the space 10944K,  36% used [0x00000000f5c00000, 0x00000000f5fe8fc8, 0x00000000f5fe9000, 0x00000000f66b0000)
 Metaspace       used 15164K, capacity 16200K, committed 16384K, reserved 1062912K
  class space    used 1803K, capacity 2017K, committed 2048K, reserved 1048576K
}
Event: 2.221 GC heap before
{Heap before GC invocations=19 (full 0):
 def new generation   total 4928K, used 4862K [0x00000000f0a00000, 0x00000000f0f50000, 0x00000000f5c00000)
  eden space 4416K, 100% used [0x00000000f0a00000, 0x00000000f0e50000, 0x00000000f0e50000)
  from space 512K,  87% used [0x00000000f0ed0000, 0x00000000f0f3f9c0, 0x00000000f0f50000)
  to   space 512K,   0% used [0x00000000f0e50000, 0x00000000f0e50000, 0x00000000f0ed0000)
 tenured generation   total 10944K, used 4003K [0x00000000f5c00000, 0x00000000f66b0000, 0x0000000100000000)
   the space 10944K,  36% used [0x00000000f5c00000, 0x00000000f5fe8fc8, 0x00000000f5fe9000, 0x00000000f66b0000)
 Metaspace       used 15668K, capacity 16776K, committed 17024K, reserved 1064960K
  class space    used 1878K, capacity 2113K, committed 2176K, reserved 1048576K
Event: 2.223 GC heap after
Heap after GC invocations=20 (full 0):
 def new generation   total 4928K, used 426K [0x00000000f0a00000, 0x00000000f0f50000, 0x00000000f5c00000)
  eden space 4416K,   0% used [0x00000000f0a00000, 0x00000000f0a00000, 0x00000000f0e50000)
  from space 512K,  83% used [0x00000000f0e50000, 0x00000000f0ebab98, 0x00000000f0ed0000)
  to   space 512K,   0% used [0x00000000f0ed0000, 0x00000000f0ed0000, 0x00000000f0f50000)
 tenured generation   total 10944K, used 4117K [0x00000000f5c00000, 0x00000000f66b0000, 0x0000000100000000)
   the space 10944K,  37% used [0x00000000f5c00000, 0x00000000f60055a0, 0x00000000f6005600, 0x00000000f66b0000)
 Metaspace       used 15668K, capacity 16776K, committed 17024K, reserved 1064960K
  class space    used 1878K, capacity 2113K, committed 2176K, reserved 1048576K
}
Event: 2.308 GC heap before
{Heap before GC invocations=20 (full 0):
 def new generation   total 4928K, used 4842K [0x00000000f0a00000, 0x00000000f0f50000, 0x00000000f5c00000)
  eden space 4416K, 100% used [0x00000000f0a00000, 0x00000000f0e50000, 0x00000000f0e50000)
  from space 512K,  83% used [0x00000000f0e50000, 0x00000000f0ebab98, 0x00000000f0ed0000)
  to   space 512K,   0% used [0x00000000f0ed0000, 0x00000000f0ed0000, 0x00000000f0f50000)
 tenured generation   total 10944K, used 4117K [0x00000000f5c00000, 0x00000000f66b0000, 0x0000000100000000)
   the space 10944K,  37% used [0x00000000f5c00000, 0x00000000f60055a0, 0x00000000f6005600, 0x00000000f66b0000)
 Metaspace       used 15895K, capacity 17028K, committed 17280K, reserved 1064960K
  class space    used 1913K, capacity 2167K, committed 2176K, reserved 1048576K
Event: 2.310 GC heap after
Heap after GC invocations=21 (full 0):
 def new generation   total 4928K, used 204K [0x00000000f0a00000, 0x00000000f0f50000, 0x00000000f5c00000)
  eden space 4416K,   0% used [0x00000000f0a00000, 0x00000000f0a00000, 0x00000000f0e50000)
  from space 512K,  39% used [0x00000000f0ed0000, 0x00000000f0f03128, 0x00000000f0f50000)
  to   space 512K,   0% used [0x00000000f0e50000, 0x00000000f0e50000, 0x00000000f0ed0000)
 tenured generation   total 10944K, used 4262K [0x00000000f5c00000, 0x00000000f66b0000, 0x0000000100000000)
   the space 10944K,  38% used [0x00000000f5c00000, 0x00000000f6029980, 0x00000000f6029a00, 0x00000000f66b0000)
 Metaspace       used 15895K, capacity 17028K, committed 17280K, reserved 1064960K
  class space    used 1913K, capacity 2167K, committed 2176K, reserved 1048576K
}
Event: 2.416 GC heap before
{Heap before GC invocations=21 (full 0):
 def new generation   total 4928K, used 4620K [0x00000000f0a00000, 0x00000000f0f50000, 0x00000000f5c00000)
  eden space 4416K, 100% used [0x00000000f0a00000, 0x00000000f0e50000, 0x00000000f0e50000)
  from space 512K,  39% used [0x00000000f0ed0000, 0x00000000f0f03128, 0x00000000f0f50000)
  to   space 512K,   0% used [0x00000000f0e50000, 0x00000000f0e50000, 0x00000000f0ed0000)
 tenured generation   total 10944K, used 4262K [0x00000000f5c00000, 0x00000000f66b0000, 0x0000000100000000)
   the space 10944K,  38% used [0x00000000f5c00000, 0x00000000f6029980, 0x00000000f6029a00, 0x00000000f66b0000)
 Metaspace       used 16258K, capacity 17386K, committed 17664K, reserved 1064960K
  class space    used 1987K, capacity 2238K, committed 2304K, reserved 1048576K
Event: 2.418 GC heap after
Heap after GC invocations=22 (full 0):
 def new generation   total 4928K, used 511K [0x00000000f0a00000, 0x00000000f0f50000, 0x00000000f5c00000)
  eden space 4416K,   0% used [0x00000000f0a00000, 0x00000000f0a00000, 0x00000000f0e50000)
  from space 512K,  99% used [0x00000000f0e50000, 0x00000000f0ecffa0, 0x00000000f0ed0000)
  to   space 512K,   0% used [0x00000000f0ed0000, 0x00000000f0ed0000, 0x00000000f0f50000)
 tenured generation   total 10944K, used 4291K [0x00000000f5c00000, 0x00000000f66b0000, 0x0000000100000000)
   the space 10944K,  39% used [0x00000000f5c00000, 0x00000000f6030cd0, 0x00000000f6030e00, 0x00000000f66b0000)
 Metaspace       used 16258K, capacity 17386K, committed 17664K, reserved 1064960K
  class space    used 1987K, capacity 2238K, committed 2304K, reserved 1048576K
}
Event: 2.496 GC heap before
{Heap before GC invocations=22 (full 0):
 def new generation   total 4928K, used 4927K [0x00000000f0a00000, 0x00000000f0f50000, 0x00000000f5c00000)
  eden space 4416K,  99% used [0x00000000f0a00000, 0x00000000f0e4ffe0, 0x00000000f0e50000)
  from space 512K,  99% used [0x00000000f0e50000, 0x00000000f0ecffa0, 0x00000000f0ed0000)
  to   space 512K,   0% used [0x00000000f0ed0000, 0x00000000f0ed0000, 0x00000000f0f50000)
 tenured generation   total 10944K, used 4291K [0x00000000f5c00000, 0x00000000f66b0000, 0x0000000100000000)
   the space 10944K,  39% used [0x00000000f5c00000, 0x00000000f6030cd0, 0x00000000f6030e00, 0x00000000f66b0000)
 Metaspace       used 16718K, capacity 17898K, committed 17920K, reserved 1064960K
  class space    used 2043K, capacity 2302K, committed 2304K, reserved 1048576K
Event: 2.498 GC heap after
Heap after GC invocations=23 (full 0):
 def new generation   total 4928K, used 480K [0x00000000f0a00000, 0x00000000f0f50000, 0x00000000f5c00000)
  eden space 4416K,   0% used [0x00000000f0a00000, 0x00000000f0a00000, 0x00000000f0e50000)
  from space 512K,  93% used [0x00000000f0ed0000, 0x00000000f0f483d8, 0x00000000f0f50000)
  to   space 512K,   0% used [0x00000000f0e50000, 0x00000000f0e50000, 0x00000000f0ed0000)
 tenured generation   total 10944K, used 4575K [0x00000000f5c00000, 0x00000000f66b0000, 0x0000000100000000)
   the space 10944K,  41% used [0x00000000f5c00000, 0x00000000f6077f00, 0x00000000f6078000, 0x00000000f66b0000)
 Metaspace       used 16718K, capacity 17898K, committed 17920K, reserved 1064960K
  class space    used 2043K, capacity 2302K, committed 2304K, reserved 1048576K
}
Event: 2.587 GC heap before
{Heap before GC invocations=23 (full 0):
 def new generation   total 4928K, used 4896K [0x00000000f0a00000, 0x00000000f0f50000, 0x00000000f5c00000)
  eden space 4416K, 100% used [0x00000000f0a00000, 0x00000000f0e50000, 0x00000000f0e50000)
  from space 512K,  93% used [0x00000000f0ed0000, 0x00000000f0f483d8, 0x00000000f0f50000)
  to   space 512K,   0% used [0x00000000f0e50000, 0x00000000f0e50000, 0x00000000f0ed0000)
 tenured generation   total 10944K, used 4575K [0x00000000f5c00000, 0x00000000f66b0000, 0x0000000100000000)
   the space 10944K,  41% used [0x00000000f5c00000, 0x00000000f6077f00, 0x00000000f6078000, 0x00000000f66b0000)
 Metaspace       used 17138K, capacity 18314K, committed 18560K, reserved 1064960K
  class space    used 2102K, capacity 2346K, committed 2432K, reserved 1048576K
Event: 2.589 GC heap after
Heap after GC invocations=24 (full 0):
 def new generation   total 4928K, used 443K [0x00000000f0a00000, 0x00000000f0f50000, 0x00000000f5c00000)
  eden space 4416K,   0% used [0x00000000f0a00000, 0x00000000f0a00000, 0x00000000f0e50000)
  from space 512K,  86% used [0x00000000f0e50000, 0x00000000f0ebec08, 0x00000000f0ed0000)
  to   space 512K,   0% used [0x00000000f0ed0000, 0x00000000f0ed0000, 0x00000000f0f50000)
 tenured generation   total 10944K, used 4629K [0x00000000f5c00000, 0x00000000f66b0000, 0x0000000100000000)
   the space 10944K,  42% used [0x00000000f5c00000, 0x00000000f60856d8, 0x00000000f6085800, 0x00000000f66b0000)
 Metaspace       used 17138K, capacity 18314K, committed 18560K, reserved 1064960K
  class space    used 2102K, capacity 2346K, committed 2432K, reserved 1048576K
}
Event: 2.681 GC heap before
{Heap before GC invocations=24 (full 0):
 def new generation   total 4928K, used 4859K [0x00000000f0a00000, 0x00000000f0f50000, 0x00000000f5c00000)
  eden space 4416K, 100% used [0x00000000f0a00000, 0x00000000f0e50000, 0x00000000f0e50000)
  from space 512K,  86% used [0x00000000f0e50000, 0x00000000f0ebec08, 0x00000000f0ed0000)
  to   space 512K,   0% used [0x00000000f0ed0000, 0x00000000f0ed0000, 0x00000000f0f50000)
 tenured generation   total 10944K, used 4629K [0x00000000f5c00000, 0x00000000f66b0000, 0x0000000100000000)
   the space 10944K,  42% used [0x00000000f5c00000, 0x00000000f60856d8, 0x00000000f6085800, 0x00000000f66b0000)
 Metaspace       used 17576K, capacity 18810K, committed 18944K, reserved 1064960K
  class space    used 2168K, capacity 2450K, committed 2560K, reserved 1048576K
Event: 2.683 GC heap after
Heap after GC invocations=25 (full 0):
 def new generation   total 4928K, used 440K [0x00000000f0a00000, 0x00000000f0f50000, 0x00000000f5c00000)
  eden space 4416K,   0% used [0x00000000f0a00000, 0x00000000f0a00000, 0x00000000f0e50000)
  from space 512K,  86% used [0x00000000f0ed0000, 0x00000000f0f3e150, 0x00000000f0f50000)
  to   space 512K,   0% used [0x00000000f0e50000, 0x00000000f0e50000, 0x00000000f0ed0000)
 tenured generation   total 10944K, used 4745K [0x00000000f5c00000, 0x00000000f66b0000, 0x0000000100000000)
   the space 10944K,  43% used [0x00000000f5c00000, 0x00000000f60a25b0, 0x00000000f60a2600, 0x00000000f66b0000)
 Metaspace       used 17576K, capacity 18810K, committed 18944K, reserved 1064960K
  class space    used 2168K, capacity 2450K, committed 2560K, reserved 1048576K
}
Event: 2.773 GC heap before
{Heap before GC invocations=25 (full 0):
 def new generation   total 4928K, used 4856K [0x00000000f0a00000, 0x00000000f0f50000, 0x00000000f5c00000)
  eden space 4416K, 100% used [0x00000000f0a00000, 0x00000000f0e50000, 0x00000000f0e50000)
  from space 512K,  86% used [0x00000000f0ed0000, 0x00000000f0f3e150, 0x00000000f0f50000)
  to   space 512K,   0% used [0x00000000f0e50000, 0x00000000f0e50000, 0x00000000f0ed0000)
 tenured generation   total 10944K, used 4745K [0x00000000f5c00000, 0x00000000f66b0000, 0x0000000100000000)
   the space 10944K,  43% used [0x00000000f5c00000, 0x00000000f60a25b0, 0x00000000f60a2600, 0x00000000f66b0000)
 Metaspace       used 18014K, capacity 19270K, committed 19456K, reserved 1067008K
  class space    used 2230K, capacity 2492K, committed 2560K, reserved 1048576K
Event: 2.775 GC heap after
Heap after GC invocations=26 (full 0):
 def new generation   total 4928K, used 445K [0x00000000f0a00000, 0x00000000f0f50000, 0x00000000f5c00000)
  eden space 4416K,   0% used [0x00000000f0a00000, 0x00000000f0a00000, 0x00000000f0e50000)
  from space 512K,  87% used [0x00000000f0e50000, 0x00000000f0ebf5e0, 0x00000000f0ed0000)
  to   space 512K,   0% used [0x00000000f0ed0000, 0x00000000f0ed0000, 0x00000000f0f50000)
 tenured generation   total 10944K, used 4878K [0x00000000f5c00000, 0x00000000f66b0000, 0x0000000100000000)
   the space 10944K,  44% used [0x00000000f5c00000, 0x00000000f60c3940, 0x00000000f60c3a00, 0x00000000f66b0000)
 Metaspace       used 18014K, capacity 19270K, committed 19456K, reserved 1067008K
  class space    used 2230K, capacity 2492K, committed 2560K, reserved 1048576K
}
Event: 2.875 GC heap before
{Heap before GC invocations=26 (full 0):
 def new generation   total 4928K, used 4861K [0x00000000f0a00000, 0x00000000f0f50000, 0x00000000f5c00000)
  eden space 4416K, 100% used [0x00000000f0a00000, 0x00000000f0e50000, 0x00000000f0e50000)
  from space 512K,  87% used [0x00000000f0e50000, 0x00000000f0ebf5e0, 0x00000000f0ed0000)
  to   space 512K,   0% used [0x00000000f0ed0000, 0x00000000f0ed0000, 0x00000000f0f50000)
 tenured generation   total 10944K, used 4878K [0x00000000f5c00000, 0x00000000f66b0000, 0x0000000100000000)
   the space 10944K,  44% used [0x00000000f5c00000, 0x00000000f60c3940, 0x00000000f60c3a00, 0x00000000f66b0000)
 Metaspace       used 18391K, capacity 19652K, committed 19712K, reserved 1067008K
  class space    used 2276K, capacity 2531K, committed 2560K, reserved 1048576K
Event: 2.878 GC heap after
Heap after GC invocations=27 (full 0):
 def new generation   total 4928K, used 357K [0x00000000f0a00000, 0x00000000f0f50000, 0x00000000f5c00000)
  eden space 4416K,   0% used [0x00000000f0a00000, 0x00000000f0a00000, 0x00000000f0e50000)
  from space 512K,  69% used [0x00000000f0ed0000, 0x00000000f0f29460, 0x00000000f0f50000)
  to   space 512K,   0% used [0x00000000f0e50000, 0x00000000f0e50000, 0x00000000f0ed0000)
 tenured generation   total 10944K, used 4966K [0x00000000f5c00000, 0x00000000f66b0000, 0x0000000100000000)
   the space 10944K,  45% used [0x00000000f5c00000, 0x00000000f60d98e0, 0x00000000f60d9a00, 0x00000000f66b0000)
 Metaspace       used 18391K, capacity 19652K, committed 19712K, reserved 1067008K
  class space    used 2276K, capacity 2531K, committed 2560K, reserved 1048576K
}
Event: 2.981 GC heap before
{Heap before GC invocations=27 (full 0):
 def new generation   total 4928K, used 4773K [0x00000000f0a00000, 0x00000000f0f50000, 0x00000000f5c00000)
  eden space 4416K, 100% used [0x00000000f0a00000, 0x00000000f0e50000, 0x00000000f0e50000)
  from space 512K,  69% used [0x00000000f0ed0000, 0x00000000f0f29460, 0x00000000f0f50000)
  to   space 512K,   0% used [0x00000000f0e50000, 0x00000000f0e50000, 0x00000000f0ed0000)
 tenured generation   total 10944K, used 4966K [0x00000000f5c00000, 0x00000000f66b0000, 0x0000000100000000)
   the space 10944K,  45% used [0x00000000f5c00000, 0x00000000f60d98e0, 0x00000000f60d9a00, 0x00000000f66b0000)
 Metaspace       used 18652K, capacity 19920K, committed 20096K, reserved 1067008K
  class space    used 2311K, capacity 2571K, committed 2688K, reserved 1048576K
Event: 2.984 GC heap after
Heap after GC invocations=28 (full 0):
 def new generation   total 4928K, used 512K [0x00000000f0a00000, 0x00000000f0f50000, 0x00000000f5c00000)
  eden space 4416K,   0% used [0x00000000f0a00000, 0x00000000f0a00000, 0x00000000f0e50000)
  from space 512K, 100% used [0x00000000f0e50000, 0x00000000f0ed0000, 0x00000000f0ed0000)
  to   space 512K,   0% used [0x00000000f0ed0000, 0x00000000f0ed0000, 0x00000000f0f50000)
 tenured generation   total 10944K, used 5146K [0x00000000f5c00000, 0x00000000f66b0000, 0x0000000100000000)
   the space 10944K,  47% used [0x00000000f5c00000, 0x00000000f6106aa8, 0x00000000f6106c00, 0x00000000f66b0000)
 Metaspace       used 18652K, capacity 19920K, committed 20096K, reserved 1067008K
  class space    used 2311K, capacity 2571K, committed 2688K, reserved 1048576K
}
Event: 3.013 GC heap before
{Heap before GC invocations=28 (full 0):
 def new generation   total 4928K, used 4928K [0x00000000f0a00000, 0x00000000f0f50000, 0x00000000f5c00000)
  eden space 4416K, 100% used [0x00000000f0a00000, 0x00000000f0e50000, 0x00000000f0e50000)
  from space 512K, 100% used [0x00000000f0e50000, 0x00000000f0ed0000, 0x00000000f0ed0000)
  to   space 512K,   0% used [0x00000000f0ed0000, 0x00000000f0ed0000, 0x00000000f0f50000)
 tenured generation   total 10944K, used 5146K [0x00000000f5c00000, 0x00000000f66b0000, 0x0000000100000000)
   the space 10944K,  47% used [0x00000000f5c00000, 0x00000000f6106aa8, 0x00000000f6106c00, 0x00000000f66b0000)
 Metaspace       used 18881K, capacity 20144K, committed 20352K, reserved 1067008K
  class space    used 2332K, capacity 2603K, committed 2688K, reserved 1048576K
Event: 3.015 GC heap after
Heap after GC invocations=29 (full 0):
 def new generation   total 4928K, used 265K [0x00000000f0a00000, 0x00000000f0f50000, 0x00000000f5c00000)
  eden space 4416K,   0% used [0x00000000f0a00000, 0x00000000f0a00000, 0x00000000f0e50000)
  from space 512K,  51% used [0x00000000f0ed0000, 0x00000000f0f126d8, 0x00000000f0f50000)
  to   space 512K,   0% used [0x00000000f0e50000, 0x00000000f0e50000, 0x00000000f0ed0000)
 tenured generation   total 10944K, used 5479K [0x00000000f5c00000, 0x00000000f66b0000, 0x0000000100000000)
   the space 10944K,  50% used [0x00000000f5c00000, 0x00000000f6159f10, 0x00000000f615a000, 0x00000000f66b0000)
 Metaspace       used 18881K, capacity 20144K, committed 20352K, reserved 1067008K
  class space    used 2332K, capacity 2603K, committed 2688K, reserved 1048576K
}
Event: 3.021 GC heap before
{Heap before GC invocations=29 (full 0):
 def new generation   total 4928K, used 4675K [0x00000000f0a00000, 0x00000000f0f50000, 0x00000000f5c00000)
  eden space 4416K,  99% used [0x00000000f0a00000, 0x00000000f0e4e570, 0x00000000f0e50000)
  from space 512K,  51% used [0x00000000f0ed0000, 0x00000000f0f126d8, 0x00000000f0f50000)
  to   space 512K,   0% used [0x00000000f0e50000, 0x00000000f0e50000, 0x00000000f0ed0000)
 tenured generation   total 10944K, used 5479K [0x00000000f5c00000, 0x00000000f66b0000, 0x0000000100000000)
   the space 10944K,  50% used [0x00000000f5c00000, 0x00000000f6159f10, 0x00000000f615a000, 0x00000000f66b0000)
 Metaspace       used 18902K, capacity 20208K, committed 20352K, reserved 1067008K
  class space    used 2334K, capacity 2603K, committed 2688K, reserved 1048576K
Event: 3.022 GC heap after
Heap after GC invocations=30 (full 0):
 def new generation   total 4928K, used 80K [0x00000000f0a00000, 0x00000000f0f50000, 0x00000000f5c00000)
  eden space 4416K,   0% used [0x00000000f0a00000, 0x00000000f0a00000, 0x00000000f0e50000)
  from space 512K,  15% used [0x00000000f0e50000, 0x00000000f0e64130, 0x00000000f0ed0000)
  to   space 512K,   0% used [0x00000000f0ed0000, 0x00000000f0ed0000, 0x00000000f0f50000)
 tenured generation   total 10944K, used 5566K [0x00000000f5c00000, 0x00000000f66b0000, 0x0000000100000000)
   the space 10944K,  50% used [0x00000000f5c00000, 0x00000000f616f958, 0x00000000f616fa00, 0x00000000f66b0000)
 Metaspace       used 18902K, capacity 20208K, committed 20352K, reserved 1067008K
  class space    used 2334K, capacity 2603K, committed 2688K, reserved 1048576K
}
Event: 3.024 GC heap before
{Heap before GC invocations=30 (full 0):
 def new generation   total 4928K, used 4488K [0x00000000f0a00000, 0x00000000f0f50000, 0x00000000f5c00000)
  eden space 4416K,  99% used [0x00000000f0a00000, 0x00000000f0e4e168, 0x00000000f0e50000)
  from space 512K,  15% used [0x00000000f0e50000, 0x00000000f0e64130, 0x00000000f0ed0000)
  to   space 512K,   0% used [0x00000000f0ed0000, 0x00000000f0ed0000, 0x00000000f0f50000)
 tenured generation   total 10944K, used 5566K [0x00000000f5c00000, 0x00000000f66b0000, 0x0000000100000000)
   the space 10944K,  50% used [0x00000000f5c00000, 0x00000000f616f958, 0x00000000f616fa00, 0x00000000f66b0000)
 Metaspace       used 18902K, capacity 20208K, committed 20352K, reserved 1067008K
  class space    used 2334K, capacity 2603K, committed 2688K, reserved 1048576K
Event: 3.024 GC heap after
Heap after GC invocations=31 (full 0):
 def new generation   total 4928K, used 87K [0x00000000f0a00000, 0x00000000f0f50000, 0x00000000f5c00000)
  eden space 4416K,   0% used [0x00000000f0a00000, 0x00000000f0a00000, 0x00000000f0e50000)
  from space 512K,  17% used [0x00000000f0ed0000, 0x00000000f0ee5fc0, 0x00000000f0f50000)
  to   space 512K,   0% used [0x00000000f0e50000, 0x00000000f0e50000, 0x00000000f0ed0000)
 tenured generation   total 10944K, used 5566K [0x00000000f5c00000, 0x00000000f66b0000, 0x0000000100000000)
   the space 10944K,  50% used [0x00000000f5c00000, 0x00000000f616f958, 0x00000000f616fa00, 0x00000000f66b0000)
 Metaspace       used 18902K, capacity 20208K, committed 20352K, reserved 1067008K
  class space    used 2334K, capacity 2603K, committed 2688K, reserved 1048576K
}
Event: 3.025 GC heap before
{Heap before GC invocations=31 (full 0):
 def new generation   total 4928K, used 4491K [0x00000000f0a00000, 0x00000000f0f50000, 0x00000000f5c00000)
  eden space 4416K,  99% used [0x00000000f0a00000, 0x00000000f0e4cd60, 0x00000000f0e50000)
  from space 512K,  17% used [0x00000000f0ed0000, 0x00000000f0ee5fc0, 0x00000000f0f50000)
  to   space 512K,   0% used [0x00000000f0e50000, 0x00000000f0e50000, 0x00000000f0ed0000)
 tenured generation   total 10944K, used 5566K [0x00000000f5c00000, 0x00000000f66b0000, 0x0000000100000000)
   the space 10944K,  50% used [0x00000000f5c00000, 0x00000000f616f958, 0x00000000f616fa00, 0x00000000f66b0000)
 Metaspace       used 18902K, capacity 20208K, committed 20352K, reserved 1067008K
  class space    used 2334K, capacity 2603K, committed 2688K, reserved 1048576K
Event: 3.026 GC heap after
Heap after GC invocations=32 (full 0):
 def new generation   total 4928K, used 96K [0x00000000f0a00000, 0x00000000f0f50000, 0x00000000f5c00000)
  eden space 4416K,   0% used [0x00000000f0a00000, 0x00000000f0a00000, 0x00000000f0e50000)
  from space 512K,  18% used [0x00000000f0e50000, 0x00000000f0e683e0, 0x00000000f0ed0000)
  to   space 512K,   0% used [0x00000000f0ed0000, 0x00000000f0ed0000, 0x00000000f0f50000)
 tenured generation   total 10944K, used 5566K [0x00000000f5c00000, 0x00000000f66b0000, 0x0000000100000000)
   the space 10944K,  50% used [0x00000000f5c00000, 0x00000000f616f958, 0x00000000f616fa00, 0x00000000f66b0000)
 Metaspace       used 18902K, capacity 20208K, committed 20352K, reserved 1067008K
  class space    used 2334K, capacity 2603K, committed 2688K, reserved 1048576K
}
Event: 3.027 GC heap before
{Heap before GC invocations=32 (full 0):
 def new generation   total 4928K, used 4472K [0x00000000f0a00000, 0x00000000f0f50000, 0x00000000f5c00000)
  eden space 4416K,  99% used [0x00000000f0a00000, 0x00000000f0e45da0, 0x00000000f0e50000)
  from space 512K,  18% used [0x00000000f0e50000, 0x00000000f0e683e0, 0x00000000f0ed0000)
  to   space 512K,   0% used [0x00000000f0ed0000, 0x00000000f0ed0000, 0x00000000f0f50000)
 tenured generation   total 10944K, used 5566K [0x00000000f5c00000, 0x00000000f66b0000, 0x0000000100000000)
   the space 10944K,  50% used [0x00000000f5c00000, 0x00000000f616f958, 0x00000000f616fa00, 0x00000000f66b0000)
 Metaspace       used 18902K, capacity 20208K, committed 20352K, reserved 1067008K
  class space    used 2334K, capacity 2603K, committed 2688K, reserved 1048576K
Event: 3.027 GC heap after
Heap after GC invocations=33 (full 0):
 def new generation   total 4928K, used 104K [0x00000000f0a00000, 0x00000000f0f50000, 0x00000000f5c00000)
  eden space 4416K,   0% used [0x00000000f0a00000, 0x00000000f0a00000, 0x00000000f0e50000)
  from space 512K,  20% used [0x00000000f0ed0000, 0x00000000f0eea0b8, 0x00000000f0f50000)
  to   space 512K,   0% used [0x00000000f0e50000, 0x00000000f0e50000, 0x00000000f0ed0000)
 tenured generation   total 10944K, used 5566K [0x00000000f5c00000, 0x00000000f66b0000, 0x0000000100000000)
   the space 10944K,  50% used [0x00000000f5c00000, 0x00000000f616f958, 0x00000000f616fa00, 0x00000000f66b0000)
 Metaspace       used 18902K, capacity 20208K, committed 20352K, reserved 1067008K
  class space    used 2334K, capacity 2603K, committed 2688K, reserved 1048576K
}
Event: 3.028 GC heap before
{Heap before GC invocations=33 (full 0):
 def new generation   total 4928K, used 4515K [0x00000000f0a00000, 0x00000000f0f50000, 0x00000000f5c00000)
  eden space 4416K,  99% used [0x00000000f0a00000, 0x00000000f0e4eb70, 0x00000000f0e50000)
  from space 512K,  20% used [0x00000000f0ed0000, 0x00000000f0eea0b8, 0x00000000f0f50000)
  to   space 512K,   0% used [0x00000000f0e50000, 0x00000000f0e50000, 0x00000000f0ed0000)
 tenured generation   total 10944K, used 5566K [0x00000000f5c00000, 0x00000000f66b0000, 0x0000000100000000)
   the space 10944K,  50% used [0x00000000f5c00000, 0x00000000f616f958, 0x00000000f616fa00, 0x00000000f66b0000)
 Metaspace       used 18902K, capacity 20208K, committed 20352K, reserved 1067008K
  class space    used 2334K, capacity 2603K, committed 2688K, reserved 1048576K
Event: 3.029 GC heap after
Heap after GC invocations=34 (full 0):
 def new generation   total 4928K, used 110K [0x00000000f0a00000, 0x00000000f0f50000, 0x00000000f5c00000)
  eden space 4416K,   0% used [0x00000000f0a00000, 0x00000000f0a00000, 0x00000000f0e50000)
  from space 512K,  21% used [0x00000000f0e50000, 0x00000000f0e6b980, 0x00000000f0ed0000)
  to   space 512K,   0% used [0x00000000f0ed0000, 0x00000000f0ed0000, 0x00000000f0f50000)
 tenured generation   total 10944K, used 5566K [0x00000000f5c00000, 0x00000000f66b0000, 0x0000000100000000)
   the space 10944K,  50% used [0x00000000f5c00000, 0x00000000f616f958, 0x00000000f616fa00, 0x00000000f66b0000)
 Metaspace       used 18902K, capacity 20208K, committed 20352K, reserved 1067008K
  class space    used 2334K, capacity 2603K, committed 2688K, reserved 1048576K
}
Event: 3.030 GC heap before
{Heap before GC invocations=34 (full 0):
 def new generation   total 4928K, used 4521K [0x00000000f0a00000, 0x00000000f0f50000, 0x00000000f5c00000)
  eden space 4416K,  99% used [0x00000000f0a00000, 0x00000000f0e4ead8, 0x00000000f0e50000)
  from space 512K,  21% used [0x00000000f0e50000, 0x00000000f0e6b980, 0x00000000f0ed0000)
  to   space 512K,   0% used [0x00000000f0ed0000, 0x00000000f0ed0000, 0x00000000f0f50000)
 tenured generation   total 10944K, used 5566K [0x00000000f5c00000, 0x00000000f66b0000, 0x0000000100000000)
   the space 10944K,  50% used [0x00000000f5c00000, 0x00000000f616f958, 0x00000000f616fa00, 0x00000000f66b0000)
 Metaspace       used 18902K, capacity 20208K, committed 20352K, reserved 1067008K
  class space    used 2334K, capacity 2603K, committed 2688K, reserved 1048576K
Event: 3.030 GC heap after
Heap after GC invocations=35 (full 0):
 def new generation   total 4928K, used 115K [0x00000000f0a00000, 0x00000000f0f50000, 0x00000000f5c00000)
  eden space 4416K,   0% used [0x00000000f0a00000, 0x00000000f0a00000, 0x00000000f0e50000)
  from space 512K,  22% used [0x00000000f0ed0000, 0x00000000f0eecfa0, 0x00000000f0f50000)
  to   space 512K,   0% used [0x00000000f0e50000, 0x00000000f0e50000, 0x00000000f0ed0000)
 tenured generation   total 10944K, used 5566K [0x00000000f5c00000, 0x00000000f66b0000, 0x0000000100000000)
   the space 10944K,  50% used [0x00000000f5c00000, 0x00000000f616f958, 0x00000000f616fa00, 0x00000000f66b0000)
 Metaspace       used 18902K, capacity 20208K, committed 20352K, reserved 1067008K
  class space    used 2334K, capacity 2603K, committed 2688K, reserved 1048576K
}
Event: 3.031 GC heap before
{Heap before GC invocations=35 (full 0):
 def new generation   total 4928K, used 4483K [0x00000000f0a00000, 0x00000000f0f50000, 0x00000000f5c00000)
  eden space 4416K,  98% used [0x00000000f0a00000, 0x00000000f0e43d18, 0x00000000f0e50000)
  from space 512K,  22% used [0x00000000f0ed0000, 0x00000000f0eecfa0, 0x00000000f0f50000)
  to   space 512K,   0% used [0x00000000f0e50000, 0x00000000f0e50000, 0x00000000f0ed0000)
 tenured generation   total 10944K, used 5566K [0x00000000f5c00000, 0x00000000f66b0000, 0x0000000100000000)
   the space 10944K,  50% used [0x00000000f5c00000, 0x00000000f616f958, 0x00000000f616fa00, 0x00000000f66b0000)
 Metaspace       used 18902K, capacity 20208K, committed 20352K, reserved 1067008K
  class space    used 2334K, capacity 2603K, committed 2688K, reserved 1048576K
Event: 3.032 GC heap after
Heap after GC invocations=36 (full 0):
 def new generation   total 4928K, used 120K [0x00000000f0a00000, 0x00000000f0f50000, 0x00000000f5c00000)
  eden space 4416K,   0% used [0x00000000f0a00000, 0x00000000f0a00000, 0x00000000f0e50000)
  from space 512K,  23% used [0x00000000f0e50000, 0x00000000f0e6e390, 0x00000000f0ed0000)
  to   space 512K,   0% used [0x00000000f0ed0000, 0x00000000f0ed0000, 0x00000000f0f50000)
 tenured generation   total 10944K, used 5566K [0x00000000f5c00000, 0x00000000f66b0000, 0x0000000100000000)
   the space 10944K,  50% used [0x00000000f5c00000, 0x00000000f616f958, 0x00000000f616fa00, 0x00000000f66b0000)
 Metaspace       used 18902K, capacity 20208K, committed 20352K, reserved 1067008K
  class space    used 2334K, capacity 2603K, committed 2688K, reserved 1048576K
}
Event: 3.033 GC heap before
{Heap before GC invocations=36 (full 0):
 def new generation   total 4928K, used 4522K [0x00000000f0a00000, 0x00000000f0f50000, 0x00000000f5c00000)
  eden space 4416K,  99% used [0x00000000f0a00000, 0x00000000f0e4c6c0, 0x00000000f0e50000)
  from space 512K,  23% used [0x00000000f0e50000, 0x00000000f0e6e390, 0x00000000f0ed0000)
  to   space 512K,   0% used [0x00000000f0ed0000, 0x00000000f0ed0000, 0x00000000f0f50000)
 tenured generation   total 10944K, used 5566K [0x00000000f5c00000, 0x00000000f66b0000, 0x0000000100000000)
   the space 10944K,  50% used [0x00000000f5c00000, 0x00000000f616f958, 0x00000000f616fa00, 0x00000000f66b0000)
 Metaspace       used 18902K, capacity 20208K, committed 20352K, reserved 1067008K
  class space    used 2334K, capacity 2603K, committed 2688K, reserved 1048576K
Event: 3.033 GC heap after
Heap after GC invocations=37 (full 0):
 def new generation   total 4928K, used 125K [0x00000000f0a00000, 0x00000000f0f50000, 0x00000000f5c00000)
  eden space 4416K,   0% used [0x00000000f0a00000, 0x00000000f0a00000, 0x00000000f0e50000)
  from space 512K,  24% used [0x00000000f0ed0000, 0x00000000f0eef628, 0x00000000f0f50000)
  to   space 512K,   0% used [0x00000000f0e50000, 0x00000000f0e50000, 0x00000000f0ed0000)
 tenured generation   total 10944K, used 5566K [0x00000000f5c00000, 0x00000000f66b0000, 0x0000000100000000)
   the space 10944K,  50% used [0x00000000f5c00000, 0x00000000f616f958, 0x00000000f616fa00, 0x00000000f66b0000)
 Metaspace       used 18902K, capacity 20208K, committed 20352K, reserved 1067008K
  class space    used 2334K, capacity 2603K, committed 2688K, reserved 1048576K
}
Event: 3.061 GC heap before
{Heap before GC invocations=37 (full 0):
 def new generation   total 4928K, used 4541K [0x00000000f0a00000, 0x00000000f0f50000, 0x00000000f5c00000)
  eden space 4416K, 100% used [0x00000000f0a00000, 0x00000000f0e50000, 0x00000000f0e50000)
  from space 512K,  24% used [0x00000000f0ed0000, 0x00000000f0eef628, 0x00000000f0f50000)
  to   space 512K,   0% used [0x00000000f0e50000, 0x00000000f0e50000, 0x00000000f0ed0000)
 tenured generation   total 10944K, used 5566K [0x00000000f5c00000, 0x00000000f66b0000, 0x0000000100000000)
   the space 10944K,  50% used [0x00000000f5c00000, 0x00000000f616f958, 0x00000000f616fa00, 0x00000000f66b0000)
 Metaspace       used 19254K, capacity 20528K, committed 20864K, reserved 1067008K
  class space    used 2356K, capacity 2603K, committed 2688K, reserved 1048576K
Event: 3.062 GC heap after
Heap after GC invocations=38 (full 0):
 def new generation   total 4928K, used 511K [0x00000000f0a00000, 0x00000000f0f50000, 0x00000000f5c00000)
  eden space 4416K,   0% used [0x00000000f0a00000, 0x00000000f0a00000, 0x00000000f0e50000)
  from space 512K,  99% used [0x00000000f0e50000, 0x00000000f0ecff00, 0x00000000f0ed0000)
  to   space 512K,   0% used [0x00000000f0ed0000, 0x00000000f0ed0000, 0x00000000f0f50000)
 tenured generation   total 10944K, used 5602K [0x00000000f5c00000, 0x00000000f66b0000, 0x0000000100000000)
   the space 10944K,  51% used [0x00000000f5c00000, 0x00000000f6178908, 0x00000000f6178a00, 0x00000000f66b0000)
 Metaspace       used 19254K, capacity 20528K, committed 20864K, reserved 1067008K
  class space    used 2356K, capacity 2603K, committed 2688K, reserved 1048576K
}
Event: 3.149 GC heap before
{Heap before GC invocations=38 (full 0):
 def new generation   total 4928K, used 4927K [0x00000000f0a00000, 0x00000000f0f50000, 0x00000000f5c00000)
  eden space 4416K, 100% used [0x00000000f0a00000, 0x00000000f0e50000, 0x00000000f0e50000)
  from space 512K,  99% used [0x00000000f0e50000, 0x00000000f0ecff00, 0x00000000f0ed0000)
  to   space 512K,   0% used [0x00000000f0ed0000, 0x00000000f0ed0000, 0x00000000f0f50000)
 tenured generation   total 10944K, used 5602K [0x00000000f5c00000, 0x00000000f66b0000, 0x0000000100000000)
   the space 10944K,  51% used [0x00000000f5c00000, 0x00000000f6178908, 0x00000000f6178a00, 0x00000000f66b0000)
 Metaspace       used 19454K, capacity 20754K, committed 20864K, reserved 1067008K
  class space    used 2397K, capacity 2654K, committed 2688K, reserved 1048576K
Event: 3.151 GC heap after
Heap after GC invocations=39 (full 0):
 def new generation   total 4928K, used 343K [0x00000000f0a00000, 0x00000000f0f50000, 0x00000000f5c00000)
  eden space 4416K,   0% used [0x00000000f0a00000, 0x00000000f0a00000, 0x00000000f0e50000)
  from space 512K,  66% used [0x00000000f0ed0000, 0x00000000f0f25c00, 0x00000000f0f50000)
  to   space 512K,   0% used [0x00000000f0e50000, 0x00000000f0e50000, 0x00000000f0ed0000)
 tenured generation   total 10944K, used 5817K [0x00000000f5c00000, 0x00000000f66b0000, 0x0000000100000000)
   the space 10944K,  53% used [0x00000000f5c00000, 0x00000000f61ae638, 0x00000000f61ae800, 0x00000000f66b0000)
 Metaspace       used 19454K, capacity 20754K, committed 20864K, reserved 1067008K
  class space    used 2397K, capacity 2654K, committed 2688K, reserved 1048576K
}
Event: 3.230 GC heap before
{Heap before GC invocations=39 (full 0):
 def new generation   total 4928K, used 4759K [0x00000000f0a00000, 0x00000000f0f50000, 0x00000000f5c00000)
  eden space 4416K, 100% used [0x00000000f0a00000, 0x00000000f0e50000, 0x00000000f0e50000)
  from space 512K,  66% used [0x00000000f0ed0000, 0x00000000f0f25c00, 0x00000000f0f50000)
  to   space 512K,   0% used [0x00000000f0e50000, 0x00000000f0e50000, 0x00000000f0ed0000)
 tenured generation   total 10944K, used 5817K [0x00000000f5c00000, 0x00000000f66b0000, 0x0000000100000000)
   the space 10944K,  53% used [0x00000000f5c00000, 0x00000000f61ae638, 0x00000000f61ae800, 0x00000000f66b0000)
 Metaspace       used 19601K, capacity 20932K, committed 21248K, reserved 1067008K
  class space    used 2411K, capacity 2689K, committed 2816K, reserved 1048576K
Event: 3.232 GC heap after
Heap after GC invocations=40 (full 0):
 def new generation   total 4928K, used 336K [0x00000000f0a00000, 0x00000000f0f50000, 0x00000000f5c00000)
  eden space 4416K,   0% used [0x00000000f0a00000, 0x00000000f0a00000, 0x00000000f0e50000)
  from space 512K,  65% used [0x00000000f0e50000, 0x00000000f0ea4110, 0x00000000f0ed0000)
  to   space 512K,   0% used [0x00000000f0ed0000, 0x00000000f0ed0000, 0x00000000f0f50000)
 tenured generation   total 10944K, used 5979K [0x00000000f5c00000, 0x00000000f66b0000, 0x0000000100000000)
   the space 10944K,  54% used [0x00000000f5c00000, 0x00000000f61d6d28, 0x00000000f61d6e00, 0x00000000f66b0000)
 Metaspace       used 19601K, capacity 20932K, committed 21248K, reserved 1067008K
  class space    used 2411K, capacity 2689K, committed 2816K, reserved 1048576K
}
Event: 3.302 GC heap before
{Heap before GC invocations=40 (full 0):
 def new generation   total 4928K, used 4751K [0x00000000f0a00000, 0x00000000f0f50000, 0x00000000f5c00000)
  eden space 4416K,  99% used [0x00000000f0a00000, 0x00000000f0e4fdd0, 0x00000000f0e50000)
  from space 512K,  65% used [0x00000000f0e50000, 0x00000000f0ea4110, 0x00000000f0ed0000)
  to   space 512K,   0% used [0x00000000f0ed0000, 0x00000000f0ed0000, 0x00000000f0f50000)
 tenured generation   total 10944K, used 5979K [0x00000000f5c00000, 0x00000000f66b0000, 0x0000000100000000)
   the space 10944K,  54% used [0x00000000f5c00000, 0x00000000f61d6d28, 0x00000000f61d6e00, 0x00000000f66b0000)
 Metaspace       used 19752K, capacity 21100K, committed 21248K, reserved 1067008K
  class space    used 2428K, capacity 2695K, committed 2816K, reserved 1048576K
Event: 3.304 GC heap after
Heap after GC invocations=41 (full 0):
 def new generation   total 4928K, used 363K [0x00000000f0a00000, 0x00000000f0f50000, 0x00000000f5c00000)
  eden space 4416K,   0% used [0x00000000f0a00000, 0x00000000f0a00000, 0x00000000f0e50000)
  from space 512K,  70% used [0x00000000f0ed0000, 0x00000000f0f2ade0, 0x00000000f0f50000)
  to   space 512K,   0% used [0x00000000f0e50000, 0x00000000f0e50000, 0x00000000f0ed0000)
 tenured generation   total 10944K, used 6126K [0x00000000f5c00000, 0x00000000f66b0000, 0x0000000100000000)
   the space 10944K,  55% used [0x00000000f5c00000, 0x00000000f61fbaf8, 0x00000000f61fbc00, 0x00000000f66b0000)
 Metaspace       used 19752K, capacity 21100K, committed 21248K, reserved 1067008K
  class space    used 2428K, capacity 2695K, committed 2816K, reserved 1048576K
}
Event: 3.325 GC heap before
{Heap before GC invocations=41 (full 0):
 def new generation   total 4928K, used 1808K [0x00000000f0a00000, 0x00000000f0f50000, 0x00000000f5c00000)
  eden space 4416K,  32% used [0x00000000f0a00000, 0x00000000f0b69408, 0x00000000f0e50000)
  from space 512K,  70% used [0x00000000f0ed0000, 0x00000000f0f2ade0, 0x00000000f0f50000)
  to   space 512K,   0% used [0x00000000f0e50000, 0x00000000f0e50000, 0x00000000f0ed0000)
 tenured generation   total 10944K, used 6126K [0x00000000f5c00000, 0x00000000f66b0000, 0x0000000100000000)
   the space 10944K,  55% used [0x00000000f5c00000, 0x00000000f61fbaf8, 0x00000000f61fbc00, 0x00000000f66b0000)
 Metaspace       used 19833K, capacity 21154K, committed 21296K, reserved 1069056K
  class space    used 2434K, capacity 2702K, committed 2816K, reserved 1048576K
Event: 3.345 GC heap after
Heap after GC invocations=42 (full 1):
 def new generation   total 4992K, used 0K [0x00000000f0a00000, 0x00000000f0f60000, 0x00000000f5c00000)
  eden space 4480K,   0% used [0x00000000f0a00000, 0x00000000f0a00000, 0x00000000f0e60000)
  from space 512K,   0% used [0x00000000f0e60000, 0x00000000f0e60000, 0x00000000f0ee0000)
  to   space 512K,   0% used [0x00000000f0ee0000, 0x00000000f0ee0000, 0x00000000f0f60000)
 tenured generation   total 10944K, used 6294K [0x00000000f5c00000, 0x00000000f66b0000, 0x0000000100000000)
   the space 10944K,  57% used [0x00000000f5c00000, 0x00000000f6225ba8, 0x00000000f6225c00, 0x00000000f66b0000)
 Metaspace       used 19833K, capacity 21154K, committed 21296K, reserved 1069056K
  class space    used 2434K, capacity 2702K, committed 2816K, reserved 1048576K
}
Event: 3.412 GC heap before
{Heap before GC invocations=42 (full 1):
 def new generation   total 4992K, used 4480K [0x00000000f0a00000, 0x00000000f0f60000, 0x00000000f5c00000)
  eden space 4480K, 100% used [0x00000000f0a00000, 0x00000000f0e60000, 0x00000000f0e60000)
  from space 512K,   0% used [0x00000000f0e60000, 0x00000000f0e60000, 0x00000000f0ee0000)
  to   space 512K,   0% used [0x00000000f0ee0000, 0x00000000f0ee0000, 0x00000000f0f60000)
 tenured generation   total 10944K, used 6294K [0x00000000f5c00000, 0x00000000f66b0000, 0x0000000100000000)
   the space 10944K,  57% used [0x00000000f5c00000, 0x00000000f6225ba8, 0x00000000f6225c00, 0x00000000f66b0000)
 Metaspace       used 19901K, capacity 21240K, committed 21552K, reserved 1069056K
  class space    used 2447K, capacity 2705K, committed 2816K, reserved 1048576K
Event: 3.413 GC heap after
Heap after GC invocations=43 (full 1):
 def new generation   total 4992K, used 336K [0x00000000f0a00000, 0x00000000f0f60000, 0x00000000f5c00000)
  eden space 4480K,   0% used [0x00000000f0a00000, 0x00000000f0a00000, 0x00000000f0e60000)
  from space 512K,  65% used [0x00000000f0ee0000, 0x00000000f0f34038, 0x00000000f0f60000)
  to   space 512K,   0% used [0x00000000f0e60000, 0x00000000f0e60000, 0x00000000f0ee0000)
 tenured generation   total 10944K, used 6294K [0x00000000f5c00000, 0x00000000f66b0000, 0x0000000100000000)
   the space 10944K,  57% used [0x00000000f5c00000, 0x00000000f6225ba8, 0x00000000f6225c00, 0x00000000f66b0000)
 Metaspace       used 19901K, capacity 21240K, committed 21552K, reserved 1069056K
  class space    used 2447K, capacity 2705K, committed 2816K, reserved 1048576K
}
Event: 3.490 GC heap before
{Heap before GC invocations=43 (full 1):
 def new generation   total 4992K, used 4816K [0x00000000f0a00000, 0x00000000f0f60000, 0x00000000f5c00000)
  eden space 4480K, 100% used [0x00000000f0a00000, 0x00000000f0e60000, 0x00000000f0e60000)
  from space 512K,  65% used [0x00000000f0ee0000, 0x00000000f0f34038, 0x00000000f0f60000)
  to   space 512K,   0% used [0x00000000f0e60000, 0x00000000f0e60000, 0x00000000f0ee0000)
 tenured generation   total 10944K, used 6294K [0x00000000f5c00000, 0x00000000f66b0000, 0x0000000100000000)
   the space 10944K,  57% used [0x00000000f5c00000, 0x00000000f6225ba8, 0x00000000f6225c00, 0x00000000f66b0000)
 Metaspace       used 20020K, capacity 21410K, committed 21552K, reserved 1069056K
  class space    used 2461K, capacity 2738K, committed 2816K, reserved 1048576K
Event: 3.492 GC heap after
Heap after GC invocations=44 (full 1):
 def new generation   total 4992K, used 342K [0x00000000f0a00000, 0x00000000f0f60000, 0x00000000f5c00000)
  eden space 4480K,   0% used [0x00000000f0a00000, 0x00000000f0a00000, 0x00000000f0e60000)
  from space 512K,  66% used [0x00000000f0e60000, 0x00000000f0eb5a38, 0x00000000f0ee0000)
  to   space 512K,   0% used [0x00000000f0ee0000, 0x00000000f0ee0000, 0x00000000f0f60000)
 tenured generation   total 10944K, used 6425K [0x00000000f5c00000, 0x00000000f66b0000, 0x0000000100000000)
   the space 10944K,  58% used [0x00000000f5c00000, 0x00000000f62467c0, 0x00000000f6246800, 0x00000000f66b0000)
 Metaspace       used 20020K, capacity 21410K, committed 21552K, reserved 1069056K
  class space    used 2461K, capacity 2738K, committed 2816K, reserved 1048576K
}
Event: 3.549 GC heap before
{Heap before GC invocations=44 (full 1):
 def new generation   total 4992K, used 4822K [0x00000000f0a00000, 0x00000000f0f60000, 0x00000000f5c00000)
  eden space 4480K, 100% used [0x00000000f0a00000, 0x00000000f0e60000, 0x00000000f0e60000)
  from space 512K,  66% used [0x00000000f0e60000, 0x00000000f0eb5a38, 0x00000000f0ee0000)
  to   space 512K,   0% used [0x00000000f0ee0000, 0x00000000f0ee0000, 0x00000000f0f60000)
 tenured generation   total 10944K, used 6425K [0x00000000f5c00000, 0x00000000f66b0000, 0x0000000100000000)
   the space 10944K,  58% used [0x00000000f5c00000, 0x00000000f62467c0, 0x00000000f6246800, 0x00000000f66b0000)
 Metaspace       used 20141K, capacity 21498K, committed 21808K, reserved 1069056K
  class space    used 2475K, capacity 2746K, committed 2816K, reserved 1048576K
Event: 3.550 GC heap after
Heap after GC invocations=45 (full 1):
 def new generation   total 4992K, used 340K [0x00000000f0a00000, 0x00000000f0f60000, 0x00000000f5c00000)
  eden space 4480K,   0% used [0x00000000f0a00000, 0x00000000f0a00000, 0x00000000f0e60000)
  from space 512K,  66% used [0x00000000f0ee0000, 0x00000000f0f350d8, 0x00000000f0f60000)
  to   space 512K,   0% used [0x00000000f0e60000, 0x00000000f0e60000, 0x00000000f0ee0000)
 tenured generation   total 10944K, used 6548K [0x00000000f5c00000, 0x00000000f66b0000, 0x0000000100000000)
   the space 10944K,  59% used [0x00000000f5c00000, 0x00000000f62651c8, 0x00000000f6265200, 0x00000000f66b0000)
 Metaspace       used 20141K, capacity 21498K, committed 21808K, reserved 1069056K
  class space    used 2475K, capacity 2746K, committed 2816K, reserved 1048576K
}
Event: 3.615 GC heap before
{Heap before GC invocations=45 (full 1):
 def new generation   total 4992K, used 4820K [0x00000000f0a00000, 0x00000000f0f60000, 0x00000000f5c00000)
  eden space 4480K, 100% used [0x00000000f0a00000, 0x00000000f0e60000, 0x00000000f0e60000)
  from space 512K,  66% used [0x00000000f0ee0000, 0x00000000f0f350d8, 0x00000000f0f60000)
  to   space 512K,   0% used [0x00000000f0e60000, 0x00000000f0e60000, 0x00000000f0ee0000)
 tenured generation   total 10944K, used 6548K [0x00000000f5c00000, 0x00000000f66b0000, 0x0000000100000000)
   the space 10944K,  59% used [0x00000000f5c00000, 0x00000000f62651c8, 0x00000000f6265200, 0x00000000f66b0000)
 Metaspace       used 20216K, capacity 21578K, committed 21808K, reserved 1069056K
  class space    used 2485K, capacity 2748K, committed 2816K, reserved 1048576K
Event: 3.617 GC heap after
Heap after GC invocations=46 (full 1):
 def new generation   total 4992K, used 277K [0x00000000f0a00000, 0x00000000f0f60000, 0x00000000f5c00000)
  eden space 4480K,   0% used [0x00000000f0a00000, 0x00000000f0a00000, 0x00000000f0e60000)
  from space 512K,  54% used [0x00000000f0e60000, 0x00000000f0ea5628, 0x00000000f0ee0000)
  to   space 512K,   0% used [0x00000000f0ee0000, 0x00000000f0ee0000, 0x00000000f0f60000)
 tenured generation   total 10944K, used 6691K [0x00000000f5c00000, 0x00000000f66b0000, 0x0000000100000000)
   the space 10944K,  61% used [0x00000000f5c00000, 0x00000000f6288d00, 0x00000000f6288e00, 0x00000000f66b0000)
 Metaspace       used 20216K, capacity 21578K, committed 21808K, reserved 1069056K
  class space    used 2485K, capacity 2748K, committed 2816K, reserved 1048576K
}
Event: 3.693 GC heap before
{Heap before GC invocations=46 (full 1):
 def new generation   total 4992K, used 4757K [0x00000000f0a00000, 0x00000000f0f60000, 0x00000000f5c00000)
  eden space 4480K, 100% used [0x00000000f0a00000, 0x00000000f0e60000, 0x00000000f0e60000)
  from space 512K,  54% used [0x00000000f0e60000, 0x00000000f0ea5628, 0x00000000f0ee0000)
  to   space 512K,   0% used [0x00000000f0ee0000, 0x00000000f0ee0000, 0x00000000f0f60000)
 tenured generation   total 10944K, used 6691K [0x00000000f5c00000, 0x00000000f66b0000, 0x0000000100000000)
   the space 10944K,  61% used [0x00000000f5c00000, 0x00000000f6288d00, 0x00000000f6288e00, 0x00000000f66b0000)
 Metaspace       used 20646K, capacity 22238K, committed 22448K, reserved 1069056K
  class space    used 2551K, capacity 2886K, committed 2944K, reserved 1048576K
Event: 3.695 GC heap after
Heap after GC invocations=47 (full 1):
 def new generation   total 4992K, used 473K [0x00000000f0a00000, 0x00000000f0f60000, 0x00000000f5c00000)
  eden space 4480K,   0% used [0x00000000f0a00000, 0x00000000f0a00000, 0x00000000f0e60000)
  from space 512K,  92% used [0x00000000f0ee0000, 0x00000000f0f56558, 0x00000000f0f60000)
  to   space 512K,   0% used [0x00000000f0e60000, 0x00000000f0e60000, 0x00000000f0ee0000)
 tenured generation   total 10944K, used 6828K [0x00000000f5c00000, 0x00000000f66b0000, 0x0000000100000000)
   the space 10944K,  62% used [0x00000000f5c00000, 0x00000000f62ab3d8, 0x00000000f62ab400, 0x00000000f66b0000)
 Metaspace       used 20646K, capacity 22238K, committed 22448K, reserved 1069056K
  class space    used 2551K, capacity 2886K, committed 2944K, reserved 1048576K
}
Event: 3.801 GC heap before
{Heap before GC invocations=47 (full 1):
 def new generation   total 4992K, used 4953K [0x00000000f0a00000, 0x00000000f0f60000, 0x00000000f5c00000)
  eden space 4480K, 100% used [0x00000000f0a00000, 0x00000000f0e60000, 0x00000000f0e60000)
  from space 512K,  92% used [0x00000000f0ee0000, 0x00000000f0f56558, 0x00000000f0f60000)
  to   space 512K,   0% used [0x00000000f0e60000, 0x00000000f0e60000, 0x00000000f0ee0000)
 tenured generation   total 10944K, used 6828K [0x00000000f5c00000, 0x00000000f66b0000, 0x0000000100000000)
   the space 10944K,  62% used [0x00000000f5c00000, 0x00000000f62ab3d8, 0x00000000f62ab400, 0x00000000f66b0000)
 Metaspace       used 20921K, capacity 22530K, committed 22704K, reserved 1069056K
  class space    used 2601K, capacity 2944K, committed 2944K, reserved 1048576K
Event: 3.803 GC heap after
Heap after GC invocations=48 (full 1):
 def new generation   total 4992K, used 351K [0x00000000f0a00000, 0x00000000f0f60000, 0x00000000f5c00000)
  eden space 4480K,   0% used [0x00000000f0a00000, 0x00000000f0a00000, 0x00000000f0e60000)
  from space 512K,  68% used [0x00000000f0e60000, 0x00000000f0eb7e90, 0x00000000f0ee0000)
  to   space 512K,   0% used [0x00000000f0ee0000, 0x00000000f0ee0000, 0x00000000f0f60000)
 tenured generation   total 10944K, used 6953K [0x00000000f5c00000, 0x00000000f66b0000, 0x0000000100000000)
   the space 10944K,  63% used [0x00000000f5c00000, 0x00000000f62ca788, 0x00000000f62ca800, 0x00000000f66b0000)
 Metaspace       used 20921K, capacity 22530K, committed 22704K, reserved 1069056K
  class space    used 2601K, capacity 2944K, committed 2944K, reserved 1048576K
}
Event: 3.918 GC heap before
{Heap before GC invocations=48 (full 1):
 def new generation   total 4992K, used 4831K [0x00000000f0a00000, 0x00000000f0f60000, 0x00000000f5c00000)
  eden space 4480K, 100% used [0x00000000f0a00000, 0x00000000f0e60000, 0x00000000f0e60000)
  from space 512K,  68% used [0x00000000f0e60000, 0x00000000f0eb7e90, 0x00000000f0ee0000)
  to   space 512K,   0% used [0x00000000f0ee0000, 0x00000000f0ee0000, 0x00000000f0f60000)
 tenured generation   total 10944K, used 6953K [0x00000000f5c00000, 0x00000000f66b0000, 0x0000000100000000)
   the space 10944K,  63% used [0x00000000f5c00000, 0x00000000f62ca788, 0x00000000f62ca800, 0x00000000f66b0000)
 Metaspace       used 21219K, capacity 22842K, committed 23088K, reserved 1069056K
  class space    used 2638K, capacity 2980K, committed 3072K, reserved 1048576K
Event: 3.921 GC heap after
Heap after GC invocations=49 (full 1):
 def new generation   total 4992K, used 393K [0x00000000f0a00000, 0x00000000f0f60000, 0x00000000f5c00000)
  eden space 4480K,   0% used [0x00000000f0a00000, 0x00000000f0a00000, 0x00000000f0e60000)
  from space 512K,  76% used [0x00000000f0ee0000, 0x00000000f0f426d8, 0x00000000f0f60000)
  to   space 512K,   0% used [0x00000000f0e60000, 0x00000000f0e60000, 0x00000000f0ee0000)
 tenured generation   total 10944K, used 7133K [0x00000000f5c00000, 0x00000000f66b0000, 0x0000000100000000)
   the space 10944K,  65% used [0x00000000f5c00000, 0x00000000f62f7738, 0x00000000f62f7800, 0x00000000f66b0000)
 Metaspace       used 21219K, capacity 22842K, committed 23088K, reserved 1069056K
  class space    used 2638K, capacity 2980K, committed 3072K, reserved 1048576K
}
Event: 3.992 GC heap before
{Heap before GC invocations=49 (full 1):
 def new generation   total 4992K, used 4873K [0x00000000f0a00000, 0x00000000f0f60000, 0x00000000f5c00000)
  eden space 4480K, 100% used [0x00000000f0a00000, 0x00000000f0e60000, 0x00000000f0e60000)
  from space 512K,  76% used [0x00000000f0ee0000, 0x00000000f0f426d8, 0x00000000f0f60000)
  to   space 512K,   0% used [0x00000000f0e60000, 0x00000000f0e60000, 0x00000000f0ee0000)
 tenured generation   total 10944K, used 7133K [0x00000000f5c00000, 0x00000000f66b0000, 0x0000000100000000)
   the space 10944K,  65% used [0x00000000f5c00000, 0x00000000f62f7738, 0x00000000f62f7800, 0x00000000f66b0000)
 Metaspace       used 21593K, capacity 23210K, committed 23344K, reserved 1069056K
  class space    used 2680K, capacity 3014K, committed 3072K, reserved 1048576K
Event: 3.995 GC heap after
Heap after GC invocations=50 (full 1):
 def new generation   total 4992K, used 510K [0x00000000f0a00000, 0x00000000f0f60000, 0x00000000f5c00000)
  eden space 4480K,   0% used [0x00000000f0a00000, 0x00000000f0a00000, 0x00000000f0e60000)
  from space 512K,  99% used [0x00000000f0e60000, 0x00000000f0edfbf0, 0x00000000f0ee0000)
  to   space 512K,   0% used [0x00000000f0ee0000, 0x00000000f0ee0000, 0x00000000f0f60000)
 tenured generation   total 10944K, used 7276K [0x00000000f5c00000, 0x00000000f66b0000, 0x0000000100000000)
   the space 10944K,  66% used [0x00000000f5c00000, 0x00000000f631b1e0, 0x00000000f631b200, 0x00000000f66b0000)
 Metaspace       used 21593K, capacity 23210K, committed 23344K, reserved 1069056K
  class space    used 2680K, capacity 3014K, committed 3072K, reserved 1048576K
}
Event: 4.132 GC heap before
{Heap before GC invocations=50 (full 1):
 def new generation   total 4992K, used 4990K [0x00000000f0a00000, 0x00000000f0f60000, 0x00000000f5c00000)
  eden space 4480K, 100% used [0x00000000f0a00000, 0x00000000f0e60000, 0x00000000f0e60000)
  from space 512K,  99% used [0x00000000f0e60000, 0x00000000f0edfbf0, 0x00000000f0ee0000)
  to   space 512K,   0% used [0x00000000f0ee0000, 0x00000000f0ee0000, 0x00000000f0f60000)
 tenured generation   total 10944K, used 7276K [0x00000000f5c00000, 0x00000000f66b0000, 0x0000000100000000)
   the space 10944K,  66% used [0x00000000f5c00000, 0x00000000f631b1e0, 0x00000000f631b200, 0x00000000f66b0000)
 Metaspace       used 21870K, capacity 23556K, committed 23808K, reserved 1071104K
  class space    used 2724K, capacity 3055K, committed 3072K, reserved 1048576K
Event: 4.134 GC heap after
Heap after GC invocations=51 (full 1):
 def new generation   total 4992K, used 413K [0x00000000f0a00000, 0x00000000f0f60000, 0x00000000f5c00000)
  eden space 4480K,   0% used [0x00000000f0a00000, 0x00000000f0a00000, 0x00000000f0e60000)
  from space 512K,  80% used [0x00000000f0ee0000, 0x00000000f0f476f8, 0x00000000f0f60000)
  to   space 512K,   0% used [0x00000000f0e60000, 0x00000000f0e60000, 0x00000000f0ee0000)
 tenured generation   total 10944K, used 7373K [0x00000000f5c00000, 0x00000000f66b0000, 0x0000000100000000)
   the space 10944K,  67% used [0x00000000f5c00000, 0x00000000f63337f0, 0x00000000f6333800, 0x00000000f66b0000)
 Metaspace       used 21870K, capacity 23556K, committed 23808K, reserved 1071104K
  class space    used 2724K, capacity 3055K, committed 3072K, reserved 1048576K
}
Event: 4.251 GC heap before
{Heap before GC invocations=51 (full 1):
 def new generation   total 4992K, used 4893K [0x00000000f0a00000, 0x00000000f0f60000, 0x00000000f5c00000)
  eden space 4480K, 100% used [0x00000000f0a00000, 0x00000000f0e60000, 0x00000000f0e60000)
  from space 512K,  80% used [0x00000000f0ee0000, 0x00000000f0f476f8, 0x00000000f0f60000)
  to   space 512K,   0% used [0x00000000f0e60000, 0x00000000f0e60000, 0x00000000f0ee0000)
 tenured generation   total 10944K, used 7373K [0x00000000f5c00000, 0x00000000f66b0000, 0x0000000100000000)
   the space 10944K,  67% used [0x00000000f5c00000, 0x00000000f63337f0, 0x00000000f6333800, 0x00000000f66b0000)
 Metaspace       used 22089K, capacity 23798K, committed 24192K, reserved 1071104K
  class space    used 2755K, capacity 3088K, committed 3200K, reserved 1048576K
Event: 4.253 GC heap after
Heap after GC invocations=52 (full 1):
 def new generation   total 4992K, used 409K [0x00000000f0a00000, 0x00000000f0f60000, 0x00000000f5c00000)
  eden space 4480K,   0% used [0x00000000f0a00000, 0x00000000f0a00000, 0x00000000f0e60000)
  from space 512K,  80% used [0x00000000f0e60000, 0x00000000f0ec67f0, 0x00000000f0ee0000)
  to   space 512K,   0% used [0x00000000f0ee0000, 0x00000000f0ee0000, 0x00000000f0f60000)
 tenured generation   total 10944K, used 7525K [0x00000000f5c00000, 0x00000000f66b0000, 0x0000000100000000)
   the space 10944K,  68% used [0x00000000f5c00000, 0x00000000f63596e8, 0x00000000f6359800, 0x00000000f66b0000)
 Metaspace       used 22089K, capacity 23798K, committed 24192K, reserved 1071104K
  class space    used 2755K, capacity 3088K, committed 3200K, reserved 1048576K
}
Event: 4.361 GC heap before
{Heap before GC invocations=52 (full 1):
 def new generation   total 4992K, used 4889K [0x00000000f0a00000, 0x00000000f0f60000, 0x00000000f5c00000)
  eden space 4480K, 100% used [0x00000000f0a00000, 0x00000000f0e60000, 0x00000000f0e60000)
  from space 512K,  80% used [0x00000000f0e60000, 0x00000000f0ec67f0, 0x00000000f0ee0000)
  to   space 512K,   0% used [0x00000000f0ee0000, 0x00000000f0ee0000, 0x00000000f0f60000)
 tenured generation   total 10944K, used 7525K [0x00000000f5c00000, 0x00000000f66b0000, 0x0000000100000000)
   the space 10944K,  68% used [0x00000000f5c00000, 0x00000000f63596e8, 0x00000000f6359800, 0x00000000f66b0000)
 Metaspace       used 22368K, capacity 24104K, committed 24448K, reserved 1071104K
  class space    used 2792K, capacity 3121K, committed 3200K, reserved 1048576K
Event: 4.364 GC heap after
Heap after GC invocations=53 (full 1):
 def new generation   total 4992K, used 466K [0x00000000f0a00000, 0x00000000f0f60000, 0x00000000f5c00000)
  eden space 4480K,   0% used [0x00000000f0a00000, 0x00000000f0a00000, 0x00000000f0e60000)
  from space 512K,  91% used [0x00000000f0ee0000, 0x00000000f0f548c8, 0x00000000f0f60000)
  to   space 512K,   0% used [0x00000000f0e60000, 0x00000000f0e60000, 0x00000000f0ee0000)
 tenured generation   total 10944K, used 7707K [0x00000000f5c00000, 0x00000000f66b0000, 0x0000000100000000)
   the space 10944K,  70% used [0x00000000f5c00000, 0x00000000f6386dc8, 0x00000000f6386e00, 0x00000000f66b0000)
 Metaspace       used 22368K, capacity 24104K, committed 24448K, reserved 1071104K
  class space    used 2792K, capacity 3121K, committed 3200K, reserved 1048576K
}
Event: 4.436 GC heap before
{Heap before GC invocations=53 (full 1):
 def new generation   total 4992K, used 4946K [0x00000000f0a00000, 0x00000000f0f60000, 0x00000000f5c00000)
  eden space 4480K, 100% used [0x00000000f0a00000, 0x00000000f0e60000, 0x00000000f0e60000)
  from space 512K,  91% used [0x00000000f0ee0000, 0x00000000f0f548c8, 0x00000000f0f60000)
  to   space 512K,   0% used [0x00000000f0e60000, 0x00000000f0e60000, 0x00000000f0ee0000)
 tenured generation   total 10944K, used 7707K [0x00000000f5c00000, 0x00000000f66b0000, 0x0000000100000000)
   the space 10944K,  70% used [0x00000000f5c00000, 0x00000000f6386dc8, 0x00000000f6386e00, 0x00000000f66b0000)
 Metaspace       used 22620K, capacity 24328K, committed 24448K, reserved 1071104K
  class space    used 2834K, capacity 3153K, committed 3200K, reserved 1048576K
Event: 4.438 GC heap after
Heap after GC invocations=54 (full 1):
 def new generation   total 4992K, used 360K [0x00000000f0a00000, 0x00000000f0f60000, 0x00000000f5c00000)
  eden space 4480K,   0% used [0x00000000f0a00000, 0x00000000f0a00000, 0x00000000f0e60000)
  from space 512K,  70% used [0x00000000f0e60000, 0x00000000f0eba138, 0x00000000f0ee0000)
  to   space 512K,   0% used [0x00000000f0ee0000, 0x00000000f0ee0000, 0x00000000f0f60000)
 tenured generation   total 10944K, used 7875K [0x00000000f5c00000, 0x00000000f66b0000, 0x0000000100000000)
   the space 10944K,  71% used [0x00000000f5c00000, 0x00000000f63b0e58, 0x00000000f63b1000, 0x00000000f66b0000)
 Metaspace       used 22620K, capacity 24328K, committed 24448K, reserved 1071104K
  class space    used 2834K, capacity 3153K, committed 3200K, reserved 1048576K
}
Event: 4.524 GC heap before
{Heap before GC invocations=54 (full 1):
 def new generation   total 4992K, used 4840K [0x00000000f0a00000, 0x00000000f0f60000, 0x00000000f5c00000)
  eden space 4480K, 100% used [0x00000000f0a00000, 0x00000000f0e60000, 0x00000000f0e60000)
  from space 512K,  70% used [0x00000000f0e60000, 0x00000000f0eba138, 0x00000000f0ee0000)
  to   space 512K,   0% used [0x00000000f0ee0000, 0x00000000f0ee0000, 0x00000000f0f60000)
 tenured generation   total 10944K, used 7875K [0x00000000f5c00000, 0x00000000f66b0000, 0x0000000100000000)
   the space 10944K,  71% used [0x00000000f5c00000, 0x00000000f63b0e58, 0x00000000f63b1000, 0x00000000f66b0000)
 Metaspace       used 22994K, capacity 24712K, committed 25088K, reserved 1071104K
  class space    used 2875K, capacity 3217K, committed 3328K, reserved 1048576K
Event: 4.526 GC heap after
Heap after GC invocations=55 (full 1):
 def new generation   total 4992K, used 381K [0x00000000f0a00000, 0x00000000f0f60000, 0x00000000f5c00000)
  eden space 4480K,   0% used [0x00000000f0a00000, 0x00000000f0a00000, 0x00000000f0e60000)
  from space 512K,  74% used [0x00000000f0ee0000, 0x00000000f0f3f580, 0x00000000f0f60000)
  to   space 512K,   0% used [0x00000000f0e60000, 0x00000000f0e60000, 0x00000000f0ee0000)
 tenured generation   total 10944K, used 8002K [0x00000000f5c00000, 0x00000000f66b0000, 0x0000000100000000)
   the space 10944K,  73% used [0x00000000f5c00000, 0x00000000f63d08f0, 0x00000000f63d0a00, 0x00000000f66b0000)
 Metaspace       used 22994K, capacity 24712K, committed 25088K, reserved 1071104K
  class space    used 2875K, capacity 3217K, committed 3328K, reserved 1048576K
}
Event: 4.681 GC heap before
{Heap before GC invocations=55 (full 1):
 def new generation   total 4992K, used 4861K [0x00000000f0a00000, 0x00000000f0f60000, 0x00000000f5c00000)
  eden space 4480K, 100% used [0x00000000f0a00000, 0x00000000f0e60000, 0x00000000f0e60000)
  from space 512K,  74% used [0x00000000f0ee0000, 0x00000000f0f3f580, 0x00000000f0f60000)
  to   space 512K,   0% used [0x00000000f0e60000, 0x00000000f0e60000, 0x00000000f0ee0000)
 tenured generation   total 10944K, used 8002K [0x00000000f5c00000, 0x00000000f66b0000, 0x0000000100000000)
   the space 10944K,  73% used [0x00000000f5c00000, 0x00000000f63d08f0, 0x00000000f63d0a00, 0x00000000f66b0000)
 Metaspace       used 23369K, capacity 25078K, committed 25344K, reserved 1071104K
  class space    used 2922K, capacity 3252K, committed 3328K, reserved 1048576K
Event: 4.684 GC heap after
Heap after GC invocations=56 (full 1):
 def new generation   total 4992K, used 377K [0x00000000f0a00000, 0x00000000f0f60000, 0x00000000f5c00000)
  eden space 4480K,   0% used [0x00000000f0a00000, 0x00000000f0a00000, 0x00000000f0e60000)
  from space 512K,  73% used [0x00000000f0e60000, 0x00000000f0ebe5a8, 0x00000000f0ee0000)
  to   space 512K,   0% used [0x00000000f0ee0000, 0x00000000f0ee0000, 0x00000000f0f60000)
 tenured generation   total 10944K, used 8082K [0x00000000f5c00000, 0x00000000f66b0000, 0x0000000100000000)
   the space 10944K,  73% used [0x00000000f5c00000, 0x00000000f63e4810, 0x00000000f63e4a00, 0x00000000f66b0000)
 Metaspace       used 23369K, capacity 25078K, committed 25344K, reserved 1071104K
  class space    used 2922K, capacity 3252K, committed 3328K, reserved 1048576K
}
Event: 4.789 GC heap before
{Heap before GC invocations=56 (full 1):
 def new generation   total 4992K, used 4857K [0x00000000f0a00000, 0x00000000f0f60000, 0x00000000f5c00000)
  eden space 4480K, 100% used [0x00000000f0a00000, 0x00000000f0e60000, 0x00000000f0e60000)
  from space 512K,  73% used [0x00000000f0e60000, 0x00000000f0ebe5a8, 0x00000000f0ee0000)
  to   space 512K,   0% used [0x00000000f0ee0000, 0x00000000f0ee0000, 0x00000000f0f60000)
 tenured generation   total 10944K, used 8082K [0x00000000f5c00000, 0x00000000f66b0000, 0x0000000100000000)
   the space 10944K,  73% used [0x00000000f5c00000, 0x00000000f63e4810, 0x00000000f63e4a00, 0x00000000f66b0000)
 Metaspace       used 23750K, capacity 25484K, committed 25600K, reserved 1071104K
  class space    used 2965K, capacity 3293K, committed 3328K, reserved 1048576K
Event: 4.792 GC heap after
Heap after GC invocations=57 (full 1):
 def new generation   total 4992K, used 496K [0x00000000f0a00000, 0x00000000f0f60000, 0x00000000f5c00000)
  eden space 4480K,   0% used [0x00000000f0a00000, 0x00000000f0a00000, 0x00000000f0e60000)
  from space 512K,  97% used [0x00000000f0ee0000, 0x00000000f0f5c328, 0x00000000f0f60000)
  to   space 512K,   0% used [0x00000000f0e60000, 0x00000000f0e60000, 0x00000000f0ee0000)
 tenured generation   total 10944K, used 8244K [0x00000000f5c00000, 0x00000000f66b0000, 0x0000000100000000)
   the space 10944K,  75% used [0x00000000f5c00000, 0x00000000f640d128, 0x00000000f640d200, 0x00000000f66b0000)
 Metaspace       used 23750K, capacity 25484K, committed 25600K, reserved 1071104K
  class space    used 2965K, capacity 3293K, committed 3328K, reserved 1048576K
}
Event: 4.876 GC heap before
{Heap before GC invocations=57 (full 1):
 def new generation   total 4992K, used 4976K [0x00000000f0a00000, 0x00000000f0f60000, 0x00000000f5c00000)
  eden space 4480K, 100% used [0x00000000f0a00000, 0x00000000f0e60000, 0x00000000f0e60000)
  from space 512K,  97% used [0x00000000f0ee0000, 0x00000000f0f5c328, 0x00000000f0f60000)
  to   space 512K,   0% used [0x00000000f0e60000, 0x00000000f0e60000, 0x00000000f0ee0000)
 tenured generation   total 10944K, used 8244K [0x00000000f5c00000, 0x00000000f66b0000, 0x0000000100000000)
   the space 10944K,  75% used [0x00000000f5c00000, 0x00000000f640d128, 0x00000000f640d200, 0x00000000f66b0000)
 Metaspace       used 24273K, capacity 25996K, committed 26240K, reserved 1073152K
  class space    used 3023K, capacity 3357K, committed 3456K, reserved 1048576K
Event: 4.878 GC heap after
Heap after GC invocations=58 (full 1):
 def new generation   total 4992K, used 511K [0x00000000f0a00000, 0x00000000f0f60000, 0x00000000f5c00000)
  eden space 4480K,   0% used [0x00000000f0a00000, 0x00000000f0a00000, 0x00000000f0e60000)
  from space 512K,  99% used [0x00000000f0e60000, 0x00000000f0edff28, 0x00000000f0ee0000)
  to   space 512K,   0% used [0x00000000f0ee0000, 0x00000000f0ee0000, 0x00000000f0f60000)
 tenured generation   total 10944K, used 8616K [0x00000000f5c00000, 0x00000000f66b0000, 0x0000000100000000)
   the space 10944K,  78% used [0x00000000f5c00000, 0x00000000f646a018, 0x00000000f646a200, 0x00000000f66b0000)
 Metaspace       used 24273K, capacity 25996K, committed 26240K, reserved 1073152K
  class space    used 3023K, capacity 3357K, committed 3456K, reserved 1048576K
}
Event: 4.967 GC heap before
{Heap before GC invocations=58 (full 1):
 def new generation   total 4992K, used 4991K [0x00000000f0a00000, 0x00000000f0f60000, 0x00000000f5c00000)
  eden space 4480K, 100% used [0x00000000f0a00000, 0x00000000f0e60000, 0x00000000f0e60000)
  from space 512K,  99% used [0x00000000f0e60000, 0x00000000f0edff28, 0x00000000f0ee0000)
  to   space 512K,   0% used [0x00000000f0ee0000, 0x00000000f0ee0000, 0x00000000f0f60000)
 tenured generation   total 10944K, used 8616K [0x00000000f5c00000, 0x00000000f66b0000, 0x0000000100000000)
   the space 10944K,  78% used [0x00000000f5c00000, 0x00000000f646a018, 0x00000000f646a200, 0x00000000f66b0000)
 Metaspace       used 24783K, capacity 26482K, committed 26752K, reserved 1073152K
  class space    used 3074K, capacity 3390K, committed 3456K, reserved 1048576K
Event: 4.970 GC heap after
Heap after GC invocations=59 (full 1):
 def new generation   total 4992K, used 512K [0x00000000f0a00000, 0x00000000f0f60000, 0x00000000f5c00000)
  eden space 4480K,   0% used [0x00000000f0a00000, 0x00000000f0a00000, 0x00000000f0e60000)
  from space 512K, 100% used [0x00000000f0ee0000, 0x00000000f0f60000, 0x00000000f0f60000)
  to   space 512K,   0% used [0x00000000f0e60000, 0x00000000f0e60000, 0x00000000f0ee0000)
 tenured generation   total 10944K, used 8835K [0x00000000f5c00000, 0x00000000f66b0000, 0x0000000100000000)
   the space 10944K,  80% used [0x00000000f5c00000, 0x00000000f64a0c40, 0x00000000f64a0e00, 0x00000000f66b0000)
 Metaspace       used 24783K, capacity 26482K, committed 26752K, reserved 1073152K
  class space    used 3074K, capacity 3390K, committed 3456K, reserved 1048576K
}
Event: 5.052 GC heap before
{Heap before GC invocations=59 (full 1):
 def new generation   total 4992K, used 4992K [0x00000000f0a00000, 0x00000000f0f60000, 0x00000000f5c00000)
  eden space 4480K, 100% used [0x00000000f0a00000, 0x00000000f0e60000, 0x00000000f0e60000)
  from space 512K, 100% used [0x00000000f0ee0000, 0x00000000f0f60000, 0x00000000f0f60000)
  to   space 512K,   0% used [0x00000000f0e60000, 0x00000000f0e60000, 0x00000000f0ee0000)
 tenured generation   total 10944K, used 8835K [0x00000000f5c00000, 0x00000000f66b0000, 0x0000000100000000)
   the space 10944K,  80% used [0x00000000f5c00000, 0x00000000f64a0c40, 0x00000000f64a0e00, 0x00000000f66b0000)
 Metaspace       used 25026K, capacity 26838K, committed 27008K, reserved 1073152K
  class space    used 3110K, capacity 3434K, committed 3456K, reserved 1048576K
Event: 5.055 GC heap after
Heap after GC invocations=60 (full 1):
 def new generation   total 4992K, used 378K [0x00000000f0a00000, 0x00000000f0f60000, 0x00000000f5c00000)
  eden space 4480K,   0% used [0x00000000f0a00000, 0x00000000f0a00000, 0x00000000f0e60000)
  from space 512K,  74% used [0x00000000f0e60000, 0x00000000f0ebebd0, 0x00000000f0ee0000)
  to   space 512K,   0% used [0x00000000f0ee0000, 0x00000000f0ee0000, 0x00000000f0f60000)
 tenured generation   total 10944K, used 9036K [0x00000000f5c00000, 0x00000000f66b0000, 0x0000000100000000)
   the space 10944K,  82% used [0x00000000f5c00000, 0x00000000f64d3160, 0x00000000f64d3200, 0x00000000f66b0000)
 Metaspace       used 25026K, capacity 26838K, committed 27008K, reserved 1073152K
  class space    used 3110K, capacity 3434K, committed 3456K, reserved 1048576K
}
Event: 5.131 GC heap before
{Heap before GC invocations=60 (full 1):
 def new generation   total 4992K, used 4858K [0x00000000f0a00000, 0x00000000f0f60000, 0x00000000f5c00000)
  eden space 4480K, 100% used [0x00000000f0a00000, 0x00000000f0e60000, 0x00000000f0e60000)
  from space 512K,  74% used [0x00000000f0e60000, 0x00000000f0ebebd0, 0x00000000f0ee0000)
  to   space 512K,   0% used [0x00000000f0ee0000, 0x00000000f0ee0000, 0x00000000f0f60000)
 tenured generation   total 10944K, used 9036K [0x00000000f5c00000, 0x00000000f66b0000, 0x0000000100000000)
   the space 10944K,  82% used [0x00000000f5c00000, 0x00000000f64d3160, 0x00000000f64d3200, 0x00000000f66b0000)
 Metaspace       used 25207K, capacity 27010K, committed 27136K, reserved 1073152K
  class space    used 3140K, capacity 3470K, committed 3584K, reserved 1048576K
Event: 5.133 GC heap after
Heap after GC invocations=61 (full 1):
 def new generation   total 4992K, used 274K [0x00000000f0a00000, 0x00000000f0f60000, 0x00000000f5c00000)
  eden space 4480K,   0% used [0x00000000f0a00000, 0x00000000f0a00000, 0x00000000f0e60000)
  from space 512K,  53% used [0x00000000f0ee0000, 0x00000000f0f24ad0, 0x00000000f0f60000)
  to   space 512K,   0% used [0x00000000f0e60000, 0x00000000f0e60000, 0x00000000f0ee0000)
 tenured generation   total 10944K, used 9255K [0x00000000f5c00000, 0x00000000f66b0000, 0x0000000100000000)
   the space 10944K,  84% used [0x00000000f5c00000, 0x00000000f6509fb0, 0x00000000f650a000, 0x00000000f66b0000)
 Metaspace       used 25207K, capacity 27010K, committed 27136K, reserved 1073152K
  class space    used 3140K, capacity 3470K, committed 3584K, reserved 1048576K
}
Event: 5.216 GC heap before
{Heap before GC invocations=61 (full 1):
 def new generation   total 4992K, used 4754K [0x00000000f0a00000, 0x00000000f0f60000, 0x00000000f5c00000)
  eden space 4480K, 100% used [0x00000000f0a00000, 0x00000000f0e60000, 0x00000000f0e60000)
  from space 512K,  53% used [0x00000000f0ee0000, 0x00000000f0f24ad0, 0x00000000f0f60000)
  to   space 512K,   0% used [0x00000000f0e60000, 0x00000000f0e60000, 0x00000000f0ee0000)
 tenured generation   total 10944K, used 9255K [0x00000000f5c00000, 0x00000000f66b0000, 0x0000000100000000)
   the space 10944K,  84% used [0x00000000f5c00000, 0x00000000f6509fb0, 0x00000000f650a000, 0x00000000f66b0000)
 Metaspace       used 25283K, capacity 27022K, committed 27136K, reserved 1073152K
  class space    used 3147K, capacity 3474K, committed 3584K, reserved 1048576K
Event: 5.219 GC heap after
Heap after GC invocations=62 (full 1):
 def new generation   total 4992K, used 167K [0x00000000f0a00000, 0x00000000f0f60000, 0x00000000f5c00000)
  eden space 4480K,   0% used [0x00000000f0a00000, 0x00000000f0a00000, 0x00000000f0e60000)
  from space 512K,  32% used [0x00000000f0e60000, 0x00000000f0e89f30, 0x00000000f0ee0000)
  to   space 512K,   0% used [0x00000000f0ee0000, 0x00000000f0ee0000, 0x00000000f0f60000)
 tenured generation   total 10944K, used 9381K [0x00000000f5c00000, 0x00000000f66b0000, 0x0000000100000000)
   the space 10944K,  85% used [0x00000000f5c00000, 0x00000000f65296b8, 0x00000000f6529800, 0x00000000f66b0000)
 Metaspace       used 25283K, capacity 27022K, committed 27136K, reserved 1073152K
  class space    used 3147K, capacity 3474K, committed 3584K, reserved 1048576K
}
Event: 5.335 GC heap before
{Heap before GC invocations=62 (full 1):
 def new generation   total 4992K, used 4647K [0x00000000f0a00000, 0x00000000f0f60000, 0x00000000f5c00000)
  eden space 4480K, 100% used [0x00000000f0a00000, 0x00000000f0e60000, 0x00000000f0e60000)
  from space 512K,  32% used [0x00000000f0e60000, 0x00000000f0e89f30, 0x00000000f0ee0000)
  to   space 512K,   0% used [0x00000000f0ee0000, 0x00000000f0ee0000, 0x00000000f0f60000)
 tenured generation   total 10944K, used 9381K [0x00000000f5c00000, 0x00000000f66b0000, 0x0000000100000000)
   the space 10944K,  85% used [0x00000000f5c00000, 0x00000000f65296b8, 0x00000000f6529800, 0x00000000f66b0000)
 Metaspace       used 25944K, capacity 27740K, committed 27904K, reserved 1073152K
  class space    used 3221K, capacity 3541K, committed 3584K, reserved 1048576K
Event: 5.338 GC heap after
Heap after GC invocations=63 (full 1):
 def new generation   total 4992K, used 512K [0x00000000f0a00000, 0x00000000f0f60000, 0x00000000f5c00000)
  eden space 4480K,   0% used [0x00000000f0a00000, 0x00000000f0a00000, 0x00000000f0e60000)
  from space 512K, 100% used [0x00000000f0ee0000, 0x00000000f0f60000, 0x00000000f0f60000)
  to   space 512K,   0% used [0x00000000f0e60000, 0x00000000f0e60000, 0x00000000f0ee0000)
 tenured generation   total 10944K, used 9712K [0x00000000f5c00000, 0x00000000f66b0000, 0x0000000100000000)
   the space 10944K,  88% used [0x00000000f5c00000, 0x00000000f657c3a0, 0x00000000f657c400, 0x00000000f66b0000)
 Metaspace       used 25944K, capacity 27740K, committed 27904K, reserved 1073152K
  class space    used 3221K, capacity 3541K, committed 3584K, reserved 1048576K
}
Event: 5.406 GC heap before
{Heap before GC invocations=63 (full 1):
 def new generation   total 4992K, used 4992K [0x00000000f0a00000, 0x00000000f0f60000, 0x00000000f5c00000)
  eden space 4480K, 100% used [0x00000000f0a00000, 0x00000000f0e60000, 0x00000000f0e60000)
  from space 512K, 100% used [0x00000000f0ee0000, 0x00000000f0f60000, 0x00000000f0f60000)
  to   space 512K,   0% used [0x00000000f0e60000, 0x00000000f0e60000, 0x00000000f0ee0000)
 tenured generation   total 10944K, used 9712K [0x00000000f5c00000, 0x00000000f66b0000, 0x0000000100000000)
   the space 10944K,  88% used [0x00000000f5c00000, 0x00000000f657c3a0, 0x00000000f657c400, 0x00000000f66b0000)
 Metaspace       used 26736K, capacity 28540K, committed 28800K, reserved 1075200K
  class space    used 3314K, capacity 3637K, committed 3712K, reserved 1048576K
Event: 5.409 GC heap after
Heap after GC invocations=64 (full 1):
 def new generation   total 4992K, used 512K [0x00000000f0a00000, 0x00000000f0f60000, 0x00000000f5c00000)
  eden space 4480K,   0% used [0x00000000f0a00000, 0x00000000f0a00000, 0x00000000f0e60000)
  from space 512K, 100% used [0x00000000f0e60000, 0x00000000f0ee0000, 0x00000000f0ee0000)
  to   space 512K,   0% used [0x00000000f0ee0000, 0x00000000f0ee0000, 0x00000000f0f60000)
 tenured generation   total 10944K, used 10371K [0x00000000f5c00000, 0x00000000f66b0000, 0x0000000100000000)
   the space 10944K,  94% used [0x00000000f5c00000, 0x00000000f6620d40, 0x00000000f6620e00, 0x00000000f66b0000)
 Metaspace       used 26736K, capacity 28540K, committed 28800K, reserved 1075200K
  class space    used 3314K, capacity 3637K, committed 3712K, reserved 1048576K
}
Event: 5.506 GC heap before
{Heap before GC invocations=64 (full 1):
 def new generation   total 4992K, used 4992K [0x00000000f0a00000, 0x00000000f0f60000, 0x00000000f5c00000)
  eden space 4480K, 100% used [0x00000000f0a00000, 0x00000000f0e60000, 0x00000000f0e60000)
  from space 512K, 100% used [0x00000000f0e60000, 0x00000000f0ee0000, 0x00000000f0ee0000)
  to   space 512K,   0% used [0x00000000f0ee0000, 0x00000000f0ee0000, 0x00000000f0f60000)
 tenured generation   total 10944K, used 10371K [0x00000000f5c00000, 0x00000000f66b0000, 0x0000000100000000)
   the space 10944K,  94% used [0x00000000f5c00000, 0x00000000f6620d40, 0x00000000f6620e00, 0x00000000f66b0000)
 Metaspace       used 27487K, capacity 29282K, committed 29440K, reserved 1075200K
  class space    used 3407K, capacity 3734K, committed 3840K, reserved 1048576K
Event: 5.508 GC heap after
Heap after GC invocations=65 (full 1):
 def new generation   total 4992K, used 512K [0x00000000f0a00000, 0x00000000f0f60000, 0x00000000f5c00000)
  eden space 4480K,   0% used [0x00000000f0a00000, 0x00000000f0a00000, 0x00000000f0e60000)
  from space 512K, 100% used [0x00000000f0ee0000, 0x00000000f0f60000, 0x00000000f0f60000)
  to   space 512K,   0% used [0x00000000f0e60000, 0x00000000f0e60000, 0x00000000f0ee0000)
 tenured generation   total 10944K, used 10635K [0x00000000f5c00000, 0x00000000f66b0000, 0x0000000100000000)
   the space 10944K,  97% used [0x00000000f5c00000, 0x00000000f6662e88, 0x00000000f6663000, 0x00000000f66b0000)
 Metaspace       used 27487K, capacity 29282K, committed 29440K, reserved 1075200K
  class space    used 3407K, capacity 3734K, committed 3840K, reserved 1048576K
}
Event: 5.592 GC heap before
{Heap before GC invocations=65 (full 1):
 def new generation   total 4992K, used 4992K [0x00000000f0a00000, 0x00000000f0f60000, 0x00000000f5c00000)
  eden space 4480K, 100% used [0x00000000f0a00000, 0x00000000f0e60000, 0x00000000f0e60000)
  from space 512K, 100% used [0x00000000f0ee0000, 0x00000000f0f60000, 0x00000000f0f60000)
  to   space 512K,   0% used [0x00000000f0e60000, 0x00000000f0e60000, 0x00000000f0ee0000)
 tenured generation   total 10944K, used 10635K [0x00000000f5c00000, 0x00000000f66b0000, 0x0000000100000000)
   the space 10944K,  97% used [0x00000000f5c00000, 0x00000000f6662e88, 0x00000000f6663000, 0x00000000f66b0000)
 Metaspace       used 27617K, capacity 29456K, committed 29696K, reserved 1075200K
  class space    used 3418K, capacity 3767K, committed 3840K, reserved 1048576K
Event: 5.595 GC heap after
Heap after GC invocations=66 (full 1):
 def new generation   total 4992K, used 296K [0x00000000f0a00000, 0x00000000f0f60000, 0x00000000f5c00000)
  eden space 4480K,   0% used [0x00000000f0a00000, 0x00000000f0a00000, 0x00000000f0e60000)
  from space 512K,  57% used [0x00000000f0e60000, 0x00000000f0eaa330, 0x00000000f0ee0000)
  to   space 512K,   0% used [0x00000000f0ee0000, 0x00000000f0ee0000, 0x00000000f0f60000)
 tenured generation   total 10944K, used 10741K [0x00000000f5c00000, 0x00000000f66b0000, 0x0000000100000000)
   the space 10944K,  98% used [0x00000000f5c00000, 0x00000000f667d450, 0x00000000f667d600, 0x00000000f66b0000)
 Metaspace       used 27617K, capacity 29456K, committed 29696K, reserved 1075200K
  class space    used 3418K, capacity 3767K, committed 3840K, reserved 1048576K
}
Event: 5.693 GC heap before
{Heap before GC invocations=66 (full 1):
 def new generation   total 4992K, used 4776K [0x00000000f0a00000, 0x00000000f0f60000, 0x00000000f5c00000)
  eden space 4480K, 100% used [0x00000000f0a00000, 0x00000000f0e60000, 0x00000000f0e60000)
  from space 512K,  57% used [0x00000000f0e60000, 0x00000000f0eaa330, 0x00000000f0ee0000)
  to   space 512K,   0% used [0x00000000f0ee0000, 0x00000000f0ee0000, 0x00000000f0f60000)
 tenured generation   total 10944K, used 10741K [0x00000000f5c00000, 0x00000000f66b0000, 0x0000000100000000)
   the space 10944K,  98% used [0x00000000f5c00000, 0x00000000f667d450, 0x00000000f667d600, 0x00000000f66b0000)
 Metaspace       used 27816K, capacity 29634K, committed 29952K, reserved 1075200K
  class space    used 3446K, capacity 3802K, committed 3840K, reserved 1048576K
Event: 5.697 GC heap after
Heap after GC invocations=67 (full 1):
 def new generation   total 4992K, used 365K [0x00000000f0a00000, 0x00000000f0f60000, 0x00000000f5c00000)
  eden space 4480K,   0% used [0x00000000f0a00000, 0x00000000f0a00000, 0x00000000f0e60000)
  from space 512K,  71% used [0x00000000f0ee0000, 0x00000000f0f3b4d0, 0x00000000f0f60000)
  to   space 512K,   0% used [0x00000000f0e60000, 0x00000000f0e60000, 0x00000000f0ee0000)
 tenured generation   total 10944K, used 10900K [0x00000000f5c00000, 0x00000000f66b0000, 0x0000000100000000)
   the space 10944K,  99% used [0x00000000f5c00000, 0x00000000f66a53d0, 0x00000000f66a5400, 0x00000000f66b0000)
 Metaspace       used 27816K, capacity 29634K, committed 29952K, reserved 1075200K
  class space    used 3446K, capacity 3802K, committed 3840K, reserved 1048576K
}
Event: 5.787 GC heap before
{Heap before GC invocations=67 (full 1):
 def new generation   total 4992K, used 4845K [0x00000000f0a00000, 0x00000000f0f60000, 0x00000000f5c00000)
  eden space 4480K, 100% used [0x00000000f0a00000, 0x00000000f0e60000, 0x00000000f0e60000)
  from space 512K,  71% used [0x00000000f0ee0000, 0x00000000f0f3b4d0, 0x00000000f0f60000)
  to   space 512K,   0% used [0x00000000f0e60000, 0x00000000f0e60000, 0x00000000f0ee0000)
 tenured generation   total 10944K, used 10900K [0x00000000f5c00000, 0x00000000f66b0000, 0x0000000100000000)
   the space 10944K,  99% used [0x00000000f5c00000, 0x00000000f66a53d0, 0x00000000f66a5400, 0x00000000f66b0000)
 Metaspace       used 27925K, capacity 29792K, committed 29952K, reserved 1075200K
  class space    used 3463K, capacity 3809K, committed 3840K, reserved 1048576K
Event: 5.837 GC heap after
Heap after GC invocations=68 (full 2):
 def new generation   total 7232K, used 0K [0x00000000f0a00000, 0x00000000f11d0000, 0x00000000f5c00000)
  eden space 6464K,   0% used [0x00000000f0a00000, 0x00000000f0a00000, 0x00000000f1050000)
  from space 768K,   0% used [0x00000000f1050000, 0x00000000f1050000, 0x00000000f1110000)
  to   space 768K,   0% used [0x00000000f1110000, 0x00000000f1110000, 0x00000000f11d0000)
 tenured generation   total 15960K, used 9575K [0x00000000f5c00000, 0x00000000f6b96000, 0x0000000100000000)
   the space 15960K,  59% used [0x00000000f5c00000, 0x00000000f6559d08, 0x00000000f6559e00, 0x00000000f6b96000)
 Metaspace       used 27925K, capacity 29792K, committed 29952K, reserved 1075200K
  class space    used 3463K, capacity 3809K, committed 3840K, reserved 1048576K
}
Event: 6.105 GC heap before
{Heap before GC invocations=68 (full 2):
 def new generation   total 7232K, used 6464K [0x00000000f0a00000, 0x00000000f11d0000, 0x00000000f5c00000)
  eden space 6464K, 100% used [0x00000000f0a00000, 0x00000000f1050000, 0x00000000f1050000)
  from space 768K,   0% used [0x00000000f1050000, 0x00000000f1050000, 0x00000000f1110000)
  to   space 768K,   0% used [0x00000000f1110000, 0x00000000f1110000, 0x00000000f11d0000)
 tenured generation   total 15960K, used 9575K [0x00000000f5c00000, 0x00000000f6b96000, 0x0000000100000000)
   the space 15960K,  59% used [0x00000000f5c00000, 0x00000000f6559d08, 0x00000000f6559e00, 0x00000000f6b96000)
 Metaspace       used 29620K, capacity 31418K, committed 31744K, reserved 1077248K
  class space    used 3672K, capacity 4010K, committed 4096K, reserved 1048576K
Event: 6.110 GC heap after
Heap after GC invocations=69 (full 2):
 def new generation   total 7232K, used 767K [0x00000000f0a00000, 0x00000000f11d0000, 0x00000000f5c00000)
  eden space 6464K,   0% used [0x00000000f0a00000, 0x00000000f0a00000, 0x00000000f1050000)
  from space 768K,  99% used [0x00000000f1110000, 0x00000000f11cfff8, 0x00000000f11d0000)
  to   space 768K,   0% used [0x00000000f1050000, 0x00000000f1050000, 0x00000000f1110000)
 tenured generation   total 15960K, used 10069K [0x00000000f5c00000, 0x00000000f6b96000, 0x0000000100000000)
   the space 15960K,  63% used [0x00000000f5c00000, 0x00000000f65d57a8, 0x00000000f65d5800, 0x00000000f6b96000)
 Metaspace       used 29620K, capacity 31418K, committed 31744K, reserved 1077248K
  class space    used 3672K, capacity 4010K, committed 4096K, reserved 1048576K
}
Event: 6.212 GC heap before
{Heap before GC invocations=69 (full 2):
 def new generation   total 7232K, used 7231K [0x00000000f0a00000, 0x00000000f11d0000, 0x00000000f5c00000)
  eden space 6464K, 100% used [0x00000000f0a00000, 0x00000000f1050000, 0x00000000f1050000)
  from space 768K,  99% used [0x00000000f1110000, 0x00000000f11cfff8, 0x00000000f11d0000)
  to   space 768K,   0% used [0x00000000f1050000, 0x00000000f1050000, 0x00000000f1110000)
 tenured generation   total 15960K, used 10069K [0x00000000f5c00000, 0x00000000f6b96000, 0x0000000100000000)
   the space 15960K,  63% used [0x00000000f5c00000, 0x00000000f65d57a8, 0x00000000f65d5800, 0x00000000f6b96000)
 Metaspace       used 29664K, capacity 31546K, committed 31744K, reserved 1077248K
  class space    used 3672K, capacity 4010K, committed 4096K, reserved 1048576K
Event: 6.216 GC heap after
Heap after GC invocations=70 (full 2):
 def new generation   total 7232K, used 756K [0x00000000f0a00000, 0x00000000f11d0000, 0x00000000f5c00000)
  eden space 6464K,   0% used [0x00000000f0a00000, 0x00000000f0a00000, 0x00000000f1050000)
  from space 768K,  98% used [0x00000000f1050000, 0x00000000f110d180, 0x00000000f1110000)
  to   space 768K,   0% used [0x00000000f1110000, 0x00000000f1110000, 0x00000000f11d0000)
 tenured generation   total 15960K, used 11018K [0x00000000f5c00000, 0x00000000f6b96000, 0x0000000100000000)
   the space 15960K,  69% used [0x00000000f5c00000, 0x00000000f66c29d8, 0x00000000f66c2a00, 0x00000000f6b96000)
 Metaspace       used 29664K, capacity 31546K, committed 31744K, reserved 1077248K
  class space    used 3672K, capacity 4010K, committed 4096K, reserved 1048576K
}
Event: 6.294 GC heap before
{Heap before GC invocations=70 (full 2):
 def new generation   total 7232K, used 7220K [0x00000000f0a00000, 0x00000000f11d0000, 0x00000000f5c00000)
  eden space 6464K, 100% used [0x00000000f0a00000, 0x00000000f1050000, 0x00000000f1050000)
  from space 768K,  98% used [0x00000000f1050000, 0x00000000f110d180, 0x00000000f1110000)
  to   space 768K,   0% used [0x00000000f1110000, 0x00000000f1110000, 0x00000000f11d0000)
 tenured generation   total 15960K, used 11018K [0x00000000f5c00000, 0x00000000f6b96000, 0x0000000100000000)
   the space 15960K,  69% used [0x00000000f5c00000, 0x00000000f66c29d8, 0x00000000f66c2a00, 0x00000000f6b96000)
 Metaspace       used 29712K, capacity 31562K, committed 31744K, reserved 1077248K
  class space    used 3677K, capacity 4014K, committed 4096K, reserved 1048576K
Event: 6.296 GC heap after
Heap after GC invocations=71 (full 2):
 def new generation   total 7232K, used 767K [0x00000000f0a00000, 0x00000000f11d0000, 0x00000000f5c00000)
  eden space 6464K,   0% used [0x00000000f0a00000, 0x00000000f0a00000, 0x00000000f1050000)
  from space 768K,  99% used [0x00000000f1110000, 0x00000000f11cfcf8, 0x00000000f11d0000)
  to   space 768K,   0% used [0x00000000f1050000, 0x00000000f1050000, 0x00000000f1110000)
 tenured generation   total 15960K, used 11269K [0x00000000f5c00000, 0x00000000f6b96000, 0x0000000100000000)
   the space 15960K,  70% used [0x00000000f5c00000, 0x00000000f6701708, 0x00000000f6701800, 0x00000000f6b96000)
 Metaspace       used 29712K, capacity 31562K, committed 31744K, reserved 1077248K
  class space    used 3677K, capacity 4014K, committed 4096K, reserved 1048576K
}
Event: 6.413 GC heap before
{Heap before GC invocations=71 (full 2):
 def new generation   total 7232K, used 7231K [0x00000000f0a00000, 0x00000000f11d0000, 0x00000000f5c00000)
  eden space 6464K, 100% used [0x00000000f0a00000, 0x00000000f1050000, 0x00000000f1050000)
  from space 768K,  99% used [0x00000000f1110000, 0x00000000f11cfcf8, 0x00000000f11d0000)
  to   space 768K,   0% used [0x00000000f1050000, 0x00000000f1050000, 0x00000000f1110000)
 tenured generation   total 15960K, used 11269K [0x00000000f5c00000, 0x00000000f6b96000, 0x0000000100000000)
   the space 15960K,  70% used [0x00000000f5c00000, 0x00000000f6701708, 0x00000000f6701800, 0x00000000f6b96000)
 Metaspace       used 29900K, capacity 31820K, committed 32000K, reserved 1077248K
  class space    used 3693K, capacity 4053K, committed 4096K, reserved 1048576K
Event: 6.416 GC heap after
Heap after GC invocations=72 (full 2):
 def new generation   total 7232K, used 675K [0x00000000f0a00000, 0x00000000f11d0000, 0x00000000f5c00000)
  eden space 6464K,   0% used [0x00000000f0a00000, 0x00000000f0a00000, 0x00000000f1050000)
  from space 768K,  87% used [0x00000000f1050000, 0x00000000f10f8db8, 0x00000000f1110000)
  to   space 768K,   0% used [0x00000000f1110000, 0x00000000f1110000, 0x00000000f11d0000)
 tenured generation   total 15960K, used 11343K [0x00000000f5c00000, 0x00000000f6b96000, 0x0000000100000000)
   the space 15960K,  71% used [0x00000000f5c00000, 0x00000000f6713d38, 0x00000000f6713e00, 0x00000000f6b96000)
 Metaspace       used 29900K, capacity 31820K, committed 32000K, reserved 1077248K
  class space    used 3693K, capacity 4053K, committed 4096K, reserved 1048576K
}
Event: 6.563 GC heap before
{Heap before GC invocations=72 (full 2):
 def new generation   total 7232K, used 7139K [0x00000000f0a00000, 0x00000000f11d0000, 0x00000000f5c00000)
  eden space 6464K, 100% used [0x00000000f0a00000, 0x00000000f1050000, 0x00000000f1050000)
  from space 768K,  87% used [0x00000000f1050000, 0x00000000f10f8db8, 0x00000000f1110000)
  to   space 768K,   0% used [0x00000000f1110000, 0x00000000f1110000, 0x00000000f11d0000)
 tenured generation   total 15960K, used 11343K [0x00000000f5c00000, 0x00000000f6b96000, 0x0000000100000000)
   the space 15960K,  71% used [0x00000000f5c00000, 0x00000000f6713d38, 0x00000000f6713e00, 0x00000000f6b96000)
 Metaspace       used 30798K, capacity 32684K, committed 32896K, reserved 1077248K
  class space    used 3802K, capacity 4149K, committed 4224K, reserved 1048576K
Event: 6.566 GC heap after
Heap after GC invocations=73 (full 2):
 def new generation   total 7232K, used 738K [0x00000000f0a00000, 0x00000000f11d0000, 0x00000000f5c00000)
  eden space 6464K,   0% used [0x00000000f0a00000, 0x00000000f0a00000, 0x00000000f1050000)
  from space 768K,  96% used [0x00000000f1110000, 0x00000000f11c89c8, 0x00000000f11d0000)
  to   space 768K,   0% used [0x00000000f1050000, 0x00000000f1050000, 0x00000000f1110000)
 tenured generation   total 15960K, used 11498K [0x00000000f5c00000, 0x00000000f6b96000, 0x0000000100000000)
   the space 15960K,  72% used [0x00000000f5c00000, 0x00000000f673a940, 0x00000000f673aa00, 0x00000000f6b96000)
 Metaspace       used 30798K, capacity 32684K, committed 32896K, reserved 1077248K
  class space    used 3802K, capacity 4149K, committed 4224K, reserved 1048576K
}
Event: 6.678 GC heap before
{Heap before GC invocations=73 (full 2):
 def new generation   total 7232K, used 7202K [0x00000000f0a00000, 0x00000000f11d0000, 0x00000000f5c00000)
  eden space 6464K, 100% used [0x00000000f0a00000, 0x00000000f1050000, 0x00000000f1050000)
  from space 768K,  96% used [0x00000000f1110000, 0x00000000f11c89c8, 0x00000000f11d0000)
  to   space 768K,   0% used [0x00000000f1050000, 0x00000000f1050000, 0x00000000f1110000)
 tenured generation   total 15960K, used 11498K [0x00000000f5c00000, 0x00000000f6b96000, 0x0000000100000000)
   the space 15960K,  72% used [0x00000000f5c00000, 0x00000000f673a940, 0x00000000f673aa00, 0x00000000f6b96000)
 Metaspace       used 30949K, capacity 32836K, committed 33152K, reserved 1079296K
  class space    used 3821K, capacity 4153K, committed 4224K, reserved 1048576K
Event: 6.681 GC heap after
Heap after GC invocations=74 (full 2):
 def new generation   total 7232K, used 495K [0x00000000f0a00000, 0x00000000f11d0000, 0x00000000f5c00000)
  eden space 6464K,   0% used [0x00000000f0a00000, 0x00000000f0a00000, 0x00000000f1050000)
  from space 768K,  64% used [0x00000000f1050000, 0x00000000f10cbfa8, 0x00000000f1110000)
  to   space 768K,   0% used [0x00000000f1110000, 0x00000000f1110000, 0x00000000f11d0000)
 tenured generation   total 15960K, used 11677K [0x00000000f5c00000, 0x00000000f6b96000, 0x0000000100000000)
   the space 15960K,  73% used [0x00000000f5c00000, 0x00000000f6767790, 0x00000000f6767800, 0x00000000f6b96000)
 Metaspace       used 30949K, capacity 32836K, committed 33152K, reserved 1079296K
  class space    used 3821K, capacity 4153K, committed 4224K, reserved 1048576K
}
Event: 6.853 GC heap before
{Heap before GC invocations=74 (full 2):
 def new generation   total 7232K, used 6959K [0x00000000f0a00000, 0x00000000f11d0000, 0x00000000f5c00000)
  eden space 6464K, 100% used [0x00000000f0a00000, 0x00000000f1050000, 0x00000000f1050000)
  from space 768K,  64% used [0x00000000f1050000, 0x00000000f10cbfa8, 0x00000000f1110000)
  to   space 768K,   0% used [0x00000000f1110000, 0x00000000f1110000, 0x00000000f11d0000)
 tenured generation   total 15960K, used 11677K [0x00000000f5c00000, 0x00000000f6b96000, 0x0000000100000000)
   the space 15960K,  73% used [0x00000000f5c00000, 0x00000000f6767790, 0x00000000f6767800, 0x00000000f6b96000)
 Metaspace       used 32049K, capacity 33968K, committed 34304K, reserved 1079296K
  class space    used 3946K, capacity 4315K, committed 4352K, reserved 1048576K
Event: 6.856 GC heap after
Heap after GC invocations=75 (full 2):
 def new generation   total 7232K, used 767K [0x00000000f0a00000, 0x00000000f11d0000, 0x00000000f5c00000)
  eden space 6464K,   0% used [0x00000000f0a00000, 0x00000000f0a00000, 0x00000000f1050000)
  from space 768K,  99% used [0x00000000f1110000, 0x00000000f11cff60, 0x00000000f11d0000)
  to   space 768K,   0% used [0x00000000f1050000, 0x00000000f1050000, 0x00000000f1110000)
 tenured generation   total 15960K, used 11988K [0x00000000f5c00000, 0x00000000f6b96000, 0x0000000100000000)
   the space 15960K,  75% used [0x00000000f5c00000, 0x00000000f67b53f8, 0x00000000f67b5400, 0x00000000f6b96000)
 Metaspace       used 32049K, capacity 33968K, committed 34304K, reserved 1079296K
  class space    used 3946K, capacity 4315K, committed 4352K, reserved 1048576K
}
Event: 6.969 GC heap before
{Heap before GC invocations=75 (full 2):
 def new generation   total 7232K, used 7231K [0x00000000f0a00000, 0x00000000f11d0000, 0x00000000f5c00000)
  eden space 6464K, 100% used [0x00000000f0a00000, 0x00000000f1050000, 0x00000000f1050000)
  from space 768K,  99% used [0x00000000f1110000, 0x00000000f11cff60, 0x00000000f11d0000)
  to   space 768K,   0% used [0x00000000f1050000, 0x00000000f1050000, 0x00000000f1110000)
 tenured generation   total 15960K, used 11988K [0x00000000f5c00000, 0x00000000f6b96000, 0x0000000100000000)
   the space 15960K,  75% used [0x00000000f5c00000, 0x00000000f67b53f8, 0x00000000f67b5400, 0x00000000f6b96000)
 Metaspace       used 32619K, capacity 34556K, committed 34688K, reserved 1079296K
  class space    used 4079K, capacity 4445K, committed 4480K, reserved 1048576K
Event: 6.972 GC heap after
Heap after GC invocations=76 (full 2):
 def new generation   total 7232K, used 643K [0x00000000f0a00000, 0x00000000f11d0000, 0x00000000f5c00000)
  eden space 6464K,   0% used [0x00000000f0a00000, 0x00000000f0a00000, 0x00000000f1050000)
  from space 768K,  83% used [0x00000000f1050000, 0x00000000f10f0e18, 0x00000000f1110000)
  to   space 768K,   0% used [0x00000000f1110000, 0x00000000f1110000, 0x00000000f11d0000)
 tenured generation   total 15960K, used 12211K [0x00000000f5c00000, 0x00000000f6b96000, 0x0000000100000000)
   the space 15960K,  76% used [0x00000000f5c00000, 0x00000000f67ecf68, 0x00000000f67ed000, 0x00000000f6b96000)
 Metaspace       used 32619K, capacity 34556K, committed 34688K, reserved 1079296K
  class space    used 4079K, capacity 4445K, committed 4480K, reserved 1048576K
}
Event: 7.133 GC heap before
{Heap before GC invocations=76 (full 2):
 def new generation   total 7232K, used 7107K [0x00000000f0a00000, 0x00000000f11d0000, 0x00000000f5c00000)
  eden space 6464K, 100% used [0x00000000f0a00000, 0x00000000f1050000, 0x00000000f1050000)
  from space 768K,  83% used [0x00000000f1050000, 0x00000000f10f0e18, 0x00000000f1110000)
  to   space 768K,   0% used [0x00000000f1110000, 0x00000000f1110000, 0x00000000f11d0000)
 tenured generation   total 15960K, used 12211K [0x00000000f5c00000, 0x00000000f6b96000, 0x0000000100000000)
   the space 15960K,  76% used [0x00000000f5c00000, 0x00000000f67ecf68, 0x00000000f67ed000, 0x00000000f6b96000)
 Metaspace       used 33344K, capacity 35262K, committed 35584K, reserved 1081344K
  class space    used 4203K, capacity 4574K, committed 4608K, reserved 1048576K
Event: 7.136 GC heap after
Heap after GC invocations=77 (full 2):
 def new generation   total 7232K, used 748K [0x00000000f0a00000, 0x00000000f11d0000, 0x00000000f5c00000)
  eden space 6464K,   0% used [0x00000000f0a00000, 0x00000000f0a00000, 0x00000000f1050000)
  from space 768K,  97% used [0x00000000f1110000, 0x00000000f11cb130, 0x00000000f11d0000)
  to   space 768K,   0% used [0x00000000f1050000, 0x00000000f1050000, 0x00000000f1110000)
 tenured generation   total 15960K, used 12323K [0x00000000f5c00000, 0x00000000f6b96000, 0x0000000100000000)
   the space 15960K,  77% used [0x00000000f5c00000, 0x00000000f6808fc0, 0x00000000f6809000, 0x00000000f6b96000)
 Metaspace       used 33344K, capacity 35262K, committed 35584K, reserved 1081344K
  class space    used 4203K, capacity 4574K, committed 4608K, reserved 1048576K
}
Event: 7.282 GC heap before
{Heap before GC invocations=77 (full 2):
 def new generation   total 7232K, used 7212K [0x00000000f0a00000, 0x00000000f11d0000, 0x00000000f5c00000)
  eden space 6464K, 100% used [0x00000000f0a00000, 0x00000000f1050000, 0x00000000f1050000)
  from space 768K,  97% used [0x00000000f1110000, 0x00000000f11cb130, 0x00000000f11d0000)
  to   space 768K,   0% used [0x00000000f1050000, 0x00000000f1050000, 0x00000000f1110000)
 tenured generation   total 15960K, used 12323K [0x00000000f5c00000, 0x00000000f6b96000, 0x0000000100000000)
   the space 15960K,  77% used [0x00000000f5c00000, 0x00000000f6808fc0, 0x00000000f6809000, 0x00000000f6b96000)
 Metaspace       used 33926K, capacity 35886K, committed 36224K, reserved 1081344K
  class space    used 4324K, capacity 4710K, committed 4736K, reserved 1048576K
Event: 7.285 GC heap after
Heap after GC invocations=78 (full 2):
 def new generation   total 7232K, used 703K [0x00000000f0a00000, 0x00000000f11d0000, 0x00000000f5c00000)
  eden space 6464K,   0% used [0x00000000f0a00000, 0x00000000f0a00000, 0x00000000f1050000)
  from space 768K,  91% used [0x00000000f1050000, 0x00000000f10fffe8, 0x00000000f1110000)
  to   space 768K,   0% used [0x00000000f1110000, 0x00000000f1110000, 0x00000000f11d0000)
 tenured generation   total 15960K, used 12446K [0x00000000f5c00000, 0x00000000f6b96000, 0x0000000100000000)
   the space 15960K,  77% used [0x00000000f5c00000, 0x00000000f6827898, 0x00000000f6827a00, 0x00000000f6b96000)
 Metaspace       used 33926K, capacity 35886K, committed 36224K, reserved 1081344K
  class space    used 4324K, capacity 4710K, committed 4736K, reserved 1048576K
}
Event: 7.427 GC heap before
{Heap before GC invocations=78 (full 2):
 def new generation   total 7232K, used 7167K [0x00000000f0a00000, 0x00000000f11d0000, 0x00000000f5c00000)
  eden space 6464K, 100% used [0x00000000f0a00000, 0x00000000f1050000, 0x00000000f1050000)
  from space 768K,  91% used [0x00000000f1050000, 0x00000000f10fffe8, 0x00000000f1110000)
  to   space 768K,   0% used [0x00000000f1110000, 0x00000000f1110000, 0x00000000f11d0000)
 tenured generation   total 15960K, used 12446K [0x00000000f5c00000, 0x00000000f6b96000, 0x0000000100000000)
   the space 15960K,  77% used [0x00000000f5c00000, 0x00000000f6827898, 0x00000000f6827a00, 0x00000000f6b96000)
 Metaspace       used 34662K, capacity 36640K, committed 36864K, reserved 1081344K
  class space    used 4436K, capacity 4809K, committed 4864K, reserved 1048576K
Event: 7.430 GC heap after
Heap after GC invocations=79 (full 2):
 def new generation   total 7232K, used 679K [0x00000000f0a00000, 0x00000000f11d0000, 0x00000000f5c00000)
  eden space 6464K,   0% used [0x00000000f0a00000, 0x00000000f0a00000, 0x00000000f1050000)
  from space 768K,  88% used [0x00000000f1110000, 0x00000000f11b9c90, 0x00000000f11d0000)
  to   space 768K,   0% used [0x00000000f1050000, 0x00000000f1050000, 0x00000000f1110000)
 tenured generation   total 15960K, used 12558K [0x00000000f5c00000, 0x00000000f6b96000, 0x0000000100000000)
   the space 15960K,  78% used [0x00000000f5c00000, 0x00000000f6843960, 0x00000000f6843a00, 0x00000000f6b96000)
 Metaspace       used 34662K, capacity 36640K, committed 36864K, reserved 1081344K
  class space    used 4436K, capacity 4809K, committed 4864K, reserved 1048576K
}
Event: 7.580 GC heap before
{Heap before GC invocations=79 (full 2):
 def new generation   total 7232K, used 7143K [0x00000000f0a00000, 0x00000000f11d0000, 0x00000000f5c00000)
  eden space 6464K, 100% used [0x00000000f0a00000, 0x00000000f1050000, 0x00000000f1050000)
  from space 768K,  88% used [0x00000000f1110000, 0x00000000f11b9c90, 0x00000000f11d0000)
  to   space 768K,   0% used [0x00000000f1050000, 0x00000000f1050000, 0x00000000f1110000)
 tenured generation   total 15960K, used 12558K [0x00000000f5c00000, 0x00000000f6b96000, 0x0000000100000000)
   the space 15960K,  78% used [0x00000000f5c00000, 0x00000000f6843960, 0x00000000f6843a00, 0x00000000f6b96000)
 Metaspace       used 35656K, capacity 37620K, committed 37888K, reserved 1081344K
  class space    used 4658K, capacity 5009K, committed 5120K, reserved 1048576K
Event: 7.583 GC heap after
Heap after GC invocations=80 (full 2):
 def new generation   total 7232K, used 767K [0x00000000f0a00000, 0x00000000f11d0000, 0x00000000f5c00000)
  eden space 6464K,   0% used [0x00000000f0a00000, 0x00000000f0a00000, 0x00000000f1050000)
  from space 768K,  99% used [0x00000000f1050000, 0x00000000f110fff8, 0x00000000f1110000)
  to   space 768K,   0% used [0x00000000f1110000, 0x00000000f1110000, 0x00000000f11d0000)
 tenured generation   total 15960K, used 12766K [0x00000000f5c00000, 0x00000000f6b96000, 0x0000000100000000)
   the space 15960K,  79% used [0x00000000f5c00000, 0x00000000f6877960, 0x00000000f6877a00, 0x00000000f6b96000)
 Metaspace       used 35656K, capacity 37620K, committed 37888K, reserved 1081344K
  class space    used 4658K, capacity 5009K, committed 5120K, reserved 1048576K
}
Event: 7.772 GC heap before
{Heap before GC invocations=80 (full 2):
 def new generation   total 7232K, used 7226K [0x00000000f0a00000, 0x00000000f11d0000, 0x00000000f5c00000)
  eden space 6464K,  99% used [0x00000000f0a00000, 0x00000000f104eb88, 0x00000000f1050000)
  from space 768K,  99% used [0x00000000f1050000, 0x00000000f110fff8, 0x00000000f1110000)
  to   space 768K,   0% used [0x00000000f1110000, 0x00000000f1110000, 0x00000000f11d0000)
 tenured generation   total 15960K, used 12766K [0x00000000f5c00000, 0x00000000f6b96000, 0x0000000100000000)
   the space 15960K,  79% used [0x00000000f5c00000, 0x00000000f6877960, 0x00000000f6877a00, 0x00000000f6b96000)
 Metaspace       used 37074K, capacity 39044K, committed 39296K, reserved 1083392K
  class space    used 4831K, capacity 5205K, committed 5248K, reserved 1048576K
Event: 7.776 GC heap after
Heap after GC invocations=81 (full 2):
 def new generation   total 7232K, used 716K [0x00000000f0a00000, 0x00000000f11d0000, 0x00000000f5c00000)
  eden space 6464K,   0% used [0x00000000f0a00000, 0x00000000f0a00000, 0x00000000f1050000)
  from space 768K,  93% used [0x00000000f1110000, 0x00000000f11c33f0, 0x00000000f11d0000)
  to   space 768K,   0% used [0x00000000f1050000, 0x00000000f1050000, 0x00000000f1110000)
 tenured generation   total 15960K, used 12871K [0x00000000f5c00000, 0x00000000f6b96000, 0x0000000100000000)
   the space 15960K,  80% used [0x00000000f5c00000, 0x00000000f6891c48, 0x00000000f6891e00, 0x00000000f6b96000)
 Metaspace       used 37074K, capacity 39044K, committed 39296K, reserved 1083392K
  class space    used 4831K, capacity 5205K, committed 5248K, reserved 1048576K
}
Event: 8.187 GC heap before
{Heap before GC invocations=81 (full 2):
 def new generation   total 7232K, used 7180K [0x00000000f0a00000, 0x00000000f11d0000, 0x00000000f5c00000)
  eden space 6464K, 100% used [0x00000000f0a00000, 0x00000000f1050000, 0x00000000f1050000)
  from space 768K,  93% used [0x00000000f1110000, 0x00000000f11c33f0, 0x00000000f11d0000)
  to   space 768K,   0% used [0x00000000f1050000, 0x00000000f1050000, 0x00000000f1110000)
 tenured generation   total 15960K, used 12871K [0x00000000f5c00000, 0x00000000f6b96000, 0x0000000100000000)
   the space 15960K,  80% used [0x00000000f5c00000, 0x00000000f6891c48, 0x00000000f6891e00, 0x00000000f6b96000)
 Metaspace       used 39008K, capacity 41046K, committed 41344K, reserved 1085440K
  class space    used 5020K, capacity 5402K, committed 5504K, reserved 1048576K
Event: 8.191 GC heap after
Heap after GC invocations=82 (full 2):
 def new generation   total 7232K, used 767K [0x00000000f0a00000, 0x00000000f11d0000, 0x00000000f5c00000)
  eden space 6464K,   0% used [0x00000000f0a00000, 0x00000000f0a00000, 0x00000000f1050000)
  from space 768K,  99% used [0x00000000f1050000, 0x00000000f110fff8, 0x00000000f1110000)
  to   space 768K,   0% used [0x00000000f1110000, 0x00000000f1110000, 0x00000000f11d0000)
 tenured generation   total 15960K, used 13492K [0x00000000f5c00000, 0x00000000f6b96000, 0x0000000100000000)
   the space 15960K,  84% used [0x00000000f5c00000, 0x00000000f692d380, 0x00000000f692d400, 0x00000000f6b96000)
 Metaspace       used 39008K, capacity 41046K, committed 41344K, reserved 1085440K
  class space    used 5020K, capacity 5402K, committed 5504K, reserved 1048576K
}
Event: 8.464 GC heap before
{Heap before GC invocations=82 (full 2):
 def new generation   total 7232K, used 7231K [0x00000000f0a00000, 0x00000000f11d0000, 0x00000000f5c00000)
  eden space 6464K, 100% used [0x00000000f0a00000, 0x00000000f1050000, 0x00000000f1050000)
  from space 768K,  99% used [0x00000000f1050000, 0x00000000f110fff8, 0x00000000f1110000)
  to   space 768K,   0% used [0x00000000f1110000, 0x00000000f1110000, 0x00000000f11d0000)
 tenured generation   total 15960K, used 13492K [0x00000000f5c00000, 0x00000000f6b96000, 0x0000000100000000)
   the space 15960K,  84% used [0x00000000f5c00000, 0x00000000f692d380, 0x00000000f692d400, 0x00000000f6b96000)
 Metaspace       used 40294K, capacity 42344K, committed 42752K, reserved 1087488K
  class space    used 5203K, capacity 5602K, committed 5632K, reserved 1048576K
Event: 8.469 GC heap after
Heap after GC invocations=83 (full 2):
 def new generation   total 7232K, used 767K [0x00000000f0a00000, 0x00000000f11d0000, 0x00000000f5c00000)
  eden space 6464K,   0% used [0x00000000f0a00000, 0x00000000f0a00000, 0x00000000f1050000)
  from space 768K,  99% used [0x00000000f1110000, 0x00000000f11cfff8, 0x00000000f11d0000)
  to   space 768K,   0% used [0x00000000f1050000, 0x00000000f1050000, 0x00000000f1110000)
 tenured generation   total 15960K, used 14335K [0x00000000f5c00000, 0x00000000f6b96000, 0x0000000100000000)
   the space 15960K,  89% used [0x00000000f5c00000, 0x00000000f69ffec8, 0x00000000f6a00000, 0x00000000f6b96000)
 Metaspace       used 40294K, capacity 42344K, committed 42752K, reserved 1087488K
  class space    used 5203K, capacity 5602K, committed 5632K, reserved 1048576K
}
Event: 8.662 GC heap before
{Heap before GC invocations=83 (full 2):
 def new generation   total 7232K, used 7230K [0x00000000f0a00000, 0x00000000f11d0000, 0x00000000f5c00000)
  eden space 6464K,  99% used [0x00000000f0a00000, 0x00000000f104fa20, 0x00000000f1050000)
  from space 768K,  99% used [0x00000000f1110000, 0x00000000f11cfff8, 0x00000000f11d0000)
  to   space 768K,   0% used [0x00000000f1050000, 0x00000000f1050000, 0x00000000f1110000)
 tenured generation   total 15960K, used 14335K [0x00000000f5c00000, 0x00000000f6b96000, 0x0000000100000000)
   the space 15960K,  89% used [0x00000000f5c00000, 0x00000000f69ffec8, 0x00000000f6a00000, 0x00000000f6b96000)
 Metaspace       used 41405K, capacity 43502K, committed 43776K, reserved 1087488K
  class space    used 5378K, capacity 5795K, committed 5888K, reserved 1048576K
Event: 8.668 GC heap after
Heap after GC invocations=84 (full 2):
 def new generation   total 7232K, used 767K [0x00000000f0a00000, 0x00000000f11d0000, 0x00000000f5c00000)
  eden space 6464K,   0% used [0x00000000f0a00000, 0x00000000f0a00000, 0x00000000f1050000)
  from space 768K,  99% used [0x00000000f1050000, 0x00000000f110fff8, 0x00000000f1110000)
  to   space 768K,   0% used [0x00000000f1110000, 0x00000000f1110000, 0x00000000f11d0000)
 tenured generation   total 15960K, used 15154K [0x00000000f5c00000, 0x00000000f6b96000, 0x0000000100000000)
   the space 15960K,  94% used [0x00000000f5c00000, 0x00000000f6acca60, 0x00000000f6accc00, 0x00000000f6b96000)
 Metaspace       used 41405K, capacity 43502K, committed 43776K, reserved 1087488K
  class space    used 5378K, capacity 5795K, committed 5888K, reserved 1048576K
}
Event: 8.891 GC heap before
{Heap before GC invocations=84 (full 2):
 def new generation   total 7232K, used 7231K [0x00000000f0a00000, 0x00000000f11d0000, 0x00000000f5c00000)
  eden space 6464K, 100% used [0x00000000f0a00000, 0x00000000f1050000, 0x00000000f1050000)
  from space 768K,  99% used [0x00000000f1050000, 0x00000000f110fff8, 0x00000000f1110000)
  to   space 768K,   0% used [0x00000000f1110000, 0x00000000f1110000, 0x00000000f11d0000)
 tenured generation   total 15960K, used 15154K [0x00000000f5c00000, 0x00000000f6b96000, 0x0000000100000000)
   the space 15960K,  94% used [0x00000000f5c00000, 0x00000000f6acca60, 0x00000000f6accc00, 0x00000000f6b96000)
 Metaspace       used 42546K, capacity 44608K, committed 44928K, reserved 1087488K
  class space    used 5537K, capacity 5928K, committed 6016K, reserved 1048576K
Event: 8.960 GC heap after
Heap after GC invocations=85 (full 3):
 def new generation   total 10560K, used 0K [0x00000000f0a00000, 0x00000000f1570000, 0x00000000f5c00000)
  eden space 9408K,   0% used [0x00000000f0a00000, 0x00000000f0a00000, 0x00000000f1330000)
  from space 1152K,   0% used [0x00000000f1330000, 0x00000000f1330000, 0x00000000f1450000)
  to   space 1152K,   0% used [0x00000000f1450000, 0x00000000f1450000, 0x00000000f1570000)
 tenured generation   total 23372K, used 14021K [0x00000000f5c00000, 0x00000000f72d3000, 0x0000000100000000)
   the space 23372K,  59% used [0x00000000f5c00000, 0x00000000f69b1698, 0x00000000f69b1800, 0x00000000f72d3000)
 Metaspace       used 42546K, capacity 44608K, committed 44928K, reserved 1087488K
  class space    used 5537K, capacity 5928K, committed 6016K, reserved 1048576K
}
Event: 9.260 GC heap before
{Heap before GC invocations=85 (full 3):
 def new generation   total 10560K, used 9408K [0x00000000f0a00000, 0x00000000f1570000, 0x00000000f5c00000)
  eden space 9408K, 100% used [0x00000000f0a00000, 0x00000000f1330000, 0x00000000f1330000)
  from space 1152K,   0% used [0x00000000f1330000, 0x00000000f1330000, 0x00000000f1450000)
  to   space 1152K,   0% used [0x00000000f1450000, 0x00000000f1450000, 0x00000000f1570000)
 tenured generation   total 23372K, used 14021K [0x00000000f5c00000, 0x00000000f72d3000, 0x0000000100000000)
   the space 23372K,  59% used [0x00000000f5c00000, 0x00000000f69b1698, 0x00000000f69b1800, 0x00000000f72d3000)
 Metaspace       used 43844K, capacity 45962K, committed 46336K, reserved 1089536K
  class space    used 5722K, capacity 6123K, committed 6144K, reserved 1048576K
Event: 9.264 GC heap after
Heap after GC invocations=86 (full 3):
 def new generation   total 10560K, used 1151K [0x00000000f0a00000, 0x00000000f1570000, 0x00000000f5c00000)
  eden space 9408K,   0% used [0x00000000f0a00000, 0x00000000f0a00000, 0x00000000f1330000)
  from space 1152K,  99% used [0x00000000f1450000, 0x00000000f156fff0, 0x00000000f1570000)
  to   space 1152K,   0% used [0x00000000f1330000, 0x00000000f1330000, 0x00000000f1450000)
 tenured generation   total 23372K, used 14301K [0x00000000f5c00000, 0x00000000f72d3000, 0x0000000100000000)
   the space 23372K,  61% used [0x00000000f5c00000, 0x00000000f69f77b8, 0x00000000f69f7800, 0x00000000f72d3000)
 Metaspace       used 43844K, capacity 45962K, committed 46336K, reserved 1089536K
  class space    used 5722K, capacity 6123K, committed 6144K, reserved 1048576K
}
Event: 9.484 GC heap before
{Heap before GC invocations=86 (full 3):
 def new generation   total 10560K, used 10559K [0x00000000f0a00000, 0x00000000f1570000, 0x00000000f5c00000)
  eden space 9408K, 100% used [0x00000000f0a00000, 0x00000000f1330000, 0x00000000f1330000)
  from space 1152K,  99% used [0x00000000f1450000, 0x00000000f156fff0, 0x00000000f1570000)
  to   space 1152K,   0% used [0x00000000f1330000, 0x00000000f1330000, 0x00000000f1450000)
 tenured generation   total 23372K, used 14301K [0x00000000f5c00000, 0x00000000f72d3000, 0x0000000100000000)
   the space 23372K,  61% used [0x00000000f5c00000, 0x00000000f69f77b8, 0x00000000f69f7800, 0x00000000f72d3000)
 Metaspace       used 44731K, capacity 46864K, committed 47232K, reserved 1089536K
  class space    used 5855K, capacity 6252K, committed 6272K, reserved 1048576K
Event: 9.489 GC heap after
Heap after GC invocations=87 (full 3):
 def new generation   total 10560K, used 973K [0x00000000f0a00000, 0x00000000f1570000, 0x00000000f5c00000)
  eden space 9408K,   0% used [0x00000000f0a00000, 0x00000000f0a00000, 0x00000000f1330000)
  from space 1152K,  84% used [0x00000000f1330000, 0x00000000f1423720, 0x00000000f1450000)
  to   space 1152K,   0% used [0x00000000f1450000, 0x00000000f1450000, 0x00000000f1570000)
 tenured generation   total 23372K, used 14900K [0x00000000f5c00000, 0x00000000f72d3000, 0x0000000100000000)
   the space 23372K,  63% used [0x00000000f5c00000, 0x00000000f6a8d090, 0x00000000f6a8d200, 0x00000000f72d3000)
 Metaspace       used 44731K, capacity 46864K, committed 47232K, reserved 1089536K
  class space    used 5855K, capacity 6252K, committed 6272K, reserved 1048576K
}
Event: 9.722 GC heap before
{Heap before GC invocations=87 (full 3):
 def new generation   total 10560K, used 10381K [0x00000000f0a00000, 0x00000000f1570000, 0x00000000f5c00000)
  eden space 9408K, 100% used [0x00000000f0a00000, 0x00000000f1330000, 0x00000000f1330000)
  from space 1152K,  84% used [0x00000000f1330000, 0x00000000f1423720, 0x00000000f1450000)
  to   space 1152K,   0% used [0x00000000f1450000, 0x00000000f1450000, 0x00000000f1570000)
 tenured generation   total 23372K, used 14900K [0x00000000f5c00000, 0x00000000f72d3000, 0x0000000100000000)
   the space 23372K,  63% used [0x00000000f5c00000, 0x00000000f6a8d090, 0x00000000f6a8d200, 0x00000000f72d3000)
 Metaspace       used 45842K, capacity 47906K, committed 48384K, reserved 1091584K
  class space    used 6000K, capacity 6383K, committed 6400K, reserved 1048576K
Event: 9.728 GC heap after
Heap after GC invocations=88 (full 3):
 def new generation   total 10560K, used 1094K [0x00000000f0a00000, 0x00000000f1570000, 0x00000000f5c00000)
  eden space 9408K,   0% used [0x00000000f0a00000, 0x00000000f0a00000, 0x00000000f1330000)
  from space 1152K,  95% used [0x00000000f1450000, 0x00000000f1561b90, 0x00000000f1570000)
  to   space 1152K,   0% used [0x00000000f1330000, 0x00000000f1330000, 0x00000000f1450000)
 tenured generation   total 23372K, used 15145K [0x00000000f5c00000, 0x00000000f72d3000, 0x0000000100000000)
   the space 23372K,  64% used [0x00000000f5c00000, 0x00000000f6aca4c0, 0x00000000f6aca600, 0x00000000f72d3000)
 Metaspace       used 45842K, capacity 47906K, committed 48384K, reserved 1091584K
  class space    used 6000K, capacity 6383K, committed 6400K, reserved 1048576K
}
Event: 9.912 GC heap before
{Heap before GC invocations=88 (full 3):
 def new generation   total 10560K, used 10462K [0x00000000f0a00000, 0x00000000f1570000, 0x00000000f5c00000)
  eden space 9408K,  99% used [0x00000000f0a00000, 0x00000000f1325d30, 0x00000000f1330000)
  from space 1152K,  95% used [0x00000000f1450000, 0x00000000f1561b90, 0x00000000f1570000)
  to   space 1152K,   0% used [0x00000000f1330000, 0x00000000f1330000, 0x00000000f1450000)
 tenured generation   total 23372K, used 15145K [0x00000000f5c00000, 0x00000000f72d3000, 0x0000000100000000)
   the space 23372K,  64% used [0x00000000f5c00000, 0x00000000f6aca4c0, 0x00000000f6aca600, 0x00000000f72d3000)
 Metaspace       used 46604K, capacity 48750K, committed 49280K, reserved 1091584K
  class space    used 6110K, capacity 6513K, committed 6528K, reserved 1048576K
Event: 9.920 GC heap after
Heap after GC invocations=89 (full 3):
 def new generation   total 10560K, used 969K [0x00000000f0a00000, 0x00000000f1570000, 0x00000000f5c00000)
  eden space 9408K,   0% used [0x00000000f0a00000, 0x00000000f0a00000, 0x00000000f1330000)
  from space 1152K,  84% used [0x00000000f1330000, 0x00000000f14225a0, 0x00000000f1450000)
  to   space 1152K,   0% used [0x00000000f1450000, 0x00000000f1450000, 0x00000000f1570000)
 tenured generation   total 23372K, used 15365K [0x00000000f5c00000, 0x00000000f72d3000, 0x0000000100000000)
   the space 23372K,  65% used [0x00000000f5c00000, 0x00000000f6b01758, 0x00000000f6b01800, 0x00000000f72d3000)
 Metaspace       used 46604K, capacity 48750K, committed 49280K, reserved 1091584K
  class space    used 6110K, capacity 6513K, committed 6528K, reserved 1048576K
}
Event: 10.058 GC heap before
{Heap before GC invocations=89 (full 3):
 def new generation   total 10560K, used 10377K [0x00000000f0a00000, 0x00000000f1570000, 0x00000000f5c00000)
  eden space 9408K, 100% used [0x00000000f0a00000, 0x00000000f1330000, 0x00000000f1330000)
  from space 1152K,  84% used [0x00000000f1330000, 0x00000000f14225a0, 0x00000000f1450000)
  to   space 1152K,   0% used [0x00000000f1450000, 0x00000000f1450000, 0x00000000f1570000)
 tenured generation   total 23372K, used 15365K [0x00000000f5c00000, 0x00000000f72d3000, 0x0000000100000000)
   the space 23372K,  65% used [0x00000000f5c00000, 0x00000000f6b01758, 0x00000000f6b01800, 0x00000000f72d3000)
 Metaspace       used 47241K, capacity 49410K, committed 49920K, reserved 1093632K
  class space    used 6189K, capacity 6581K, committed 6656K, reserved 1048576K
Event: 10.062 GC heap after
Heap after GC invocations=90 (full 3):
 def new generation   total 10560K, used 588K [0x00000000f0a00000, 0x00000000f1570000, 0x00000000f5c00000)
  eden space 9408K,   0% used [0x00000000f0a00000, 0x00000000f0a00000, 0x00000000f1330000)
  from space 1152K,  51% used [0x00000000f1450000, 0x00000000f14e3350, 0x00000000f1570000)
  to   space 1152K,   0% used [0x00000000f1330000, 0x00000000f1330000, 0x00000000f1450000)
 tenured generation   total 23372K, used 15637K [0x00000000f5c00000, 0x00000000f72d3000, 0x0000000100000000)
   the space 23372K,  66% used [0x00000000f5c00000, 0x00000000f6b455d8, 0x00000000f6b45600, 0x00000000f72d3000)
 Metaspace       used 47241K, capacity 49410K, committed 49920K, reserved 1093632K
  class space    used 6189K, capacity 6581K, committed 6656K, reserved 1048576K
}
Event: 10.161 GC heap before
{Heap before GC invocations=90 (full 3):
 def new generation   total 10560K, used 9996K [0x00000000f0a00000, 0x00000000f1570000, 0x00000000f5c00000)
  eden space 9408K, 100% used [0x00000000f0a00000, 0x00000000f1330000, 0x00000000f1330000)
  from space 1152K,  51% used [0x00000000f1450000, 0x00000000f14e3350, 0x00000000f1570000)
  to   space 1152K,   0% used [0x00000000f1330000, 0x00000000f1330000, 0x00000000f1450000)
 tenured generation   total 23372K, used 15637K [0x00000000f5c00000, 0x00000000f72d3000, 0x0000000100000000)
   the space 23372K,  66% used [0x00000000f5c00000, 0x00000000f6b455d8, 0x00000000f6b45600, 0x00000000f72d3000)
 Metaspace       used 47544K, capacity 49708K, committed 50304K, reserved 1093632K
  class space    used 6266K, capacity 6678K, committed 6784K, reserved 1048576K
Event: 10.164 GC heap after
Heap after GC invocations=91 (full 3):
 def new generation   total 10560K, used 421K [0x00000000f0a00000, 0x00000000f1570000, 0x00000000f5c00000)
  eden space 9408K,   0% used [0x00000000f0a00000, 0x00000000f0a00000, 0x00000000f1330000)
  from space 1152K,  36% used [0x00000000f1330000, 0x00000000f1399448, 0x00000000f1450000)
  to   space 1152K,   0% used [0x00000000f1450000, 0x00000000f1450000, 0x00000000f1570000)
 tenured generation   total 23372K, used 15816K [0x00000000f5c00000, 0x00000000f72d3000, 0x0000000100000000)
   the space 23372K,  67% used [0x00000000f5c00000, 0x00000000f6b72380, 0x00000000f6b72400, 0x00000000f72d3000)
 Metaspace       used 47544K, capacity 49708K, committed 50304K, reserved 1093632K
  class space    used 6266K, capacity 6678K, committed 6784K, reserved 1048576K
}
Event: 10.260 GC heap before
{Heap before GC invocations=91 (full 3):
 def new generation   total 10560K, used 9829K [0x00000000f0a00000, 0x00000000f1570000, 0x00000000f5c00000)
  eden space 9408K, 100% used [0x00000000f0a00000, 0x00000000f1330000, 0x00000000f1330000)
  from space 1152K,  36% used [0x00000000f1330000, 0x00000000f1399448, 0x00000000f1450000)
  to   space 1152K,   0% used [0x00000000f1450000, 0x00000000f1450000, 0x00000000f1570000)
 tenured generation   total 23372K, used 15816K [0x00000000f5c00000, 0x00000000f72d3000, 0x0000000100000000)
   the space 23372K,  67% used [0x00000000f5c00000, 0x00000000f6b72380, 0x00000000f6b72400, 0x00000000f72d3000)
 Metaspace       used 47857K, capacity 49964K, committed 50560K, reserved 1093632K
  class space    used 6335K, capacity 6742K, committed 6784K, reserved 1048576K
Event: 10.263 GC heap after
Heap after GC invocations=92 (full 3):
 def new generation   total 10560K, used 667K [0x00000000f0a00000, 0x00000000f1570000, 0x00000000f5c00000)
  eden space 9408K,   0% used [0x00000000f0a00000, 0x00000000f0a00000, 0x00000000f1330000)
  from space 1152K,  57% used [0x00000000f1450000, 0x00000000f14f6ea0, 0x00000000f1570000)
  to   space 1152K,   0% used [0x00000000f1330000, 0x00000000f1330000, 0x00000000f1450000)
 tenured generation   total 23372K, used 15816K [0x00000000f5c00000, 0x00000000f72d3000, 0x0000000100000000)
   the space 23372K,  67% used [0x00000000f5c00000, 0x00000000f6b72380, 0x00000000f6b72400, 0x00000000f72d3000)
 Metaspace       used 47857K, capacity 49964K, committed 50560K, reserved 1093632K
  class space    used 6335K, capacity 6742K, committed 6784K, reserved 1048576K
}
Event: 10.427 GC heap before
{Heap before GC invocations=92 (full 3):
 def new generation   total 10560K, used 10075K [0x00000000f0a00000, 0x00000000f1570000, 0x00000000f5c00000)
  eden space 9408K, 100% used [0x00000000f0a00000, 0x00000000f1330000, 0x00000000f1330000)
  from space 1152K,  57% used [0x00000000f1450000, 0x00000000f14f6ea0, 0x00000000f1570000)
  to   space 1152K,   0% used [0x00000000f1330000, 0x00000000f1330000, 0x00000000f1450000)
 tenured generation   total 23372K, used 15816K [0x00000000f5c00000, 0x00000000f72d3000, 0x0000000100000000)
   the space 23372K,  67% used [0x00000000f5c00000, 0x00000000f6b72380, 0x00000000f6b72400, 0x00000000f72d3000)
 Metaspace       used 48449K, capacity 50604K, committed 51200K, reserved 1093632K
  class space    used 6410K, capacity 6820K, committed 6912K, reserved 1048576K
Event: 10.431 GC heap after
Heap after GC invocations=93 (full 3):
 def new generation   total 10560K, used 947K [0x00000000f0a00000, 0x00000000f1570000, 0x00000000f5c00000)
  eden space 9408K,   0% used [0x00000000f0a00000, 0x00000000f0a00000, 0x00000000f1330000)
  from space 1152K,  82% used [0x00000000f1330000, 0x00000000f141cfb8, 0x00000000f1450000)
  to   space 1152K,   0% used [0x00000000f1450000, 0x00000000f1450000, 0x00000000f1570000)
 tenured generation   total 23372K, used 15989K [0x00000000f5c00000, 0x00000000f72d3000, 0x0000000100000000)
   the space 23372K,  68% used [0x00000000f5c00000, 0x00000000f6b9d4b8, 0x00000000f6b9d600, 0x00000000f72d3000)
 Metaspace       used 48449K, capacity 50604K, committed 51200K, reserved 1093632K
  class space    used 6410K, capacity 6820K, committed 6912K, reserved 1048576K
}
Event: 10.639 GC heap before
{Heap before GC invocations=93 (full 3):
 def new generation   total 10560K, used 10355K [0x00000000f0a00000, 0x00000000f1570000, 0x00000000f5c00000)
  eden space 9408K, 100% used [0x00000000f0a00000, 0x00000000f1330000, 0x00000000f1330000)
  from space 1152K,  82% used [0x00000000f1330000, 0x00000000f141cfb8, 0x00000000f1450000)
  to   space 1152K,   0% used [0x00000000f1450000, 0x00000000f1450000, 0x00000000f1570000)
 tenured generation   total 23372K, used 15989K [0x00000000f5c00000, 0x00000000f72d3000, 0x0000000100000000)
   the space 23372K,  68% used [0x00000000f5c00000, 0x00000000f6b9d4b8, 0x00000000f6b9d600, 0x00000000f72d3000)
 Metaspace       used 49638K, capacity 51836K, committed 52352K, reserved 1095680K
  class space    used 6567K, capacity 6988K, committed 7040K, reserved 1048576K
Event: 10.644 GC heap after
Heap after GC invocations=94 (full 3):
 def new generation   total 10560K, used 865K [0x00000000f0a00000, 0x00000000f1570000, 0x00000000f5c00000)
  eden space 9408K,   0% used [0x00000000f0a00000, 0x00000000f0a00000, 0x00000000f1330000)
  from space 1152K,  75% used [0x00000000f1450000, 0x00000000f15284b8, 0x00000000f1570000)
  to   space 1152K,   0% used [0x00000000f1330000, 0x00000000f1330000, 0x00000000f1450000)
 tenured generation   total 23372K, used 16275K [0x00000000f5c00000, 0x00000000f72d3000, 0x0000000100000000)
   the space 23372K,  69% used [0x00000000f5c00000, 0x00000000f6be4d88, 0x00000000f6be4e00, 0x00000000f72d3000)
 Metaspace       used 49638K, capacity 51836K, committed 52352K, reserved 1095680K
  class space    used 6567K, capacity 6988K, committed 7040K, reserved 1048576K
}
Event: 10.814 GC heap before
{Heap before GC invocations=94 (full 3):
 def new generation   total 10560K, used 10273K [0x00000000f0a00000, 0x00000000f1570000, 0x00000000f5c00000)
  eden space 9408K, 100% used [0x00000000f0a00000, 0x00000000f1330000, 0x00000000f1330000)
  from space 1152K,  75% used [0x00000000f1450000, 0x00000000f15284b8, 0x00000000f1570000)
  to   space 1152K,   0% used [0x00000000f1330000, 0x00000000f1330000, 0x00000000f1450000)
 tenured generation   total 23372K, used 16275K [0x00000000f5c00000, 0x00000000f72d3000, 0x0000000100000000)
   the space 23372K,  69% used [0x00000000f5c00000, 0x00000000f6be4d88, 0x00000000f6be4e00, 0x00000000f72d3000)
 Metaspace       used 50619K, capacity 52868K, committed 53376K, reserved 1095680K
  class space    used 6768K, capacity 7192K, committed 7296K, reserved 1048576K
Event: 10.818 GC heap after
Heap after GC invocations=95 (full 3):
 def new generation   total 10560K, used 1098K [0x00000000f0a00000, 0x00000000f1570000, 0x00000000f5c00000)
  eden space 9408K,   0% used [0x00000000f0a00000, 0x00000000f0a00000, 0x00000000f1330000)
  from space 1152K,  95% used [0x00000000f1330000, 0x00000000f14429c8, 0x00000000f1450000)
  to   space 1152K,   0% used [0x00000000f1450000, 0x00000000f1450000, 0x00000000f1570000)
 tenured generation   total 23372K, used 16415K [0x00000000f5c00000, 0x00000000f72d3000, 0x0000000100000000)
   the space 23372K,  70% used [0x00000000f5c00000, 0x00000000f6c07ec8, 0x00000000f6c08000, 0x00000000f72d3000)
 Metaspace       used 50619K, capacity 52868K, committed 53376K, reserved 1095680K
  class space    used 6768K, capacity 7192K, committed 7296K, reserved 1048576K
}
Event: 11.067 GC heap before
{Heap before GC invocations=95 (full 3):
 def new generation   total 10560K, used 10506K [0x00000000f0a00000, 0x00000000f1570000, 0x00000000f5c00000)
  eden space 9408K, 100% used [0x00000000f0a00000, 0x00000000f1330000, 0x00000000f1330000)
  from space 1152K,  95% used [0x00000000f1330000, 0x00000000f14429c8, 0x00000000f1450000)
  to   space 1152K,   0% used [0x00000000f1450000, 0x00000000f1450000, 0x00000000f1570000)
 tenured generation   total 23372K, used 16415K [0x00000000f5c00000, 0x00000000f72d3000, 0x0000000100000000)
   the space 23372K,  70% used [0x00000000f5c00000, 0x00000000f6c07ec8, 0x00000000f6c08000, 0x00000000f72d3000)
 Metaspace       used 51371K, capacity 53606K, committed 53888K, reserved 1095680K
  class space    used 6891K, capacity 7289K, committed 7296K, reserved 1048576K
Event: 11.070 GC heap after
Heap after GC invocations=96 (full 3):
 def new generation   total 10560K, used 794K [0x00000000f0a00000, 0x00000000f1570000, 0x00000000f5c00000)
  eden space 9408K,   0% used [0x00000000f0a00000, 0x00000000f0a00000, 0x00000000f1330000)
  from space 1152K,  68% used [0x00000000f1450000, 0x00000000f1516ad0, 0x00000000f1570000)
  to   space 1152K,   0% used [0x00000000f1330000, 0x00000000f1330000, 0x00000000f1450000)
 tenured generation   total 23372K, used 16541K [0x00000000f5c00000, 0x00000000f72d3000, 0x0000000100000000)
   the space 23372K,  70% used [0x00000000f5c00000, 0x00000000f6c27530, 0x00000000f6c27600, 0x00000000f72d3000)
 Metaspace       used 51371K, capacity 53606K, committed 53888K, reserved 1095680K
  class space    used 6891K, capacity 7289K, committed 7296K, reserved 1048576K
}
Event: 11.221 GC heap before
{Heap before GC invocations=96 (full 3):
 def new generation   total 10560K, used 10202K [0x00000000f0a00000, 0x00000000f1570000, 0x00000000f5c00000)
  eden space 9408K, 100% used [0x00000000f0a00000, 0x00000000f1330000, 0x00000000f1330000)
  from space 1152K,  68% used [0x00000000f1450000, 0x00000000f1516ad0, 0x00000000f1570000)
  to   space 1152K,   0% used [0x00000000f1330000, 0x00000000f1330000, 0x00000000f1450000)
 tenured generation   total 23372K, used 16541K [0x00000000f5c00000, 0x00000000f72d3000, 0x0000000100000000)
   the space 23372K,  70% used [0x00000000f5c00000, 0x00000000f6c27530, 0x00000000f6c27600, 0x00000000f72d3000)
 Metaspace       used 52187K, capacity 54472K, committed 54912K, reserved 1097728K
  class space    used 7011K, capacity 7450K, committed 7552K, reserved 1048576K
Event: 11.225 GC heap after
Heap after GC invocations=97 (full 3):
 def new generation   total 10560K, used 984K [0x00000000f0a00000, 0x00000000f1570000, 0x00000000f5c00000)
  eden space 9408K,   0% used [0x00000000f0a00000, 0x00000000f0a00000, 0x00000000f1330000)
  from space 1152K,  85% used [0x00000000f1330000, 0x00000000f14263b0, 0x00000000f1450000)
  to   space 1152K,   0% used [0x00000000f1450000, 0x00000000f1450000, 0x00000000f1570000)
 tenured generation   total 23372K, used 16781K [0x00000000f5c00000, 0x00000000f72d3000, 0x0000000100000000)
   the space 23372K,  71% used [0x00000000f5c00000, 0x00000000f6c63618, 0x00000000f6c63800, 0x00000000f72d3000)
 Metaspace       used 52187K, capacity 54472K, committed 54912K, reserved 1097728K
  class space    used 7011K, capacity 7450K, committed 7552K, reserved 1048576K
}
Event: 11.622 GC heap before
{Heap before GC invocations=97 (full 3):
 def new generation   total 10560K, used 10392K [0x00000000f0a00000, 0x00000000f1570000, 0x00000000f5c00000)
  eden space 9408K, 100% used [0x00000000f0a00000, 0x00000000f1330000, 0x00000000f1330000)
  from space 1152K,  85% used [0x00000000f1330000, 0x00000000f14263b0, 0x00000000f1450000)
  to   space 1152K,   0% used [0x00000000f1450000, 0x00000000f1450000, 0x00000000f1570000)
 tenured generation   total 23372K, used 16781K [0x00000000f5c00000, 0x00000000f72d3000, 0x0000000100000000)
   the space 23372K,  71% used [0x00000000f5c00000, 0x00000000f6c63618, 0x00000000f6c63800, 0x00000000f72d3000)
 Metaspace       used 53089K, capacity 55342K, committed 55808K, reserved 1097728K
  class space    used 7183K, capacity 7611K, committed 7680K, reserved 1048576K
Event: 11.626 GC heap after
Heap after GC invocations=98 (full 3):
 def new generation   total 10560K, used 945K [0x00000000f0a00000, 0x00000000f1570000, 0x00000000f5c00000)
  eden space 9408K,   0% used [0x00000000f0a00000, 0x00000000f0a00000, 0x00000000f1330000)
  from space 1152K,  82% used [0x00000000f1450000, 0x00000000f153c438, 0x00000000f1570000)
  to   space 1152K,   0% used [0x00000000f1330000, 0x00000000f1330000, 0x00000000f1450000)
 tenured generation   total 23372K, used 17047K [0x00000000f5c00000, 0x00000000f72d3000, 0x0000000100000000)
   the space 23372K,  72% used [0x00000000f5c00000, 0x00000000f6ca5d08, 0x00000000f6ca5e00, 0x00000000f72d3000)
 Metaspace       used 53089K, capacity 55342K, committed 55808K, reserved 1097728K
  class space    used 7183K, capacity 7611K, committed 7680K, reserved 1048576K
}
Event: 11.820 GC heap before
{Heap before GC invocations=98 (full 3):
 def new generation   total 10560K, used 10353K [0x00000000f0a00000, 0x00000000f1570000, 0x00000000f5c00000)
  eden space 9408K, 100% used [0x00000000f0a00000, 0x00000000f1330000, 0x00000000f1330000)
  from space 1152K,  82% used [0x00000000f1450000, 0x00000000f153c438, 0x00000000f1570000)
  to   space 1152K,   0% used [0x00000000f1330000, 0x00000000f1330000, 0x00000000f1450000)
 tenured generation   total 23372K, used 17047K [0x00000000f5c00000, 0x00000000f72d3000, 0x0000000100000000)
   the space 23372K,  72% used [0x00000000f5c00000, 0x00000000f6ca5d08, 0x00000000f6ca5e00, 0x00000000f72d3000)
 Metaspace       used 53167K, capacity 55446K, committed 55808K, reserved 1097728K
  class space    used 7194K, capacity 7645K, committed 7680K, reserved 1048576K
Event: 11.827 GC heap after
Heap after GC invocations=99 (full 3):
 def new generation   total 10560K, used 1151K [0x00000000f0a00000, 0x00000000f1570000, 0x00000000f5c00000)
  eden space 9408K,   0% used [0x00000000f0a00000, 0x00000000f0a00000, 0x00000000f1330000)
  from space 1152K,  99% used [0x00000000f1330000, 0x00000000f144ffd0, 0x00000000f1450000)
  to   space 1152K,   0% used [0x00000000f1450000, 0x00000000f1450000, 0x00000000f1570000)
 tenured generation   total 23372K, used 17294K [0x00000000f5c00000, 0x00000000f72d3000, 0x0000000100000000)
   the space 23372K,  73% used [0x00000000f5c00000, 0x00000000f6ce3858, 0x00000000f6ce3a00, 0x00000000f72d3000)
 Metaspace       used 53167K, capacity 55446K, committed 55808K, reserved 1097728K
  class space    used 7194K, capacity 7645K, committed 7680K, reserved 1048576K
}
Event: 12.054 GC heap before
{Heap before GC invocations=99 (full 3):
 def new generation   total 10560K, used 10559K [0x00000000f0a00000, 0x00000000f1570000, 0x00000000f5c00000)
  eden space 9408K, 100% used [0x00000000f0a00000, 0x00000000f1330000, 0x00000000f1330000)
  from space 1152K,  99% used [0x00000000f1330000, 0x00000000f144ffd0, 0x00000000f1450000)
  to   space 1152K,   0% used [0x00000000f1450000, 0x00000000f1450000, 0x00000000f1570000)
 tenured generation   total 23372K, used 17294K [0x00000000f5c00000, 0x00000000f72d3000, 0x0000000100000000)
   the space 23372K,  73% used [0x00000000f5c00000, 0x00000000f6ce3858, 0x00000000f6ce3a00, 0x00000000f72d3000)
 Metaspace       used 53285K, capacity 55516K, committed 56064K, reserved 1097728K
  class space    used 7209K, capacity 7646K, committed 7680K, reserved 1048576K
Event: 12.057 GC heap after
Heap after GC invocations=100 (full 3):
 def new generation   total 10560K, used 587K [0x00000000f0a00000, 0x00000000f1570000, 0x00000000f5c00000)
  eden space 9408K,   0% used [0x00000000f0a00000, 0x00000000f0a00000, 0x00000000f1330000)
  from space 1152K,  51% used [0x00000000f1450000, 0x00000000f14e2f00, 0x00000000f1570000)
  to   space 1152K,   0% used [0x00000000f1330000, 0x00000000f1330000, 0x00000000f1450000)
 tenured generation   total 23372K, used 17406K [0x00000000f5c00000, 0x00000000f72d3000, 0x0000000100000000)
   the space 23372K,  74% used [0x00000000f5c00000, 0x00000000f6cff970, 0x00000000f6cffa00, 0x00000000f72d3000)
 Metaspace       used 53285K, capacity 55516K, committed 56064K, reserved 1097728K
  class space    used 7209K, capacity 7646K, committed 7680K, reserved 1048576K
}
Event: 12.383 GC heap before
{Heap before GC invocations=100 (full 3):
 def new generation   total 10560K, used 9995K [0x00000000f0a00000, 0x00000000f1570000, 0x00000000f5c00000)
  eden space 9408K, 100% used [0x00000000f0a00000, 0x00000000f1330000, 0x00000000f1330000)
  from space 1152K,  51% used [0x00000000f1450000, 0x00000000f14e2f00, 0x00000000f1570000)
  to   space 1152K,   0% used [0x00000000f1330000, 0x00000000f1330000, 0x00000000f1450000)
 tenured generation   total 23372K, used 17406K [0x00000000f5c00000, 0x00000000f72d3000, 0x0000000100000000)
   the space 23372K,  74% used [0x00000000f5c00000, 0x00000000f6cff970, 0x00000000f6cffa00, 0x00000000f72d3000)
 Metaspace       used 53375K, capacity 55664K, committed 56064K, reserved 1097728K
  class space    used 7217K, capacity 7650K, committed 7680K, reserved 1048576K
Event: 12.394 GC heap after
Heap after GC invocations=101 (full 3):
 def new generation   total 10560K, used 715K [0x00000000f0a00000, 0x00000000f1570000, 0x00000000f5c00000)
  eden space 9408K,   0% used [0x00000000f0a00000, 0x00000000f0a00000, 0x00000000f1330000)
  from space 1152K,  62% used [0x00000000f1330000, 0x00000000f13e2e48, 0x00000000f1450000)
  to   space 1152K,   0% used [0x00000000f1450000, 0x00000000f1450000, 0x00000000f1570000)
 tenured generation   total 23372K, used 17478K [0x00000000f5c00000, 0x00000000f72d3000, 0x0000000100000000)
   the space 23372K,  74% used [0x00000000f5c00000, 0x00000000f6d11820, 0x00000000f6d11a00, 0x00000000f72d3000)
 Metaspace       used 53375K, capacity 55664K, committed 56064K, reserved 1097728K
  class space    used 7217K, capacity 7650K, committed 7680K, reserved 1048576K
}
Event: 12.664 GC heap before
{Heap before GC invocations=101 (full 3):
 def new generation   total 10560K, used 10123K [0x00000000f0a00000, 0x00000000f1570000, 0x00000000f5c00000)
  eden space 9408K, 100% used [0x00000000f0a00000, 0x00000000f1330000, 0x00000000f1330000)
  from space 1152K,  62% used [0x00000000f1330000, 0x00000000f13e2e48, 0x00000000f1450000)
  to   space 1152K,   0% used [0x00000000f1450000, 0x00000000f1450000, 0x00000000f1570000)
 tenured generation   total 23372K, used 17478K [0x00000000f5c00000, 0x00000000f72d3000, 0x0000000100000000)
   the space 23372K,  74% used [0x00000000f5c00000, 0x00000000f6d11820, 0x00000000f6d11a00, 0x00000000f72d3000)
 Metaspace       used 53429K, capacity 55734K, committed 56064K, reserved 1097728K
  class space    used 7222K, capacity 7651K, committed 7680K, reserved 1048576K
Event: 12.668 GC heap after
Heap after GC invocations=102 (full 3):
 def new generation   total 10560K, used 633K [0x00000000f0a00000, 0x00000000f1570000, 0x00000000f5c00000)
  eden space 9408K,   0% used [0x00000000f0a00000, 0x00000000f0a00000, 0x00000000f1330000)
  from space 1152K,  54% used [0x00000000f1450000, 0x00000000f14ee438, 0x00000000f1570000)
  to   space 1152K,   0% used [0x00000000f1330000, 0x00000000f1330000, 0x00000000f1450000)
 tenured generation   total 23372K, used 17742K [0x00000000f5c00000, 0x00000000f72d3000, 0x0000000100000000)
   the space 23372K,  75% used [0x00000000f5c00000, 0x00000000f6d53be8, 0x00000000f6d53c00, 0x00000000f72d3000)
 Metaspace       used 53429K, capacity 55734K, committed 56064K, reserved 1097728K
  class space    used 7222K, capacity 7651K, committed 7680K, reserved 1048576K
}
Event: 13.022 GC heap before
{Heap before GC invocations=102 (full 3):
 def new generation   total 10560K, used 10041K [0x00000000f0a00000, 0x00000000f1570000, 0x00000000f5c00000)
  eden space 9408K, 100% used [0x00000000f0a00000, 0x00000000f1330000, 0x00000000f1330000)
  from space 1152K,  54% used [0x00000000f1450000, 0x00000000f14ee438, 0x00000000f1570000)
  to   space 1152K,   0% used [0x00000000f1330000, 0x00000000f1330000, 0x00000000f1450000)
 tenured generation   total 23372K, used 17742K [0x00000000f5c00000, 0x00000000f72d3000, 0x0000000100000000)
   the space 23372K,  75% used [0x00000000f5c00000, 0x00000000f6d53be8, 0x00000000f6d53c00, 0x00000000f72d3000)
 Metaspace       used 53527K, capacity 55798K, committed 56320K, reserved 1097728K
  class space    used 7228K, capacity 7651K, committed 7680K, reserved 1048576K
Event: 13.026 GC heap after
Heap after GC invocations=103 (full 3):
 def new generation   total 10560K, used 717K [0x00000000f0a00000, 0x00000000f1570000, 0x00000000f5c00000)
  eden space 9408K,   0% used [0x00000000f0a00000, 0x00000000f0a00000, 0x00000000f1330000)
  from space 1152K,  62% used [0x00000000f1330000, 0x00000000f13e3608, 0x00000000f1450000)
  to   space 1152K,   0% used [0x00000000f1450000, 0x00000000f1450000, 0x00000000f1570000)
 tenured generation   total 23372K, used 17919K [0x00000000f5c00000, 0x00000000f72d3000, 0x0000000100000000)
   the space 23372K,  76% used [0x00000000f5c00000, 0x00000000f6d7fc30, 0x00000000f6d7fe00, 0x00000000f72d3000)
 Metaspace       used 53527K, capacity 55798K, committed 56320K, reserved 1097728K
  class space    used 7228K, capacity 7651K, committed 7680K, reserved 1048576K
}
Event: 13.424 GC heap before
{Heap before GC invocations=103 (full 3):
 def new generation   total 10560K, used 10125K [0x00000000f0a00000, 0x00000000f1570000, 0x00000000f5c00000)
  eden space 9408K, 100% used [0x00000000f0a00000, 0x00000000f1330000, 0x00000000f1330000)
  from space 1152K,  62% used [0x00000000f1330000, 0x00000000f13e3608, 0x00000000f1450000)
  to   space 1152K,   0% used [0x00000000f1450000, 0x00000000f1450000, 0x00000000f1570000)
 tenured generation   total 23372K, used 17919K [0x00000000f5c00000, 0x00000000f72d3000, 0x0000000100000000)
   the space 23372K,  76% used [0x00000000f5c00000, 0x00000000f6d7fc30, 0x00000000f6d7fe00, 0x00000000f72d3000)
 Metaspace       used 53963K, capacity 56256K, committed 56704K, reserved 1097728K
  class space    used 7277K, capacity 7694K, committed 7808K, reserved 1048576K
Event: 13.432 GC heap after
Heap after GC invocations=104 (full 3):
 def new generation   total 10560K, used 1030K [0x00000000f0a00000, 0x00000000f1570000, 0x00000000f5c00000)
  eden space 9408K,   0% used [0x00000000f0a00000, 0x00000000f0a00000, 0x00000000f1330000)
  from space 1152K,  89% used [0x00000000f1450000, 0x00000000f1551890, 0x00000000f1570000)
  to   space 1152K,   0% used [0x00000000f1330000, 0x00000000f1330000, 0x00000000f1450000)
 tenured generation   total 23372K, used 18161K [0x00000000f5c00000, 0x00000000f72d3000, 0x0000000100000000)
   the space 23372K,  77% used [0x00000000f5c00000, 0x00000000f6dbc6a8, 0x00000000f6dbc800, 0x00000000f72d3000)
 Metaspace       used 53963K, capacity 56256K, committed 56704K, reserved 1097728K
  class space    used 7277K, capacity 7694K, committed 7808K, reserved 1048576K
}
Event: 13.716 GC heap before
{Heap before GC invocations=104 (full 3):
 def new generation   total 10560K, used 10438K [0x00000000f0a00000, 0x00000000f1570000, 0x00000000f5c00000)
  eden space 9408K, 100% used [0x00000000f0a00000, 0x00000000f1330000, 0x00000000f1330000)
  from space 1152K,  89% used [0x00000000f1450000, 0x00000000f1551890, 0x00000000f1570000)
  to   space 1152K,   0% used [0x00000000f1330000, 0x00000000f1330000, 0x00000000f1450000)
 tenured generation   total 23372K, used 18161K [0x00000000f5c00000, 0x00000000f72d3000, 0x0000000100000000)
   the space 23372K,  77% used [0x00000000f5c00000, 0x00000000f6dbc6a8, 0x00000000f6dbc800, 0x00000000f72d3000)
 Metaspace       used 55269K, capacity 57804K, committed 58112K, reserved 1099776K
  class space    used 7441K, capacity 7908K, committed 7936K, reserved 1048576K
Event: 13.721 GC heap after
Heap after GC invocations=105 (full 3):
 def new generation   total 10560K, used 1068K [0x00000000f0a00000, 0x00000000f1570000, 0x00000000f5c00000)
  eden space 9408K,   0% used [0x00000000f0a00000, 0x00000000f0a00000, 0x00000000f1330000)
  from space 1152K,  92% used [0x00000000f1330000, 0x00000000f143b040, 0x00000000f1450000)
  to   space 1152K,   0% used [0x00000000f1450000, 0x00000000f1450000, 0x00000000f1570000)
 tenured generation   total 23372K, used 18383K [0x00000000f5c00000, 0x00000000f72d3000, 0x0000000100000000)
   the space 23372K,  78% used [0x00000000f5c00000, 0x00000000f6df3c50, 0x00000000f6df3e00, 0x00000000f72d3000)
 Metaspace       used 55269K, capacity 57804K, committed 58112K, reserved 1099776K
  class space    used 7441K, capacity 7908K, committed 7936K, reserved 1048576K
}
Event: 13.923 GC heap before
{Heap before GC invocations=105 (full 3):
 def new generation   total 10560K, used 10476K [0x00000000f0a00000, 0x00000000f1570000, 0x00000000f5c00000)
  eden space 9408K, 100% used [0x00000000f0a00000, 0x00000000f1330000, 0x00000000f1330000)
  from space 1152K,  92% used [0x00000000f1330000, 0x00000000f143b040, 0x00000000f1450000)
  to   space 1152K,   0% used [0x00000000f1450000, 0x00000000f1450000, 0x00000000f1570000)
 tenured generation   total 23372K, used 18383K [0x00000000f5c00000, 0x00000000f72d3000, 0x0000000100000000)
   the space 23372K,  78% used [0x00000000f5c00000, 0x00000000f6df3c50, 0x00000000f6df3e00, 0x00000000f72d3000)
 Metaspace       used 55911K, capacity 58726K, committed 59008K, reserved 1099776K
  class space    used 7543K, capacity 8035K, committed 8064K, reserved 1048576K
Event: 13.928 GC heap after
Heap after GC invocations=106 (full 3):
 def new generation   total 10560K, used 833K [0x00000000f0a00000, 0x00000000f1570000, 0x00000000f5c00000)
  eden space 9408K,   0% used [0x00000000f0a00000, 0x00000000f0a00000, 0x00000000f1330000)
  from space 1152K,  72% used [0x00000000f1450000, 0x00000000f1520480, 0x00000000f1570000)
  to   space 1152K,   0% used [0x00000000f1330000, 0x00000000f1330000, 0x00000000f1450000)
 tenured generation   total 23372K, used 18684K [0x00000000f5c00000, 0x00000000f72d3000, 0x0000000100000000)
   the space 23372K,  79% used [0x00000000f5c00000, 0x00000000f6e3f3e0, 0x00000000f6e3f400, 0x00000000f72d3000)
 Metaspace       used 55911K, capacity 58726K, committed 59008K, reserved 1099776K
  class space    used 7543K, capacity 8035K, committed 8064K, reserved 1048576K
}
Event: 14.111 GC heap before
{Heap before GC invocations=106 (full 3):
 def new generation   total 10560K, used 10241K [0x00000000f0a00000, 0x00000000f1570000, 0x00000000f5c00000)
  eden space 9408K, 100% used [0x00000000f0a00000, 0x00000000f1330000, 0x00000000f1330000)
  from space 1152K,  72% used [0x00000000f1450000, 0x00000000f1520480, 0x00000000f1570000)
  to   space 1152K,   0% used [0x00000000f1330000, 0x00000000f1330000, 0x00000000f1450000)
 tenured generation   total 23372K, used 18684K [0x00000000f5c00000, 0x00000000f72d3000, 0x0000000100000000)
   the space 23372K,  79% used [0x00000000f5c00000, 0x00000000f6e3f3e0, 0x00000000f6e3f400, 0x00000000f72d3000)
 Metaspace       used 56606K, capacity 59458K, committed 59648K, reserved 1101824K
  class space    used 7632K, capacity 8121K, committed 8192K, reserved 1048576K
Event: 14.119 GC heap after
Heap after GC invocations=107 (full 3):
 def new generation   total 10560K, used 1149K [0x00000000f0a00000, 0x00000000f1570000, 0x00000000f5c00000)
  eden space 9408K,   0% used [0x00000000f0a00000, 0x00000000f0a00000, 0x00000000f1330000)
  from space 1152K,  99% used [0x00000000f1330000, 0x00000000f144f680, 0x00000000f1450000)
  to   space 1152K,   0% used [0x00000000f1450000, 0x00000000f1450000, 0x00000000f1570000)
 tenured generation   total 23372K, used 19022K [0x00000000f5c00000, 0x00000000f72d3000, 0x0000000100000000)
   the space 23372K,  81% used [0x00000000f5c00000, 0x00000000f6e93a98, 0x00000000f6e93c00, 0x00000000f72d3000)
 Metaspace       used 56606K, capacity 59458K, committed 59648K, reserved 1101824K
  class space    used 7632K, capacity 8121K, committed 8192K, reserved 1048576K
}
Event: 14.344 GC heap before
{Heap before GC invocations=107 (full 3):
 def new generation   total 10560K, used 10557K [0x00000000f0a00000, 0x00000000f1570000, 0x00000000f5c00000)
  eden space 9408K, 100% used [0x00000000f0a00000, 0x00000000f1330000, 0x00000000f1330000)
  from space 1152K,  99% used [0x00000000f1330000, 0x00000000f144f680, 0x00000000f1450000)
  to   space 1152K,   0% used [0x00000000f1450000, 0x00000000f1450000, 0x00000000f1570000)
 tenured generation   total 23372K, used 19022K [0x00000000f5c00000, 0x00000000f72d3000, 0x0000000100000000)
   the space 23372K,  81% used [0x00000000f5c00000, 0x00000000f6e93a98, 0x00000000f6e93c00, 0x00000000f72d3000)
 Metaspace       used 56868K, capacity 59728K, committed 59904K, reserved 1101824K
  class space    used 7664K, capacity 8160K, committed 8192K, reserved 1048576K
Event: 14.349 GC heap after
Heap after GC invocations=108 (full 3):
 def new generation   total 10560K, used 538K [0x00000000f0a00000, 0x00000000f1570000, 0x00000000f5c00000)
  eden space 9408K,   0% used [0x00000000f0a00000, 0x00000000f0a00000, 0x00000000f1330000)
  from space 1152K,  46% used [0x00000000f1450000, 0x00000000f14d6af0, 0x00000000f1570000)
  to   space 1152K,   0% used [0x00000000f1330000, 0x00000000f1330000, 0x00000000f1450000)
 tenured generation   total 23372K, used 19305K [0x00000000f5c00000, 0x00000000f72d3000, 0x0000000100000000)
   the space 23372K,  82% used [0x00000000f5c00000, 0x00000000f6eda7b0, 0x00000000f6eda800, 0x00000000f72d3000)
 Metaspace       used 56868K, capacity 59728K, committed 59904K, reserved 1101824K
  class space    used 7664K, capacity 8160K, committed 8192K, reserved 1048576K
}
Event: 14.548 GC heap before
{Heap before GC invocations=108 (full 3):
 def new generation   total 10560K, used 9946K [0x00000000f0a00000, 0x00000000f1570000, 0x00000000f5c00000)
  eden space 9408K, 100% used [0x00000000f0a00000, 0x00000000f1330000, 0x00000000f1330000)
  from space 1152K,  46% used [0x00000000f1450000, 0x00000000f14d6af0, 0x00000000f1570000)
  to   space 1152K,   0% used [0x00000000f1330000, 0x00000000f1330000, 0x00000000f1450000)
 tenured generation   total 23372K, used 19305K [0x00000000f5c00000, 0x00000000f72d3000, 0x0000000100000000)
   the space 23372K,  82% used [0x00000000f5c00000, 0x00000000f6eda7b0, 0x00000000f6eda800, 0x00000000f72d3000)
 Metaspace       used 56979K, capacity 59814K, committed 59904K, reserved 1101824K
  class space    used 7670K, capacity 8163K, committed 8192K, reserved 1048576K
Event: 14.553 GC heap after
Heap after GC invocations=109 (full 3):
 def new generation   total 10560K, used 744K [0x00000000f0a00000, 0x00000000f1570000, 0x00000000f5c00000)
  eden space 9408K,   0% used [0x00000000f0a00000, 0x00000000f0a00000, 0x00000000f1330000)
  from space 1152K,  64% used [0x00000000f1330000, 0x00000000f13ea090, 0x00000000f1450000)
  to   space 1152K,   0% used [0x00000000f1450000, 0x00000000f1450000, 0x00000000f1570000)
 tenured generation   total 23372K, used 19305K [0x00000000f5c00000, 0x00000000f72d3000, 0x0000000100000000)
   the space 23372K,  82% used [0x00000000f5c00000, 0x00000000f6eda7b0, 0x00000000f6eda800, 0x00000000f72d3000)
 Metaspace       used 56979K, capacity 59814K, committed 59904K, reserved 1101824K
  class space    used 7670K, capacity 8163K, committed 8192K, reserved 1048576K
}
Event: 14.719 GC heap before
{Heap before GC invocations=109 (full 3):
 def new generation   total 10560K, used 10152K [0x00000000f0a00000, 0x00000000f1570000, 0x00000000f5c00000)
  eden space 9408K, 100% used [0x00000000f0a00000, 0x00000000f1330000, 0x00000000f1330000)
  from space 1152K,  64% used [0x00000000f1330000, 0x00000000f13ea090, 0x00000000f1450000)
  to   space 1152K,   0% used [0x00000000f1450000, 0x00000000f1450000, 0x00000000f1570000)
 tenured generation   total 23372K, used 19305K [0x00000000f5c00000, 0x00000000f72d3000, 0x0000000100000000)
   the space 23372K,  82% used [0x00000000f5c00000, 0x00000000f6eda7b0, 0x00000000f6eda800, 0x00000000f72d3000)
 Metaspace       used 57397K, capacity 60262K, committed 60544K, reserved 1101824K
  class space    used 7717K, capacity 8227K, committed 8320K, reserved 1048576K
Event: 14.725 GC heap after
Heap after GC invocations=110 (full 3):
 def new generation   total 10560K, used 1151K [0x00000000f0a00000, 0x00000000f1570000, 0x00000000f5c00000)
  eden space 9408K,   0% used [0x00000000f0a00000, 0x00000000f0a00000, 0x00000000f1330000)
  from space 1152K,  99% used [0x00000000f1450000, 0x00000000f156fff0, 0x00000000f1570000)
  to   space 1152K,   0% used [0x00000000f1330000, 0x00000000f1330000, 0x00000000f1450000)
 tenured generation   total 23372K, used 19817K [0x00000000f5c00000, 0x00000000f72d3000, 0x0000000100000000)
   the space 23372K,  84% used [0x00000000f5c00000, 0x00000000f6f5a708, 0x00000000f6f5a800, 0x00000000f72d3000)
 Metaspace       used 57397K, capacity 60262K, committed 60544K, reserved 1101824K
  class space    used 7717K, capacity 8227K, committed 8320K, reserved 1048576K
}
Event: 14.789 GC heap before
{Heap before GC invocations=110 (full 3):
 def new generation   total 10560K, used 10559K [0x00000000f0a00000, 0x00000000f1570000, 0x00000000f5c00000)
  eden space 9408K, 100% used [0x00000000f0a00000, 0x00000000f1330000, 0x00000000f1330000)
  from space 1152K,  99% used [0x00000000f1450000, 0x00000000f156fff0, 0x00000000f1570000)
  to   space 1152K,   0% used [0x00000000f1330000, 0x00000000f1330000, 0x00000000f1450000)
 tenured generation   total 23372K, used 19817K [0x00000000f5c00000, 0x00000000f72d3000, 0x0000000100000000)
   the space 23372K,  84% used [0x00000000f5c00000, 0x00000000f6f5a708, 0x00000000f6f5a800, 0x00000000f72d3000)
 Metaspace       used 57401K, capacity 60262K, committed 60544K, reserved 1101824K
  class space    used 7718K, capacity 8227K, committed 8320K, reserved 1048576K
Event: 14.795 GC heap after
Heap after GC invocations=111 (full 3):
 def new generation   total 10560K, used 1136K [0x00000000f0a00000, 0x00000000f1570000, 0x00000000f5c00000)
  eden space 9408K,   0% used [0x00000000f0a00000, 0x00000000f0a00000, 0x00000000f1330000)
  from space 1152K,  98% used [0x00000000f1330000, 0x00000000f144c208, 0x00000000f1450000)
  to   space 1152K,   0% used [0x00000000f1450000, 0x00000000f1450000, 0x00000000f1570000)
 tenured generation   total 23372K, used 20979K [0x00000000f5c00000, 0x00000000f72d3000, 0x0000000100000000)
   the space 23372K,  89% used [0x00000000f5c00000, 0x00000000f707cd20, 0x00000000f707ce00, 0x00000000f72d3000)
 Metaspace       used 57401K, capacity 60262K, committed 60544K, reserved 1101824K
  class space    used 7718K, capacity 8227K, committed 8320K, reserved 1048576K
}
Event: 14.969 GC heap before
{Heap before GC invocations=111 (full 3):
 def new generation   total 10560K, used 10544K [0x00000000f0a00000, 0x00000000f1570000, 0x00000000f5c00000)
  eden space 9408K, 100% used [0x00000000f0a00000, 0x00000000f1330000, 0x00000000f1330000)
  from space 1152K,  98% used [0x00000000f1330000, 0x00000000f144c208, 0x00000000f1450000)
  to   space 1152K,   0% used [0x00000000f1450000, 0x00000000f1450000, 0x00000000f1570000)
 tenured generation   total 23372K, used 20979K [0x00000000f5c00000, 0x00000000f72d3000, 0x0000000100000000)
   the space 23372K,  89% used [0x00000000f5c00000, 0x00000000f707cd20, 0x00000000f707ce00, 0x00000000f72d3000)
 Metaspace       used 57709K, capacity 60838K, committed 61184K, reserved 1101824K
  class space    used 7798K, capacity 8327K, committed 8448K, reserved 1048576K
Event: 14.976 GC heap after
Heap after GC invocations=112 (full 3):
 def new generation   total 10560K, used 836K [0x00000000f0a00000, 0x00000000f1570000, 0x00000000f5c00000)
  eden space 9408K,   0% used [0x00000000f0a00000, 0x00000000f0a00000, 0x00000000f1330000)
  from space 1152K,  72% used [0x00000000f1450000, 0x00000000f1521088, 0x00000000f1570000)
  to   space 1152K,   0% used [0x00000000f1330000, 0x00000000f1330000, 0x00000000f1450000)
 tenured generation   total 23372K, used 21077K [0x00000000f5c00000, 0x00000000f72d3000, 0x0000000100000000)
   the space 23372K,  90% used [0x00000000f5c00000, 0x00000000f7095588, 0x00000000f7095600, 0x00000000f72d3000)
 Metaspace       used 57709K, capacity 60838K, committed 61184K, reserved 1101824K
  class space    used 7798K, capacity 8327K, committed 8448K, reserved 1048576K
}
Event: 15.045 GC heap before
{Heap before GC invocations=112 (full 3):
 def new generation   total 10560K, used 10244K [0x00000000f0a00000, 0x00000000f1570000, 0x00000000f5c00000)
  eden space 9408K, 100% used [0x00000000f0a00000, 0x00000000f1330000, 0x00000000f1330000)
  from space 1152K,  72% used [0x00000000f1450000, 0x00000000f1521088, 0x00000000f1570000)
  to   space 1152K,   0% used [0x00000000f1330000, 0x00000000f1330000, 0x00000000f1450000)
 tenured generation   total 23372K, used 21077K [0x00000000f5c00000, 0x00000000f72d3000, 0x0000000100000000)
   the space 23372K,  90% used [0x00000000f5c00000, 0x00000000f7095588, 0x00000000f7095600, 0x00000000f72d3000)
 Metaspace       used 57711K, capacity 60838K, committed 61184K, reserved 1101824K
  class space    used 7798K, capacity 8327K, committed 8448K, reserved 1048576K
Event: 15.049 GC heap after
Heap after GC invocations=113 (full 3):
 def new generation   total 10560K, used 1142K [0x00000000f0a00000, 0x00000000f1570000, 0x00000000f5c00000)
  eden space 9408K,   0% used [0x00000000f0a00000, 0x00000000f0a00000, 0x00000000f1330000)
  from space 1152K,  99% used [0x00000000f1330000, 0x00000000f144db90, 0x00000000f1450000)
  to   space 1152K,   0% used [0x00000000f1450000, 0x00000000f1450000, 0x00000000f1570000)
 tenured generation   total 23372K, used 22044K [0x00000000f5c00000, 0x00000000f72d3000, 0x0000000100000000)
   the space 23372K,  94% used [0x00000000f5c00000, 0x00000000f7187148, 0x00000000f7187200, 0x00000000f72d3000)
 Metaspace       used 57711K, capacity 60838K, committed 61184K, reserved 1101824K
  class space    used 7798K, capacity 8327K, committed 8448K, reserved 1048576K
}
Event: 15.116 GC heap before
{Heap before GC invocations=113 (full 3):
 def new generation   total 10560K, used 10550K [0x00000000f0a00000, 0x00000000f1570000, 0x00000000f5c00000)
  eden space 9408K, 100% used [0x00000000f0a00000, 0x00000000f1330000, 0x00000000f1330000)
  from space 1152K,  99% used [0x00000000f1330000, 0x00000000f144db90, 0x00000000f1450000)
  to   space 1152K,   0% used [0x00000000f1450000, 0x00000000f1450000, 0x00000000f1570000)
 tenured generation   total 23372K, used 22044K [0x00000000f5c00000, 0x00000000f72d3000, 0x0000000100000000)
   the space 23372K,  94% used [0x00000000f5c00000, 0x00000000f7187148, 0x00000000f7187200, 0x00000000f72d3000)
 Metaspace       used 57726K, capacity 60908K, committed 61184K, reserved 1101824K
  class space    used 7800K, capacity 8328K, committed 8448K, reserved 1048576K
Event: 15.120 GC heap after
Heap after GC invocations=114 (full 3):
 def new generation   total 10560K, used 1152K [0x00000000f0a00000, 0x00000000f1570000, 0x00000000f5c00000)
  eden space 9408K,   0% used [0x00000000f0a00000, 0x00000000f0a00000, 0x00000000f1330000)
  from space 1152K, 100% used [0x00000000f1450000, 0x00000000f1570000, 0x00000000f1570000)
  to   space 1152K,   0% used [0x00000000f1330000, 0x00000000f1330000, 0x00000000f1450000)
 tenured generation   total 23372K, used 22514K [0x00000000f5c00000, 0x00000000f72d3000, 0x0000000100000000)
   the space 23372K,  96% used [0x00000000f5c00000, 0x00000000f71fc908, 0x00000000f71fca00, 0x00000000f72d3000)
 Metaspace       used 57726K, capacity 60908K, committed 61184K, reserved 1101824K
  class space    used 7800K, capacity 8328K, committed 8448K, reserved 1048576K
}
Event: 15.202 GC heap before
{Heap before GC invocations=114 (full 3):
 def new generation   total 10560K, used 10560K [0x00000000f0a00000, 0x00000000f1570000, 0x00000000f5c00000)
  eden space 9408K, 100% used [0x00000000f0a00000, 0x00000000f1330000, 0x00000000f1330000)
  from space 1152K, 100% used [0x00000000f1450000, 0x00000000f1570000, 0x00000000f1570000)
  to   space 1152K,   0% used [0x00000000f1330000, 0x00000000f1330000, 0x00000000f1450000)
 tenured generation   total 23372K, used 22514K [0x00000000f5c00000, 0x00000000f72d3000, 0x0000000100000000)
   the space 23372K,  96% used [0x00000000f5c00000, 0x00000000f71fc908, 0x00000000f71fca00, 0x00000000f72d3000)
 Metaspace       used 57750K, capacity 60938K, committed 61184K, reserved 1101824K
  class space    used 7804K, capacity 8333K, committed 8448K, reserved 1048576K
Event: 15.206 GC heap after
Heap after GC invocations=115 (full 3):
 def new generation   total 10560K, used 1133K [0x00000000f0a00000, 0x00000000f1570000, 0x00000000f5c00000)
  eden space 9408K,   0% used [0x00000000f0a00000, 0x00000000f0a00000, 0x00000000f1330000)
  from space 1152K,  98% used [0x00000000f1330000, 0x00000000f144b590, 0x00000000f1450000)
  to   space 1152K,   0% used [0x00000000f1450000, 0x00000000f1450000, 0x00000000f1570000)
 tenured generation   total 23372K, used 22624K [0x00000000f5c00000, 0x00000000f72d3000, 0x0000000100000000)
   the space 23372K,  96% used [0x00000000f5c00000, 0x00000000f7218260, 0x00000000f7218400, 0x00000000f72d3000)
 Metaspace       used 57750K, capacity 60938K, committed 61184K, reserved 1101824K
  class space    used 7804K, capacity 8333K, committed 8448K, reserved 1048576K
}
Event: 15.265 GC heap before
{Heap before GC invocations=115 (full 3):
 def new generation   total 10560K, used 10541K [0x00000000f0a00000, 0x00000000f1570000, 0x00000000f5c00000)
  eden space 9408K, 100% used [0x00000000f0a00000, 0x00000000f1330000, 0x00000000f1330000)
  from space 1152K,  98% used [0x00000000f1330000, 0x00000000f144b590, 0x00000000f1450000)
  to   space 1152K,   0% used [0x00000000f1450000, 0x00000000f1450000, 0x00000000f1570000)
 tenured generation   total 23372K, used 22624K [0x00000000f5c00000, 0x00000000f72d3000, 0x0000000100000000)
   the space 23372K,  96% used [0x00000000f5c00000, 0x00000000f7218260, 0x00000000f7218400, 0x00000000f72d3000)
 Metaspace       used 57760K, capacity 60938K, committed 61184K, reserved 1101824K
  class space    used 7804K, capacity 8333K, committed 8448K, reserved 1048576K
Event: 15.273 GC heap after
Heap after GC invocations=116 (full 3):
 def new generation   total 10560K, used 1151K [0x00000000f0a00000, 0x00000000f1570000, 0x00000000f5c00000)
  eden space 9408K,   0% used [0x00000000f0a00000, 0x00000000f0a00000, 0x00000000f1330000)
  from space 1152K,  99% used [0x00000000f1450000, 0x00000000f156fff8, 0x00000000f1570000)
  to   space 1152K,   0% used [0x00000000f1330000, 0x00000000f1330000, 0x00000000f1450000)
 tenured generation   total 23372K, used 23088K [0x00000000f5c00000, 0x00000000f72d3000, 0x0000000100000000)
   the space 23372K,  98% used [0x00000000f5c00000, 0x00000000f728c3b0, 0x00000000f728c400, 0x00000000f72d3000)
 Metaspace       used 57760K, capacity 60938K, committed 61184K, reserved 1101824K
  class space    used 7804K, capacity 8333K, committed 8448K, reserved 1048576K
}
Event: 15.372 GC heap before
{Heap before GC invocations=116 (full 3):
 def new generation   total 10560K, used 10559K [0x00000000f0a00000, 0x00000000f1570000, 0x00000000f5c00000)
  eden space 9408K, 100% used [0x00000000f0a00000, 0x00000000f1330000, 0x00000000f1330000)
  from space 1152K,  99% used [0x00000000f1450000, 0x00000000f156fff8, 0x00000000f1570000)
  to   space 1152K,   0% used [0x00000000f1330000, 0x00000000f1330000, 0x00000000f1450000)
 tenured generation   total 23372K, used 23088K [0x00000000f5c00000, 0x00000000f72d3000, 0x0000000100000000)
   the space 23372K,  98% used [0x00000000f5c00000, 0x00000000f728c3b0, 0x00000000f728c400, 0x00000000f72d3000)
 Metaspace       used 57800K, capacity 60990K, committed 61184K, reserved 1101824K
  class space    used 7810K, capacity 8369K, committed 8448K, reserved 1048576K
Event: 15.376 GC heap after
Heap after GC invocations=117 (full 3):
 def new generation   total 10560K, used 1104K [0x00000000f0a00000, 0x00000000f1570000, 0x00000000f5c00000)
  eden space 9408K,   0% used [0x00000000f0a00000, 0x00000000f0a00000, 0x00000000f1330000)
  from space 1152K,  95% used [0x00000000f1330000, 0x00000000f1444330, 0x00000000f1450000)
  to   space 1152K,   0% used [0x00000000f1450000, 0x00000000f1450000, 0x00000000f1570000)
 tenured generation   total 23372K, used 23140K [0x00000000f5c00000, 0x00000000f72d3000, 0x0000000100000000)
   the space 23372K,  99% used [0x00000000f5c00000, 0x00000000f72990e0, 0x00000000f7299200, 0x00000000f72d3000)
 Metaspace       used 57800K, capacity 60990K, committed 61184K, reserved 1101824K
  class space    used 7810K, capacity 8369K, committed 8448K, reserved 1048576K
}
Event: 15.491 GC heap before
{Heap before GC invocations=117 (full 3):
 def new generation   total 10560K, used 10512K [0x00000000f0a00000, 0x00000000f1570000, 0x00000000f5c00000)
  eden space 9408K, 100% used [0x00000000f0a00000, 0x00000000f1330000, 0x00000000f1330000)
  from space 1152K,  95% used [0x00000000f1330000, 0x00000000f1444330, 0x00000000f1450000)
  to   space 1152K,   0% used [0x00000000f1450000, 0x00000000f1450000, 0x00000000f1570000)
 tenured generation   total 23372K, used 23140K [0x00000000f5c00000, 0x00000000f72d3000, 0x0000000100000000)
   the space 23372K,  99% used [0x00000000f5c00000, 0x00000000f72990e0, 0x00000000f7299200, 0x00000000f72d3000)
 Metaspace       used 57911K, capacity 61190K, committed 61440K, reserved 1101824K
  class space    used 7823K, capacity 8371K, committed 8448K, reserved 1048576K
Event: 15.644 GC heap after
Heap after GC invocations=118 (full 4):
 def new generation   total 14912K, used 0K [0x00000000f0a00000, 0x00000000f1a20000, 0x00000000f5c00000)
  eden space 13312K,   0% used [0x00000000f0a00000, 0x00000000f0a00000, 0x00000000f1700000)
  from space 1600K,   0% used [0x00000000f1700000, 0x00000000f1700000, 0x00000000f1890000)
  to   space 1600K,   0% used [0x00000000f1890000, 0x00000000f1890000, 0x00000000f1a20000)
 tenured generation   total 32968K, used 19778K [0x00000000f5c00000, 0x00000000f7c32000, 0x0000000100000000)
   the space 32968K,  59% used [0x00000000f5c00000, 0x00000000f6f50b80, 0x00000000f6f50c00, 0x00000000f7c32000)
 Metaspace       used 57911K, capacity 61190K, committed 61440K, reserved 1101824K
  class space    used 7823K, capacity 8371K, committed 8448K, reserved 1048576K
}
Event: 15.788 GC heap before
{Heap before GC invocations=118 (full 4):
 def new generation   total 14912K, used 13312K [0x00000000f0a00000, 0x00000000f1a20000, 0x00000000f5c00000)
  eden space 13312K, 100% used [0x00000000f0a00000, 0x00000000f1700000, 0x00000000f1700000)
  from space 1600K,   0% used [0x00000000f1700000, 0x00000000f1700000, 0x00000000f1890000)
  to   space 1600K,   0% used [0x00000000f1890000, 0x00000000f1890000, 0x00000000f1a20000)
 tenured generation   total 32968K, used 19778K [0x00000000f5c00000, 0x00000000f7c32000, 0x0000000100000000)
   the space 32968K,  59% used [0x00000000f5c00000, 0x00000000f6f50b80, 0x00000000f6f50c00, 0x00000000f7c32000)
 Metaspace       used 57929K, capacity 61214K, committed 61440K, reserved 1101824K
  class space    used 7829K, capacity 8375K, committed 8448K, reserved 1048576K
Event: 15.793 GC heap after
Heap after GC invocations=119 (full 4):
 def new generation   total 14912K, used 1005K [0x00000000f0a00000, 0x00000000f1a20000, 0x00000000f5c00000)
  eden space 13312K,   0% used [0x00000000f0a00000, 0x00000000f0a00000, 0x00000000f1700000)
  from space 1600K,  62% used [0x00000000f1890000, 0x00000000f198b450, 0x00000000f1a20000)
  to   space 1600K,   0% used [0x00000000f1700000, 0x00000000f1700000, 0x00000000f1890000)
 tenured generation   total 32968K, used 19778K [0x00000000f5c00000, 0x00000000f7c32000, 0x0000000100000000)
   the space 32968K,  59% used [0x00000000f5c00000, 0x00000000f6f50b80, 0x00000000f6f50c00, 0x00000000f7c32000)
 Metaspace       used 57929K, capacity 61214K, committed 61440K, reserved 1101824K
  class space    used 7829K, capacity 8375K, committed 8448K, reserved 1048576K
}
Event: 15.922 GC heap before
{Heap before GC invocations=119 (full 4):
 def new generation   total 14912K, used 14317K [0x00000000f0a00000, 0x00000000f1a20000, 0x00000000f5c00000)
  eden space 13312K, 100% used [0x00000000f0a00000, 0x00000000f1700000, 0x00000000f1700000)
  from space 1600K,  62% used [0x00000000f1890000, 0x00000000f198b450, 0x00000000f1a20000)
  to   space 1600K,   0% used [0x00000000f1700000, 0x00000000f1700000, 0x00000000f1890000)
 tenured generation   total 32968K, used 19778K [0x00000000f5c00000, 0x00000000f7c32000, 0x0000000100000000)
   the space 32968K,  59% used [0x00000000f5c00000, 0x00000000f6f50b80, 0x00000000f6f50c00, 0x00000000f7c32000)
 Metaspace       used 58002K, capacity 61296K, committed 61440K, reserved 1101824K
  class space    used 7851K, capacity 8416K, committed 8448K, reserved 1048576K
Event: 15.927 GC heap after
Heap after GC invocations=120 (full 4):
 def new generation   total 14912K, used 1599K [0x00000000f0a00000, 0x00000000f1a20000, 0x00000000f5c00000)
  eden space 13312K,   0% used [0x00000000f0a00000, 0x00000000f0a00000, 0x00000000f1700000)
  from space 1600K,  99% used [0x00000000f1700000, 0x00000000f188ff98, 0x00000000f1890000)
  to   space 1600K,   0% used [0x00000000f1890000, 0x00000000f1890000, 0x00000000f1a20000)
 tenured generation   total 32968K, used 20196K [0x00000000f5c00000, 0x00000000f7c32000, 0x0000000100000000)
   the space 32968K,  61% used [0x00000000f5c00000, 0x00000000f6fb90d8, 0x00000000f6fb9200, 0x00000000f7c32000)
 Metaspace       used 58002K, capacity 61296K, committed 61440K, reserved 1101824K
  class space    used 7851K, capacity 8416K, committed 8448K, reserved 1048576K
}
Event: 16.193 GC heap before
{Heap before GC invocations=120 (full 4):
 def new generation   total 14912K, used 14911K [0x00000000f0a00000, 0x00000000f1a20000, 0x00000000f5c00000)
  eden space 13312K, 100% used [0x00000000f0a00000, 0x00000000f1700000, 0x00000000f1700000)
  from space 1600K,  99% used [0x00000000f1700000, 0x00000000f188ff98, 0x00000000f1890000)
  to   space 1600K,   0% used [0x00000000f1890000, 0x00000000f1890000, 0x00000000f1a20000)
 tenured generation   total 32968K, used 20196K [0x00000000f5c00000, 0x00000000f7c32000, 0x0000000100000000)
   the space 32968K,  61% used [0x00000000f5c00000, 0x00000000f6fb90d8, 0x00000000f6fb9200, 0x00000000f7c32000)
 Metaspace       used 59184K, capacity 62510K, committed 62592K, reserved 1103872K
  class space    used 7970K, capacity 8525K, committed 8576K, reserved 1048576K
Event: 16.213 GC heap after
Heap after GC invocations=121 (full 4):
 def new generation   total 14912K, used 1596K [0x00000000f0a00000, 0x00000000f1a20000, 0x00000000f5c00000)
  eden space 13312K,   0% used [0x00000000f0a00000, 0x00000000f0a00000, 0x00000000f1700000)
  from space 1600K,  99% used [0x00000000f1890000, 0x00000000f1a1f320, 0x00000000f1a20000)
  to   space 1600K,   0% used [0x00000000f1700000, 0x00000000f1700000, 0x00000000f1890000)
 tenured generation   total 32968K, used 20461K [0x00000000f5c00000, 0x00000000f7c32000, 0x0000000100000000)
   the space 32968K,  62% used [0x00000000f5c00000, 0x00000000f6ffb590, 0x00000000f6ffb600, 0x00000000f7c32000)
 Metaspace       used 59184K, capacity 62510K, committed 62592K, reserved 1103872K
  class space    used 7970K, capacity 8525K, committed 8576K, reserved 1048576K
}
Event: 16.419 GC heap before
{Heap before GC invocations=121 (full 4):
 def new generation   total 14912K, used 14908K [0x00000000f0a00000, 0x00000000f1a20000, 0x00000000f5c00000)
  eden space 13312K, 100% used [0x00000000f0a00000, 0x00000000f1700000, 0x00000000f1700000)
  from space 1600K,  99% used [0x00000000f1890000, 0x00000000f1a1f320, 0x00000000f1a20000)
  to   space 1600K,   0% used [0x00000000f1700000, 0x00000000f1700000, 0x00000000f1890000)
 tenured generation   total 32968K, used 20461K [0x00000000f5c00000, 0x00000000f7c32000, 0x0000000100000000)
   the space 32968K,  62% used [0x00000000f5c00000, 0x00000000f6ffb590, 0x00000000f6ffb600, 0x00000000f7c32000)
 Metaspace       used 60404K, capacity 63726K, committed 63872K, reserved 1103872K
  class space    used 8150K, capacity 8717K, committed 8832K, reserved 1048576K
Event: 16.425 GC heap after
Heap after GC invocations=122 (full 4):
 def new generation   total 14912K, used 1557K [0x00000000f0a00000, 0x00000000f1a20000, 0x00000000f5c00000)
  eden space 13312K,   0% used [0x00000000f0a00000, 0x00000000f0a00000, 0x00000000f1700000)
  from space 1600K,  97% used [0x00000000f1700000, 0x00000000f1885428, 0x00000000f1890000)
  to   space 1600K,   0% used [0x00000000f1890000, 0x00000000f1890000, 0x00000000f1a20000)
 tenured generation   total 32968K, used 20643K [0x00000000f5c00000, 0x00000000f7c32000, 0x0000000100000000)
   the space 32968K,  62% used [0x00000000f5c00000, 0x00000000f7028ec0, 0x00000000f7029000, 0x00000000f7c32000)
 Metaspace       used 60404K, capacity 63726K, committed 63872K, reserved 1103872K
  class space    used 8150K, capacity 8717K, committed 8832K, reserved 1048576K
}
Event: 16.708 GC heap before
{Heap before GC invocations=122 (full 4):
 def new generation   total 14912K, used 14869K [0x00000000f0a00000, 0x00000000f1a20000, 0x00000000f5c00000)
  eden space 13312K, 100% used [0x00000000f0a00000, 0x00000000f1700000, 0x00000000f1700000)
  from space 1600K,  97% used [0x00000000f1700000, 0x00000000f1885428, 0x00000000f1890000)
  to   space 1600K,   0% used [0x00000000f1890000, 0x00000000f1890000, 0x00000000f1a20000)
 tenured generation   total 32968K, used 20643K [0x00000000f5c00000, 0x00000000f7c32000, 0x0000000100000000)
   the space 32968K,  62% used [0x00000000f5c00000, 0x00000000f7028ec0, 0x00000000f7029000, 0x00000000f7c32000)
 Metaspace       used 60810K, capacity 64162K, committed 64384K, reserved 1105920K
  class space    used 8208K, capacity 8779K, committed 8832K, reserved 1048576K
Event: 16.719 GC heap after
Heap after GC invocations=123 (full 4):
 def new generation   total 14912K, used 1228K [0x00000000f0a00000, 0x00000000f1a20000, 0x00000000f5c00000)
  eden space 13312K,   0% used [0x00000000f0a00000, 0x00000000f0a00000, 0x00000000f1700000)
  from space 1600K,  76% used [0x00000000f1890000, 0x00000000f19c3370, 0x00000000f1a20000)
  to   space 1600K,   0% used [0x00000000f1700000, 0x00000000f1700000, 0x00000000f1890000)
 tenured generation   total 32968K, used 20772K [0x00000000f5c00000, 0x00000000f7c32000, 0x0000000100000000)
   the space 32968K,  63% used [0x00000000f5c00000, 0x00000000f70493a0, 0x00000000f7049400, 0x00000000f7c32000)
 Metaspace       used 60810K, capacity 64162K, committed 64384K, reserved 1105920K
  class space    used 8208K, capacity 8779K, committed 8832K, reserved 1048576K
}
Event: 16.833 GC heap before
{Heap before GC invocations=123 (full 4):
 def new generation   total 14912K, used 14540K [0x00000000f0a00000, 0x00000000f1a20000, 0x00000000f5c00000)
  eden space 13312K, 100% used [0x00000000f0a00000, 0x00000000f1700000, 0x00000000f1700000)
  from space 1600K,  76% used [0x00000000f1890000, 0x00000000f19c3370, 0x00000000f1a20000)
  to   space 1600K,   0% used [0x00000000f1700000, 0x00000000f1700000, 0x00000000f1890000)
 tenured generation   total 32968K, used 20772K [0x00000000f5c00000, 0x00000000f7c32000, 0x0000000100000000)
   the space 32968K,  63% used [0x00000000f5c00000, 0x00000000f70493a0, 0x00000000f7049400, 0x00000000f7c32000)
 Metaspace       used 60856K, capacity 64164K, committed 64384K, reserved 1105920K
  class space    used 8217K, capacity 8780K, committed 8832K, reserved 1048576K
Event: 16.844 GC heap after
Heap after GC invocations=124 (full 4):
 def new generation   total 14912K, used 1599K [0x00000000f0a00000, 0x00000000f1a20000, 0x00000000f5c00000)
  eden space 13312K,   0% used [0x00000000f0a00000, 0x00000000f0a00000, 0x00000000f1700000)
  from space 1600K,  99% used [0x00000000f1700000, 0x00000000f188fff0, 0x00000000f1890000)
  to   space 1600K,   0% used [0x00000000f1890000, 0x00000000f1890000, 0x00000000f1a20000)
 tenured generation   total 32968K, used 21775K [0x00000000f5c00000, 0x00000000f7c32000, 0x0000000100000000)
   the space 32968K,  66% used [0x00000000f5c00000, 0x00000000f7143ec0, 0x00000000f7144000, 0x00000000f7c32000)
 Metaspace       used 60856K, capacity 64164K, committed 64384K, reserved 1105920K
  class space    used 8217K, capacity 8780K, committed 8832K, reserved 1048576K
}
Event: 16.963 GC heap before
{Heap before GC invocations=124 (full 4):
 def new generation   total 14912K, used 14911K [0x00000000f0a00000, 0x00000000f1a20000, 0x00000000f5c00000)
  eden space 13312K, 100% used [0x00000000f0a00000, 0x00000000f1700000, 0x00000000f1700000)
  from space 1600K,  99% used [0x00000000f1700000, 0x00000000f188fff0, 0x00000000f1890000)
  to   space 1600K,   0% used [0x00000000f1890000, 0x00000000f1890000, 0x00000000f1a20000)
 tenured generation   total 32968K, used 21775K [0x00000000f5c00000, 0x00000000f7c32000, 0x0000000100000000)
   the space 32968K,  66% used [0x00000000f5c00000, 0x00000000f7143ec0, 0x00000000f7144000, 0x00000000f7c32000)
 Metaspace       used 61043K, capacity 64394K, committed 64640K, reserved 1105920K
  class space    used 8235K, capacity 8813K, committed 8832K, reserved 1048576K
Event: 16.979 GC heap after
Heap after GC invocations=125 (full 4):
 def new generation   total 14912K, used 1138K [0x00000000f0a00000, 0x00000000f1a20000, 0x00000000f5c00000)
  eden space 13312K,   0% used [0x00000000f0a00000, 0x00000000f0a00000, 0x00000000f1700000)
  from space 1600K,  71% used [0x00000000f1890000, 0x00000000f19acab0, 0x00000000f1a20000)
  to   space 1600K,   0% used [0x00000000f1700000, 0x00000000f1700000, 0x00000000f1890000)
 tenured generation   total 32968K, used 22030K [0x00000000f5c00000, 0x00000000f7c32000, 0x0000000100000000)
   the space 32968K,  66% used [0x00000000f5c00000, 0x00000000f7183808, 0x00000000f7183a00, 0x00000000f7c32000)
 Metaspace       used 61043K, capacity 64394K, committed 64640K, reserved 1105920K
  class space    used 8235K, capacity 8813K, committed 8832K, reserved 1048576K
}
Event: 17.056 GC heap before
{Heap before GC invocations=125 (full 4):
 def new generation   total 14912K, used 14450K [0x00000000f0a00000, 0x00000000f1a20000, 0x00000000f5c00000)
  eden space 13312K, 100% used [0x00000000f0a00000, 0x00000000f1700000, 0x00000000f1700000)
  from space 1600K,  71% used [0x00000000f1890000, 0x00000000f19acab0, 0x00000000f1a20000)
  to   space 1600K,   0% used [0x00000000f1700000, 0x00000000f1700000, 0x00000000f1890000)
 tenured generation   total 32968K, used 22030K [0x00000000f5c00000, 0x00000000f7c32000, 0x0000000100000000)
   the space 32968K,  66% used [0x00000000f5c00000, 0x00000000f7183808, 0x00000000f7183a00, 0x00000000f7c32000)
 Metaspace       used 61045K, capacity 64394K, committed 64640K, reserved 1105920K
  class space    used 8235K, capacity 8813K, committed 8832K, reserved 1048576K
Event: 17.060 GC heap after
Heap after GC invocations=126 (full 4):
 def new generation   total 14912K, used 441K [0x00000000f0a00000, 0x00000000f1a20000, 0x00000000f5c00000)
  eden space 13312K,   0% used [0x00000000f0a00000, 0x00000000f0a00000, 0x00000000f1700000)
  from space 1600K,  27% used [0x00000000f1700000, 0x00000000f176e598, 0x00000000f1890000)
  to   space 1600K,   0% used [0x00000000f1890000, 0x00000000f1890000, 0x00000000f1a20000)
 tenured generation   total 32968K, used 22553K [0x00000000f5c00000, 0x00000000f7c32000, 0x0000000100000000)
   the space 32968K,  68% used [0x00000000f5c00000, 0x00000000f7206740, 0x00000000f7206800, 0x00000000f7c32000)
 Metaspace       used 61045K, capacity 64394K, committed 64640K, reserved 1105920K
  class space    used 8235K, capacity 8813K, committed 8832K, reserved 1048576K
}
Event: 17.128 GC heap before
{Heap before GC invocations=126 (full 4):
 def new generation   total 14912K, used 13753K [0x00000000f0a00000, 0x00000000f1a20000, 0x00000000f5c00000)
  eden space 13312K, 100% used [0x00000000f0a00000, 0x00000000f1700000, 0x00000000f1700000)
  from space 1600K,  27% used [0x00000000f1700000, 0x00000000f176e598, 0x00000000f1890000)
  to   space 1600K,   0% used [0x00000000f1890000, 0x00000000f1890000, 0x00000000f1a20000)
 tenured generation   total 32968K, used 22553K [0x00000000f5c00000, 0x00000000f7c32000, 0x0000000100000000)
   the space 32968K,  68% used [0x00000000f5c00000, 0x00000000f7206740, 0x00000000f7206800, 0x00000000f7c32000)
 Metaspace       used 61045K, capacity 64394K, committed 64640K, reserved 1105920K
  class space    used 8235K, capacity 8813K, committed 8832K, reserved 1048576K
Event: 17.132 GC heap after
Heap after GC invocations=127 (full 4):
 def new generation   total 14912K, used 486K [0x00000000f0a00000, 0x00000000f1a20000, 0x00000000f5c00000)
  eden space 13312K,   0% used [0x00000000f0a00000, 0x00000000f0a00000, 0x00000000f1700000)
  from space 1600K,  30% used [0x00000000f1890000, 0x00000000f19099c8, 0x00000000f1a20000)
  to   space 1600K,   0% used [0x00000000f1700000, 0x00000000f1700000, 0x00000000f1890000)
 tenured generation   total 32968K, used 22553K [0x00000000f5c00000, 0x00000000f7c32000, 0x0000000100000000)
   the space 32968K,  68% used [0x00000000f5c00000, 0x00000000f7206740, 0x00000000f7206800, 0x00000000f7c32000)
 Metaspace       used 61045K, capacity 64394K, committed 64640K, reserved 1105920K
  class space    used 8235K, capacity 8813K, committed 8832K, reserved 1048576K
}
Event: 17.235 GC heap before
{Heap before GC invocations=127 (full 4):
 def new generation   total 14912K, used 13798K [0x00000000f0a00000, 0x00000000f1a20000, 0x00000000f5c00000)
  eden space 13312K, 100% used [0x00000000f0a00000, 0x00000000f1700000, 0x00000000f1700000)
  from space 1600K,  30% used [0x00000000f1890000, 0x00000000f19099c8, 0x00000000f1a20000)
  to   space 1600K,   0% used [0x00000000f1700000, 0x00000000f1700000, 0x00000000f1890000)
 tenured generation   total 32968K, used 22553K [0x00000000f5c00000, 0x00000000f7c32000, 0x0000000100000000)
   the space 32968K,  68% used [0x00000000f5c00000, 0x00000000f7206740, 0x00000000f7206800, 0x00000000f7c32000)
 Metaspace       used 61055K, capacity 64394K, committed 64640K, reserved 1105920K
  class space    used 8235K, capacity 8813K, committed 8832K, reserved 1048576K
Event: 17.247 GC heap after
Heap after GC invocations=128 (full 4):
 def new generation   total 14912K, used 678K [0x00000000f0a00000, 0x00000000f1a20000, 0x00000000f5c00000)
  eden space 13312K,   0% used [0x00000000f0a00000, 0x00000000f0a00000, 0x00000000f1700000)
  from space 1600K,  42% used [0x00000000f1700000, 0x00000000f17a9ab0, 0x00000000f1890000)
  to   space 1600K,   0% used [0x00000000f1890000, 0x00000000f1890000, 0x00000000f1a20000)
 tenured generation   total 32968K, used 22553K [0x00000000f5c00000, 0x00000000f7c32000, 0x0000000100000000)
   the space 32968K,  68% used [0x00000000f5c00000, 0x00000000f7206740, 0x00000000f7206800, 0x00000000f7c32000)
 Metaspace       used 61055K, capacity 64394K, committed 64640K, reserved 1105920K
  class space    used 8235K, capacity 8813K, committed 8832K, reserved 1048576K
}
Event: 17.332 GC heap before
{Heap before GC invocations=128 (full 4):
 def new generation   total 14912K, used 13990K [0x00000000f0a00000, 0x00000000f1a20000, 0x00000000f5c00000)
  eden space 13312K, 100% used [0x00000000f0a00000, 0x00000000f1700000, 0x00000000f1700000)
  from space 1600K,  42% used [0x00000000f1700000, 0x00000000f17a9ab0, 0x00000000f1890000)
  to   space 1600K,   0% used [0x00000000f1890000, 0x00000000f1890000, 0x00000000f1a20000)
 tenured generation   total 32968K, used 22553K [0x00000000f5c00000, 0x00000000f7c32000, 0x0000000100000000)
   the space 32968K,  68% used [0x00000000f5c00000, 0x00000000f7206740, 0x00000000f7206800, 0x00000000f7c32000)
 Metaspace       used 61055K, capacity 64394K, committed 64640K, reserved 1105920K
  class space    used 8235K, capacity 8813K, committed 8832K, reserved 1048576K
Event: 17.339 GC heap after
Heap after GC invocations=129 (full 4):
 def new generation   total 14912K, used 654K [0x00000000f0a00000, 0x00000000f1a20000, 0x00000000f5c00000)
  eden space 13312K,   0% used [0x00000000f0a00000, 0x00000000f0a00000, 0x00000000f1700000)
  from space 1600K,  40% used [0x00000000f1890000, 0x00000000f1933b60, 0x00000000f1a20000)
  to   space 1600K,   0% used [0x00000000f1700000, 0x00000000f1700000, 0x00000000f1890000)
 tenured generation   total 32968K, used 22553K [0x00000000f5c00000, 0x00000000f7c32000, 0x0000000100000000)
   the space 32968K,  68% used [0x00000000f5c00000, 0x00000000f7206740, 0x00000000f7206800, 0x00000000f7c32000)
 Metaspace       used 61055K, capacity 64394K, committed 64640K, reserved 1105920K
  class space    used 8235K, capacity 8813K, committed 8832K, reserved 1048576K
}
Event: 17.412 GC heap before
{Heap before GC invocations=129 (full 4):
 def new generation   total 14912K, used 13966K [0x00000000f0a00000, 0x00000000f1a20000, 0x00000000f5c00000)
  eden space 13312K, 100% used [0x00000000f0a00000, 0x00000000f1700000, 0x00000000f1700000)
  from space 1600K,  40% used [0x00000000f1890000, 0x00000000f1933b60, 0x00000000f1a20000)
  to   space 1600K,   0% used [0x00000000f1700000, 0x00000000f1700000, 0x00000000f1890000)
 tenured generation   total 32968K, used 22553K [0x00000000f5c00000, 0x00000000f7c32000, 0x0000000100000000)
   the space 32968K,  68% used [0x00000000f5c00000, 0x00000000f7206740, 0x00000000f7206800, 0x00000000f7c32000)
 Metaspace       used 61055K, capacity 64394K, committed 64640K, reserved 1105920K
  class space    used 8235K, capacity 8813K, committed 8832K, reserved 1048576K
Event: 17.416 GC heap after
Heap after GC invocations=130 (full 4):
 def new generation   total 14912K, used 627K [0x00000000f0a00000, 0x00000000f1a20000, 0x00000000f5c00000)
  eden space 13312K,   0% used [0x00000000f0a00000, 0x00000000f0a00000, 0x00000000f1700000)
  from space 1600K,  39% used [0x00000000f1700000, 0x00000000f179ce80, 0x00000000f1890000)
  to   space 1600K,   0% used [0x00000000f1890000, 0x00000000f1890000, 0x00000000f1a20000)
 tenured generation   total 32968K, used 22553K [0x00000000f5c00000, 0x00000000f7c32000, 0x0000000100000000)
   the space 32968K,  68% used [0x00000000f5c00000, 0x00000000f7206740, 0x00000000f7206800, 0x00000000f7c32000)
 Metaspace       used 61055K, capacity 64394K, committed 64640K, reserved 1105920K
  class space    used 8235K, capacity 8813K, committed 8832K, reserved 1048576K
}
Event: 17.513 GC heap before
{Heap before GC invocations=130 (full 4):
 def new generation   total 14912K, used 13939K [0x00000000f0a00000, 0x00000000f1a20000, 0x00000000f5c00000)
  eden space 13312K, 100% used [0x00000000f0a00000, 0x00000000f1700000, 0x00000000f1700000)
  from space 1600K,  39% used [0x00000000f1700000, 0x00000000f179ce80, 0x00000000f1890000)
  to   space 1600K,   0% used [0x00000000f1890000, 0x00000000f1890000, 0x00000000f1a20000)
 tenured generation   total 32968K, used 22553K [0x00000000f5c00000, 0x00000000f7c32000, 0x0000000100000000)
   the space 32968K,  68% used [0x00000000f5c00000, 0x00000000f7206740, 0x00000000f7206800, 0x00000000f7c32000)
 Metaspace       used 61058K, capacity 64394K, committed 64640K, reserved 1105920K
  class space    used 8236K, capacity 8813K, committed 8832K, reserved 1048576K
Event: 17.522 GC heap after
Heap after GC invocations=131 (full 4):
 def new generation   total 14912K, used 686K [0x00000000f0a00000, 0x00000000f1a20000, 0x00000000f5c00000)
  eden space 13312K,   0% used [0x00000000f0a00000, 0x00000000f0a00000, 0x00000000f1700000)
  from space 1600K,  42% used [0x00000000f1890000, 0x00000000f193b9e0, 0x00000000f1a20000)
  to   space 1600K,   0% used [0x00000000f1700000, 0x00000000f1700000, 0x00000000f1890000)
 tenured generation   total 32968K, used 22553K [0x00000000f5c00000, 0x00000000f7c32000, 0x0000000100000000)
   the space 32968K,  68% used [0x00000000f5c00000, 0x00000000f7206740, 0x00000000f7206800, 0x00000000f7c32000)
 Metaspace       used 61058K, capacity 64394K, committed 64640K, reserved 1105920K
  class space    used 8236K, capacity 8813K, committed 8832K, reserved 1048576K
}
Event: 17.755 GC heap before
{Heap before GC invocations=131 (full 4):
 def new generation   total 14912K, used 13998K [0x00000000f0a00000, 0x00000000f1a20000, 0x00000000f5c00000)
  eden space 13312K, 100% used [0x00000000f0a00000, 0x00000000f1700000, 0x00000000f1700000)
  from space 1600K,  42% used [0x00000000f1890000, 0x00000000f193b9e0, 0x00000000f1a20000)
  to   space 1600K,   0% used [0x00000000f1700000, 0x00000000f1700000, 0x00000000f1890000)
 tenured generation   total 32968K, used 22553K [0x00000000f5c00000, 0x00000000f7c32000, 0x0000000100000000)
   the space 32968K,  68% used [0x00000000f5c00000, 0x00000000f7206740, 0x00000000f7206800, 0x00000000f7c32000)
 Metaspace       used 61522K, capacity 64856K, committed 65024K, reserved 1105920K
  class space    used 8311K, capacity 8880K, committed 8960K, reserved 1048576K
Event: 17.767 GC heap after
Heap after GC invocations=132 (full 4):
 def new generation   total 14912K, used 1276K [0x00000000f0a00000, 0x00000000f1a20000, 0x00000000f5c00000)
  eden space 13312K,   0% used [0x00000000f0a00000, 0x00000000f0a00000, 0x00000000f1700000)
  from space 1600K,  79% used [0x00000000f1700000, 0x00000000f183f330, 0x00000000f1890000)
  to   space 1600K,   0% used [0x00000000f1890000, 0x00000000f1890000, 0x00000000f1a20000)
 tenured generation   total 32968K, used 22553K [0x00000000f5c00000, 0x00000000f7c32000, 0x0000000100000000)
   the space 32968K,  68% used [0x00000000f5c00000, 0x00000000f7206740, 0x00000000f7206800, 0x00000000f7c32000)
 Metaspace       used 61522K, capacity 64856K, committed 65024K, reserved 1105920K
  class space    used 8311K, capacity 8880K, committed 8960K, reserved 1048576K
}
Event: 17.971 GC heap before
{Heap before GC invocations=132 (full 4):
 def new generation   total 14912K, used 14588K [0x00000000f0a00000, 0x00000000f1a20000, 0x00000000f5c00000)
  eden space 13312K, 100% used [0x00000000f0a00000, 0x00000000f1700000, 0x00000000f1700000)
  from space 1600K,  79% used [0x00000000f1700000, 0x00000000f183f330, 0x00000000f1890000)
  to   space 1600K,   0% used [0x00000000f1890000, 0x00000000f1890000, 0x00000000f1a20000)
 tenured generation   total 32968K, used 22553K [0x00000000f5c00000, 0x00000000f7c32000, 0x0000000100000000)
   the space 32968K,  68% used [0x00000000f5c00000, 0x00000000f7206740, 0x00000000f7206800, 0x00000000f7c32000)
 Metaspace       used 61811K, capacity 65146K, committed 65280K, reserved 1105920K
  class space    used 8353K, capacity 8925K, committed 8960K, reserved 1048576K
Event: 17.979 GC heap after
Heap after GC invocations=133 (full 4):
 def new generation   total 14912K, used 1103K [0x00000000f0a00000, 0x00000000f1a20000, 0x00000000f5c00000)
  eden space 13312K,   0% used [0x00000000f0a00000, 0x00000000f0a00000, 0x00000000f1700000)
  from space 1600K,  68% used [0x00000000f1890000, 0x00000000f19a3e80, 0x00000000f1a20000)
  to   space 1600K,   0% used [0x00000000f1700000, 0x00000000f1700000, 0x00000000f1890000)
 tenured generation   total 32968K, used 22928K [0x00000000f5c00000, 0x00000000f7c32000, 0x0000000100000000)
   the space 32968K,  69% used [0x00000000f5c00000, 0x00000000f7264038, 0x00000000f7264200, 0x00000000f7c32000)
 Metaspace       used 61811K, capacity 65146K, committed 65280K, reserved 1105920K
  class space    used 8353K, capacity 8925K, committed 8960K, reserved 1048576K
}
Event: 18.097 GC heap before
{Heap before GC invocations=133 (full 4):
 def new generation   total 14912K, used 14415K [0x00000000f0a00000, 0x00000000f1a20000, 0x00000000f5c00000)
  eden space 13312K, 100% used [0x00000000f0a00000, 0x00000000f1700000, 0x00000000f1700000)
  from space 1600K,  68% used [0x00000000f1890000, 0x00000000f19a3e80, 0x00000000f1a20000)
  to   space 1600K,   0% used [0x00000000f1700000, 0x00000000f1700000, 0x00000000f1890000)
 tenured generation   total 32968K, used 22928K [0x00000000f5c00000, 0x00000000f7c32000, 0x0000000100000000)
   the space 32968K,  69% used [0x00000000f5c00000, 0x00000000f7264038, 0x00000000f7264200, 0x00000000f7c32000)
 Metaspace       used 61941K, capacity 65306K, committed 65536K, reserved 1105920K
  class space    used 8371K, capacity 8957K, committed 8960K, reserved 1048576K
Event: 18.104 GC heap after
Heap after GC invocations=134 (full 4):
 def new generation   total 14912K, used 1599K [0x00000000f0a00000, 0x00000000f1a20000, 0x00000000f5c00000)
  eden space 13312K,   0% used [0x00000000f0a00000, 0x00000000f0a00000, 0x00000000f1700000)
  from space 1600K,  99% used [0x00000000f1700000, 0x00000000f188ff70, 0x00000000f1890000)
  to   space 1600K,   0% used [0x00000000f1890000, 0x00000000f1890000, 0x00000000f1a20000)
 tenured generation   total 32968K, used 24009K [0x00000000f5c00000, 0x00000000f7c32000, 0x0000000100000000)
   the space 32968K,  72% used [0x00000000f5c00000, 0x00000000f73725a0, 0x00000000f7372600, 0x00000000f7c32000)
 Metaspace       used 61941K, capacity 65306K, committed 65536K, reserved 1105920K
  class space    used 8371K, capacity 8957K, committed 8960K, reserved 1048576K
}

